<?xml version="1.0" encoding="UTF-8" ?>
<testsuite failures="0" time="3.496" errors="2" skipped="0" tests="2" name="NewsDaoTest">
  <properties>
[...]
</properties>
  <testcase time="0.112" classname="NewsDaoTest" name="saveOrUpdateAndGetNews">
    <error message="Could not open Hibernate Session for transaction; nested exception is org.hibernate.exception.GenericJDBCException: Could not open connection" type="org.springframework.transaction.CannotCreateTransactionException">org.springframework.transaction.CannotCreateTransactionException: Could not open Hibernate Session for transaction; nested exception is org.hibernate.exception.GenericJDBCException: Could not open connection
	at org.springframework.orm.hibernate4.HibernateTransactionManager.doBegin(HibernateTransactionManager.java:544)
	at org.springframework.transaction.support.AbstractPlatformTransactionManager.getTransaction(AbstractPlatformTransactionManager.java:373)
	at org.springframework.test.context.transaction.TransactionContext.startTransaction(TransactionContext.java:98)
	at org.springframework.test.context.transaction.TransactionalTestExecutionListener.beforeTestMethod(TransactionalTestExecutionListener.java:200)
	at org.springframework.test.context.TestContextManager.beforeTestMethod(TestContextManager.java:249)
	at org.springframework.test.context.junit4.statements.RunBeforeTestMethodCallbacks.evaluate(RunBeforeTestMethodCallbacks.java:72)
	at org.springframework.test.context.junit4.statements.RunAfterTestMethodCallbacks.evaluate(RunAfterTestMethodCallbacks.java:82)
	at org.springframework.test.context.junit4.statements.SpringRepeat.evaluate(SpringRepeat.java:73)
	at org.junit.runners.ParentRunner.runLeaf(ParentRunner.java:263)
	at org.springframework.test.context.junit4.SpringJUnit4ClassRunner.runChild(SpringJUnit4ClassRunner.java:224)
	at org.springframework.test.context.junit4.SpringJUnit4ClassRunner.runChild(SpringJUnit4ClassRunner.java:83)
	at org.junit.runners.ParentRunner$3.run(ParentRunner.java:231)
	at org.junit.runners.ParentRunner$1.schedule(ParentRunner.java:60)
	at org.junit.runners.ParentRunner.runChildren(ParentRunner.java:229)
	at org.junit.runners.ParentRunner.access$000(ParentRunner.java:50)
	at org.junit.runners.ParentRunner$2.evaluate(ParentRunner.java:222)
	at org.springframework.test.context.junit4.statements.RunBeforeTestClassCallbacks.evaluate(RunBeforeTestClassCallbacks.java:61)
	at org.springframework.test.context.junit4.statements.RunAfterTestClassCallbacks.evaluate(RunAfterTestClassCallbacks.java:68)
	at org.junit.runners.ParentRunner.run(ParentRunner.java:300)
	at org.springframework.test.context.junit4.SpringJUnit4ClassRunner.run(SpringJUnit4ClassRunner.java:163)
	at org.apache.maven.surefire.junit4.JUnit4TestSet.execute(JUnit4TestSet.java:53)
	at org.apache.maven.surefire.junit4.JUnit4Provider.executeTestSet(JUnit4Provider.java:123)
	at org.apache.maven.surefire.junit4.JUnit4Provider.invoke(JUnit4Provider.java:104)
	at sun.reflect.NativeMethodAccessorImpl.invoke0(Native Method)
	at sun.reflect.NativeMethodAccessorImpl.invoke(NativeMethodAccessorImpl.java:57)
	at sun.reflect.DelegatingMethodAccessorImpl.invoke(DelegatingMethodAccessorImpl.java:43)
	at java.lang.reflect.Method.invoke(Method.java:606)
	at org.apache.maven.surefire.util.ReflectionUtils.invokeMethodWithArray(ReflectionUtils.java:164)
	at org.apache.maven.surefire.booter.ProviderFactory$ProviderProxy.invoke(ProviderFactory.java:110)
	at org.apache.maven.surefire.booter.SurefireStarter.invokeProvider(SurefireStarter.java:175)
	at org.apache.maven.surefire.booter.SurefireStarter.runSuitesInProcessWhenForked(SurefireStarter.java:107)
	at org.apache.maven.surefire.booter.ForkedBooter.main(ForkedBooter.java:68)
Caused by: org.hibernate.exception.GenericJDBCException: Could not open connection
	at org.hibernate.exception.internal.StandardSQLExceptionConverter.convert(StandardSQLExceptionConverter.java:54)
	at org.hibernate.engine.jdbc.spi.SqlExceptionHelper.convert(SqlExceptionHelper.java:126)
	at org.hibernate.engine.jdbc.spi.SqlExceptionHelper.convert(SqlExceptionHelper.java:112)
	at org.hibernate.engine.jdbc.internal.LogicalConnectionImpl.obtainConnection(LogicalConnectionImpl.java:235)
	at org.hibernate.engine.jdbc.internal.LogicalConnectionImpl.getConnection(LogicalConnectionImpl.java:171)
	at org.hibernate.internal.SessionImpl.connection(SessionImpl.java:450)
	at org.springframework.orm.hibernate4.HibernateTransactionManager.doBegin(HibernateTransactionManager.java:450)
	... 31 more
Caused by: org.apache.commons.dbcp.SQLNestedException: Cannot create PoolableConnectionFactory (Unknown database &apos;newspaperhibtest&apos;)
	at org.apache.commons.dbcp.BasicDataSource.createPoolableConnectionFactory(BasicDataSource.java:1549)
	at org.apache.commons.dbcp.BasicDataSource.createDataSource(BasicDataSource.java:1388)
	at org.apache.commons.dbcp.BasicDataSource.getConnection(BasicDataSource.java:1044)
	at org.hibernate.engine.jdbc.connections.internal.DatasourceConnectionProviderImpl.getConnection(DatasourceConnectionProviderImpl.java:139)
	at org.hibernate.internal.AbstractSessionImpl$NonContextualJdbcConnectionAccess.obtainConnection(AbstractSessionImpl.java:380)
	at org.hibernate.engine.jdbc.internal.LogicalConnectionImpl.obtainConnection(LogicalConnectionImpl.java:228)
	... 34 more
Caused by: com.mysql.jdbc.exceptions.jdbc4.MySQLSyntaxErrorException: Unknown database &apos;newspaperhibtest&apos;
	at sun.reflect.NativeConstructorAccessorImpl.newInstance0(Native Method)
	at sun.reflect.NativeConstructorAccessorImpl.newInstance(NativeConstructorAccessorImpl.java:57)
	at sun.reflect.DelegatingConstructorAccessorImpl.newInstance(DelegatingConstructorAccessorImpl.java:45)
	at java.lang.reflect.Constructor.newInstance(Constructor.java:526)
	at com.mysql.jdbc.Util.handleNewInstance(Util.java:389)
	at com.mysql.jdbc.Util.getInstance(Util.java:372)
	at com.mysql.jdbc.SQLError.createSQLException(SQLError.java:980)
	at com.mysql.jdbc.MysqlIO.checkErrorPacket(MysqlIO.java:3835)
	at com.mysql.jdbc.MysqlIO.checkErrorPacket(MysqlIO.java:3771)
	at com.mysql.jdbc.MysqlIO.checkErrorPacket(MysqlIO.java:870)
	at com.mysql.jdbc.MysqlIO.proceedHandshakeWithPluggableAuthentication(MysqlIO.java:1659)
	at com.mysql.jdbc.MysqlIO.doHandshake(MysqlIO.java:1206)
	at com.mysql.jdbc.ConnectionImpl.coreConnect(ConnectionImpl.java:2239)
	at com.mysql.jdbc.ConnectionImpl.connectOneTryOnly(ConnectionImpl.java:2270)
	at com.mysql.jdbc.ConnectionImpl.createNewIO(ConnectionImpl.java:2069)
	at com.mysql.jdbc.ConnectionImpl.&lt;init&gt;(ConnectionImpl.java:794)
	at com.mysql.jdbc.JDBC4Connection.&lt;init&gt;(JDBC4Connection.java:44)
	at sun.reflect.NativeConstructorAccessorImpl.newInstance0(Native Method)
	at sun.reflect.NativeConstructorAccessorImpl.newInstance(NativeConstructorAccessorImpl.java:57)
	at sun.reflect.DelegatingConstructorAccessorImpl.newInstance(DelegatingConstructorAccessorImpl.java:45)
	at java.lang.reflect.Constructor.newInstance(Constructor.java:526)
	at com.mysql.jdbc.Util.handleNewInstance(Util.java:389)
	at com.mysql.jdbc.ConnectionImpl.getInstance(ConnectionImpl.java:399)
	at com.mysql.jdbc.NonRegisteringDriver.connect(NonRegisteringDriver.java:325)
	at org.apache.commons.dbcp.DriverConnectionFactory.createConnection(DriverConnectionFactory.java:38)
	at org.apache.commons.dbcp.PoolableConnectionFactory.makeObject(PoolableConnectionFactory.java:582)
	at org.apache.commons.dbcp.BasicDataSource.validateConnectionFactory(BasicDataSource.java:1556)
	at org.apache.commons.dbcp.BasicDataSource.createPoolableConnectionFactory(BasicDataSource.java:1545)
	... 39 more
</error>
    <system-err>org.springframework.test.context.junit4.SpringJUnit4ClassRunner 2015-06-20 15:55:04,058 DEBUG - SpringJUnit4ClassRunner constructor called with [class NewsDaoTest].
org.springframework.test.context.BootstrapUtils 2015-06-20 15:55:04,089 DEBUG - Instantiating TestContextBootstrapper from class [org.springframework.test.context.support.DefaultTestContextBootstrapper]
org.springframework.test.context.support.ContextLoaderUtils 2015-06-20 15:55:04,107 TRACE - Retrieved @ContextConfiguration attributes [{name=, value=[/entities-hib-test.xml], classes=[], loader=interface org.springframework.test.context.ContextLoader, locations=[], initializers=[], inheritLocations=true, inheritInitializers=true}] for declaring class [NewsDaoTest].
org.springframework.test.context.support.ContextLoaderUtils 2015-06-20 15:55:04,112 TRACE - Resolved context configuration attributes: [ContextConfigurationAttributes@5562fb33 declaringClass = &apos;NewsDaoTest&apos;, classes = &apos;{}&apos;, locations = &apos;{/entities-hib-test.xml}&apos;, inheritLocations = true, initializers = &apos;{}&apos;, inheritInitializers = true, name = [null], contextLoaderClass = &apos;org.springframework.test.context.ContextLoader&apos;]
org.springframework.test.context.support.AbstractTestContextBootstrapper 2015-06-20 15:55:04,114 TRACE - Resolving ContextLoader for context configuration attributes [ContextConfigurationAttributes@5562fb33 declaringClass = &apos;NewsDaoTest&apos;, classes = &apos;{}&apos;, locations = &apos;{/entities-hib-test.xml}&apos;, inheritLocations = true, initializers = &apos;{}&apos;, inheritInitializers = true, name = [null], contextLoaderClass = &apos;org.springframework.test.context.ContextLoader&apos;]
org.springframework.test.context.support.AbstractTestContextBootstrapper 2015-06-20 15:55:04,116 TRACE - Using ContextLoader class [org.springframework.test.context.support.DelegatingSmartContextLoader] for test class [NewsDaoTest]
org.springframework.test.context.support.AbstractTestContextBootstrapper 2015-06-20 15:55:04,126 TRACE - Processing locations and classes for context configuration attributes [ContextConfigurationAttributes@5562fb33 declaringClass = &apos;NewsDaoTest&apos;, classes = &apos;{}&apos;, locations = &apos;{/entities-hib-test.xml}&apos;, inheritLocations = true, initializers = &apos;{}&apos;, inheritInitializers = true, name = [null], contextLoaderClass = &apos;org.springframework.test.context.ContextLoader&apos;]
org.springframework.test.context.support.AbstractDelegatingSmartContextLoader 2015-06-20 15:55:04,127 DEBUG - Delegating to GenericXmlContextLoader to process context configuration [ContextConfigurationAttributes@5562fb33 declaringClass = &apos;NewsDaoTest&apos;, classes = &apos;{}&apos;, locations = &apos;{/entities-hib-test.xml}&apos;, inheritLocations = true, initializers = &apos;{}&apos;, inheritInitializers = true, name = [null], contextLoaderClass = &apos;org.springframework.test.context.ContextLoader&apos;].
org.springframework.test.context.support.ApplicationContextInitializerUtils 2015-06-20 15:55:04,128 TRACE - Processing context initializers for context configuration attributes [ContextConfigurationAttributes@5562fb33 declaringClass = &apos;NewsDaoTest&apos;, classes = &apos;{}&apos;, locations = &apos;{classpath:/entities-hib-test.xml}&apos;, inheritLocations = true, initializers = &apos;{}&apos;, inheritInitializers = true, name = [null], contextLoaderClass = &apos;org.springframework.test.context.ContextLoader&apos;]
org.springframework.test.context.support.ActiveProfilesUtils 2015-06-20 15:55:04,130 DEBUG - Could not find an &apos;annotation declaring class&apos; for annotation type [org.springframework.test.context.ActiveProfiles] and class [NewsDaoTest]
org.springframework.test.context.support.AbstractTestContextBootstrapper 2015-06-20 15:55:04,138 DEBUG - @TestExecutionListeners is not present for class [NewsDaoTest]: using defaults.
org.springframework.test.context.support.AbstractTestContextBootstrapper 2015-06-20 15:55:04,146 INFO  - Loaded default TestExecutionListener class names from location [META-INF/spring.factories]: [org.springframework.test.context.web.ServletTestExecutionListener, org.springframework.test.context.support.DependencyInjectionTestExecutionListener, org.springframework.test.context.support.DirtiesContextTestExecutionListener, org.springframework.test.context.transaction.TransactionalTestExecutionListener, org.springframework.test.context.jdbc.SqlScriptsTestExecutionListener]
org.springframework.test.context.support.AbstractTestContextBootstrapper 2015-06-20 15:55:04,207 INFO  - Using TestExecutionListeners: [org.springframework.test.context.web.ServletTestExecutionListener@29d0eefb, org.springframework.test.context.support.DependencyInjectionTestExecutionListener@53f9b62f, org.springframework.test.context.support.DirtiesContextTestExecutionListener@2f27f2bb, org.springframework.test.context.transaction.TransactionalTestExecutionListener@67b0eb2c, org.springframework.test.context.jdbc.SqlScriptsTestExecutionListener@101fcae3]
org.springframework.test.context.TestContextManager 2015-06-20 15:55:04,208 TRACE - Registering TestExecutionListener: org.springframework.test.context.web.ServletTestExecutionListener@29d0eefb
org.springframework.test.context.TestContextManager 2015-06-20 15:55:04,208 TRACE - Registering TestExecutionListener: org.springframework.test.context.support.DependencyInjectionTestExecutionListener@53f9b62f
org.springframework.test.context.TestContextManager 2015-06-20 15:55:04,208 TRACE - Registering TestExecutionListener: org.springframework.test.context.support.DirtiesContextTestExecutionListener@2f27f2bb
org.springframework.test.context.TestContextManager 2015-06-20 15:55:04,210 TRACE - Registering TestExecutionListener: org.springframework.test.context.transaction.TransactionalTestExecutionListener@67b0eb2c
org.springframework.test.context.TestContextManager 2015-06-20 15:55:04,210 TRACE - Registering TestExecutionListener: org.springframework.test.context.jdbc.SqlScriptsTestExecutionListener@101fcae3
org.springframework.test.annotation.ProfileValueUtils 2015-06-20 15:55:04,212 DEBUG - Retrieved @ProfileValueSourceConfiguration [null] for test class [NewsDaoTest]
org.springframework.test.annotation.ProfileValueUtils 2015-06-20 15:55:04,213 DEBUG - Retrieved ProfileValueSource type [class org.springframework.test.annotation.SystemProfileValueSource] for class [NewsDaoTest]
org.springframework.test.annotation.ProfileValueUtils 2015-06-20 15:55:04,213 DEBUG - Retrieved @ProfileValueSourceConfiguration [null] for test class [NewsDaoTest]
org.springframework.test.annotation.ProfileValueUtils 2015-06-20 15:55:04,214 DEBUG - Retrieved ProfileValueSource type [class org.springframework.test.annotation.SystemProfileValueSource] for class [NewsDaoTest]
org.springframework.test.context.TestContextManager 2015-06-20 15:55:04,216 TRACE - beforeTestClass(): class [NewsDaoTest]
org.springframework.test.annotation.ProfileValueUtils 2015-06-20 15:55:04,217 DEBUG - Retrieved @ProfileValueSourceConfiguration [null] for test class [NewsDaoTest]
org.springframework.test.annotation.ProfileValueUtils 2015-06-20 15:55:04,217 DEBUG - Retrieved ProfileValueSource type [class org.springframework.test.annotation.SystemProfileValueSource] for class [NewsDaoTest]
org.springframework.test.context.TestContextManager 2015-06-20 15:55:04,219 TRACE - prepareTestInstance(): instance [NewsDaoTest@6d0e6c33]
org.springframework.test.context.support.DependencyInjectionTestExecutionListener 2015-06-20 15:55:04,220 DEBUG - Performing dependency injection for test context [[DefaultTestContext@584ffe5e testClass = NewsDaoTest, testInstance = NewsDaoTest@6d0e6c33, testMethod = [null], testException = [null], mergedContextConfiguration = [MergedContextConfiguration@6bc4fa9d testClass = NewsDaoTest, locations = &apos;{classpath:/entities-hib-test.xml}&apos;, classes = &apos;{}&apos;, contextInitializerClasses = &apos;[]&apos;, activeProfiles = &apos;{}&apos;, propertySourceLocations = &apos;{}&apos;, propertySourceProperties = &apos;{}&apos;, contextLoader = &apos;org.springframework.test.context.support.DelegatingSmartContextLoader&apos;, parent = [null]]]].
org.springframework.test.context.support.AbstractDelegatingSmartContextLoader 2015-06-20 15:55:04,221 DEBUG - Delegating to GenericXmlContextLoader to load context from [MergedContextConfiguration@6bc4fa9d testClass = NewsDaoTest, locations = &apos;{classpath:/entities-hib-test.xml}&apos;, classes = &apos;{}&apos;, contextInitializerClasses = &apos;[]&apos;, activeProfiles = &apos;{}&apos;, propertySourceLocations = &apos;{}&apos;, propertySourceProperties = &apos;{}&apos;, contextLoader = &apos;org.springframework.test.context.support.DelegatingSmartContextLoader&apos;, parent = [null]].
org.springframework.test.context.support.AbstractGenericContextLoader 2015-06-20 15:55:04,221 DEBUG - Loading ApplicationContext for merged context configuration [[MergedContextConfiguration@6bc4fa9d testClass = NewsDaoTest, locations = &apos;{classpath:/entities-hib-test.xml}&apos;, classes = &apos;{}&apos;, contextInitializerClasses = &apos;[]&apos;, activeProfiles = &apos;{}&apos;, propertySourceLocations = &apos;{}&apos;, propertySourceProperties = &apos;{}&apos;, contextLoader = &apos;org.springframework.test.context.support.DelegatingSmartContextLoader&apos;, parent = [null]]].
org.springframework.core.env.MutablePropertySources 2015-06-20 15:55:04,318 DEBUG - Adding [systemProperties] PropertySource with lowest search precedence
org.springframework.core.env.MutablePropertySources 2015-06-20 15:55:04,321 DEBUG - Adding [systemEnvironment] PropertySource with lowest search precedence
org.springframework.core.env.AbstractEnvironment 2015-06-20 15:55:04,321 DEBUG - Initialized StandardEnvironment with PropertySources [systemProperties,systemEnvironment]
org.springframework.beans.factory.xml.XmlBeanDefinitionReader 2015-06-20 15:55:04,333 INFO  - Loading XML bean definitions from class path resource [entities-hib-test.xml]
org.springframework.beans.factory.xml.DefaultDocumentLoader 2015-06-20 15:55:04,352 DEBUG - Using JAXP provider [com.sun.org.apache.xerces.internal.jaxp.DocumentBuilderFactoryImpl]
org.springframework.beans.factory.xml.PluggableSchemaResolver 2015-06-20 15:55:04,390 TRACE - Trying to resolve XML entity with public id [null] and system id [http://www.springframework.org/schema/beans/spring-beans-3.0.xsd]
org.springframework.beans.factory.xml.PluggableSchemaResolver 2015-06-20 15:55:04,392 DEBUG - Loading schema mappings from [META-INF/spring.schemas]
org.springframework.beans.factory.xml.PluggableSchemaResolver 2015-06-20 15:55:04,397 DEBUG - Loaded schema mappings: {http://www.springframework.org/schema/tx/spring-tx-2.5.xsd=org/springframework/transaction/config/spring-tx-2.5.xsd, http://www.springframework.org/schema/aop/spring-aop-4.1.xsd=org/springframework/aop/config/spring-aop-4.1.xsd, http://www.springframework.org/schema/context/spring-context-3.1.xsd=org/springframework/context/config/spring-context-3.1.xsd, http://www.springframework.org/schema/jdbc/spring-jdbc-4.1.xsd=org/springframework/jdbc/config/spring-jdbc-4.1.xsd, http://www.springframework.org/schema/util/spring-util-3.0.xsd=org/springframework/beans/factory/xml/spring-util-3.0.xsd, http://www.springframework.org/schema/mvc/spring-mvc-4.1.xsd=org/springframework/web/servlet/config/spring-mvc-4.1.xsd, http://www.springframework.org/schema/security/spring-security-3.0.3.xsd=org/springframework/security/config/spring-security-3.0.3.xsd, http://www.springframework.org/schema/security/spring-security-2.0.1.xsd=org/springframework/security/config/spring-security-2.0.1.xsd, http://www.springframework.org/schema/aop/spring-aop-3.2.xsd=org/springframework/aop/config/spring-aop-3.2.xsd, http://www.springframework.org/schema/tool/spring-tool.xsd=org/springframework/beans/factory/xml/spring-tool-4.1.xsd, http://www.springframework.org/schema/lang/spring-lang-4.1.xsd=org/springframework/scripting/config/spring-lang-4.1.xsd, http://www.springframework.org/schema/context/spring-context-4.0.xsd=org/springframework/context/config/spring-context-4.0.xsd, http://www.springframework.org/schema/mvc/spring-mvc-3.2.xsd=org/springframework/web/servlet/config/spring-mvc-3.2.xsd, http://www.springframework.org/schema/tool/spring-tool-4.1.xsd=org/springframework/beans/factory/xml/spring-tool-4.1.xsd, http://www.springframework.org/schema/lang/spring-lang-3.2.xsd=org/springframework/scripting/config/spring-lang-3.2.xsd, http://www.springframework.org/schema/cache/spring-cache-3.2.xsd=org/springframework/cache/config/spring-cache-3.2.xsd, http://www.springframework.org/schema/jee/spring-jee-4.1.xsd=org/springframework/ejb/config/spring-jee-4.1.xsd, http://www.springframework.org/schema/jdbc/spring-jdbc-3.1.xsd=org/springframework/jdbc/config/spring-jdbc-3.1.xsd, http://www.springframework.org/schema/util/spring-util-2.0.xsd=org/springframework/beans/factory/xml/spring-util-2.0.xsd, http://www.springframework.org/schema/tool/spring-tool-3.2.xsd=org/springframework/beans/factory/xml/spring-tool-3.2.xsd, http://www.springframework.org/schema/context/spring-context.xsd=org/springframework/context/config/spring-context-4.1.xsd, http://www.springframework.org/schema/cache/spring-cache-4.1.xsd=org/springframework/cache/config/spring-cache-4.1.xsd, http://www.springframework.org/schema/aop/spring-aop-4.0.xsd=org/springframework/aop/config/spring-aop-4.0.xsd, http://www.springframework.org/schema/security/spring-security-2.0.xsd=org/springframework/security/config/spring-security-2.0.xsd, http://www.springframework.org/schema/jee/spring-jee-3.2.xsd=org/springframework/ejb/config/spring-jee-3.2.xsd, http://www.springframework.org/schema/context/spring-context-3.0.xsd=org/springframework/context/config/spring-context-3.0.xsd, http://www.springframework.org/schema/jdbc/spring-jdbc-4.0.xsd=org/springframework/jdbc/config/spring-jdbc-4.0.xsd, http://www.springframework.org/schema/util/spring-util-2.5.xsd=org/springframework/beans/factory/xml/spring-util-2.5.xsd, http://www.springframework.org/schema/mvc/spring-mvc-4.0.xsd=org/springframework/web/servlet/config/spring-mvc-4.0.xsd, http://www.springframework.org/schema/beans/spring-beans-3.2.xsd=org/springframework/beans/factory/xml/spring-beans-3.2.xsd, http://www.springframework.org/schema/aop/spring-aop-3.1.xsd=org/springframework/aop/config/spring-aop-3.1.xsd, http://www.springframework.org/schema/lang/spring-lang-4.0.xsd=org/springframework/scripting/config/spring-lang-4.0.xsd, http://www.springframework.org/schema/mvc/spring-mvc.xsd=org/springframework/web/servlet/config/spring-mvc-4.1.xsd, http://www.springframework.org/schema/mvc/spring-mvc-3.1.xsd=org/springframework/web/servlet/config/spring-mvc-3.1.xsd, http://www.springframework.org/schema/beans/spring-beans-4.1.xsd=org/springframework/beans/factory/xml/spring-beans-4.1.xsd, http://www.springframework.org/schema/tool/spring-tool-4.0.xsd=org/springframework/beans/factory/xml/spring-tool-4.0.xsd, http://www.springframework.org/schema/tx/spring-tx-3.2.xsd=org/springframework/transaction/config/spring-tx-3.2.xsd, http://www.springframework.org/schema/lang/spring-lang-3.1.xsd=org/springframework/scripting/config/spring-lang-3.1.xsd, http://www.springframework.org/schema/cache/spring-cache-3.1.xsd=org/springframework/cache/config/spring-cache-3.1.xsd, http://www.springframework.org/schema/jee/spring-jee-4.0.xsd=org/springframework/ejb/config/spring-jee-4.0.xsd, http://www.springframework.org/schema/jdbc/spring-jdbc-3.0.xsd=org/springframework/jdbc/config/spring-jdbc-3.0.xsd, http://www.springframework.org/schema/task/spring-task-4.1.xsd=org/springframework/scheduling/config/spring-task-4.1.xsd, http://www.springframework.org/schema/jdbc/spring-jdbc.xsd=org/springframework/jdbc/config/spring-jdbc-4.1.xsd, http://www.springframework.org/schema/tool/spring-tool-3.1.xsd=org/springframework/beans/factory/xml/spring-tool-3.1.xsd, http://www.springframework.org/schema/tx/spring-tx-4.1.xsd=org/springframework/transaction/config/spring-tx-4.1.xsd, http://www.springframework.org/schema/cache/spring-cache-4.0.xsd=org/springframework/cache/config/spring-cache-4.0.xsd, http://www.springframework.org/schema/jee/spring-jee-3.1.xsd=org/springframework/ejb/config/spring-jee-3.1.xsd, http://www.springframework.org/schema/task/spring-task-3.2.xsd=org/springframework/scheduling/config/spring-task-3.2.xsd, http://www.springframework.org/schema/beans/spring-beans-3.1.xsd=org/springframework/beans/factory/xml/spring-beans-3.1.xsd, http://www.springframework.org/schema/util/spring-util.xsd=org/springframework/beans/factory/xml/spring-util-4.1.xsd, http://www.springframework.org/schema/aop/spring-aop-3.0.xsd=org/springframework/aop/config/spring-aop-3.0.xsd, http://www.springframework.org/schema/mvc/spring-mvc-3.0.xsd=org/springframework/web/servlet/config/spring-mvc-3.0.xsd, http://www.springframework.org/schema/beans/spring-beans-4.0.xsd=org/springframework/beans/factory/xml/spring-beans-4.0.xsd, http://www.springframework.org/schema/beans/spring-beans.xsd=org/springframework/beans/factory/xml/spring-beans-4.1.xsd, http://www.springframework.org/schema/security/spring-security-2.0.4.xsd=org/springframework/security/config/spring-security-2.0.4.xsd, http://www.springframework.org/schema/tx/spring-tx-3.1.xsd=org/springframework/transaction/config/spring-tx-3.1.xsd, http://www.springframework.org/schema/lang/spring-lang-3.0.xsd=org/springframework/scripting/config/spring-lang-3.0.xsd, http://www.springframework.org/schema/context/spring-context-2.5.xsd=org/springframework/context/config/spring-context-2.5.xsd, http://www.springframework.org/schema/task/spring-task-4.0.xsd=org/springframework/scheduling/config/spring-task-4.0.xsd, http://www.springframework.org/schema/tool/spring-tool-3.0.xsd=org/springframework/beans/factory/xml/spring-tool-3.0.xsd, http://www.springframework.org/schema/tx/spring-tx-4.0.xsd=org/springframework/transaction/config/spring-tx-4.0.xsd, http://www.springframework.org/schema/aop/spring-aop-2.0.xsd=org/springframework/aop/config/spring-aop-2.0.xsd, http://www.springframework.org/schema/security/spring-security-3.2.xsd=org/springframework/security/config/spring-security-3.2.xsd, http://www.springframework.org/schema/jee/spring-jee-3.0.xsd=org/springframework/ejb/config/spring-jee-3.0.xsd, http://www.springframework.org/schema/util/spring-util-4.1.xsd=org/springframework/beans/factory/xml/spring-util-4.1.xsd, http://www.springframework.org/schema/task/spring-task-3.1.xsd=org/springframework/scheduling/config/spring-task-3.1.xsd, http://www.springframework.org/schema/beans/spring-beans-3.0.xsd=org/springframework/beans/factory/xml/spring-beans-3.0.xsd, http://www.springframework.org/schema/jee/spring-jee.xsd=org/springframework/ejb/config/spring-jee-4.1.xsd, http://www.springframework.org/schema/aop/spring-aop-2.5.xsd=org/springframework/aop/config/spring-aop-2.5.xsd, http://www.springframework.org/schema/lang/spring-lang-2.0.xsd=org/springframework/scripting/config/spring-lang-2.0.xsd, http://www.springframework.org/schema/util/spring-util-3.2.xsd=org/springframework/beans/factory/xml/spring-util-3.2.xsd, http://www.springframework.org/schema/task/spring-task.xsd=org/springframework/scheduling/config/spring-task-4.1.xsd, http://www.springframework.org/schema/tool/spring-tool-2.0.xsd=org/springframework/beans/factory/xml/spring-tool-2.0.xsd, http://www.springframework.org/schema/tx/spring-tx-3.0.xsd=org/springframework/transaction/config/spring-tx-3.0.xsd, http://www.springframework.org/schema/lang/spring-lang-2.5.xsd=org/springframework/scripting/config/spring-lang-2.5.xsd, http://www.springframework.org/schema/jee/spring-jee-2.0.xsd=org/springframework/ejb/config/spring-jee-2.0.xsd, http://www.springframework.org/schema/tool/spring-tool-2.5.xsd=org/springframework/beans/factory/xml/spring-tool-2.5.xsd, http://www.springframework.org/schema/security/spring-security-3.1.xsd=org/springframework/security/config/spring-security-3.1.xsd, http://www.springframework.org/schema/jee/spring-jee-2.5.xsd=org/springframework/ejb/config/spring-jee-2.5.xsd, http://www.springframework.org/schema/util/spring-util-4.0.xsd=org/springframework/beans/factory/xml/spring-util-4.0.xsd, http://www.springframework.org/schema/task/spring-task-3.0.xsd=org/springframework/scheduling/config/spring-task-3.0.xsd, http://www.springframework.org/schema/lang/spring-lang.xsd=org/springframework/scripting/config/spring-lang-4.1.xsd, http://www.springframework.org/schema/context/spring-context-3.2.xsd=org/springframework/context/config/spring-context-3.2.xsd, http://www.springframework.org/schema/util/spring-util-3.1.xsd=org/springframework/beans/factory/xml/spring-util-3.1.xsd, http://www.springframework.org/schema/beans/spring-beans-2.0.xsd=org/springframework/beans/factory/xml/spring-beans-2.0.xsd, http://www.springframework.org/schema/cache/spring-cache.xsd=org/springframework/cache/config/spring-cache-4.1.xsd, http://www.springframework.org/schema/tx/spring-tx.xsd=org/springframework/transaction/config/spring-tx-4.1.xsd, http://www.springframework.org/schema/security/spring-security-2.0.2.xsd=org/springframework/security/config/spring-security-2.0.2.xsd, http://www.springframework.org/schema/context/spring-context-4.1.xsd=org/springframework/context/config/spring-context-4.1.xsd, http://www.springframework.org/schema/beans/spring-beans-2.5.xsd=org/springframework/beans/factory/xml/spring-beans-2.5.xsd, http://www.springframework.org/schema/security/spring-security.xsd=org/springframework/security/config/spring-security-3.2.xsd, http://www.springframework.org/schema/tx/spring-tx-2.0.xsd=org/springframework/transaction/config/spring-tx-2.0.xsd, http://www.springframework.org/schema/security/spring-security-3.0.xsd=org/springframework/security/config/spring-security-3.0.xsd, http://www.springframework.org/schema/jdbc/spring-jdbc-3.2.xsd=org/springframework/jdbc/config/spring-jdbc-3.2.xsd, http://www.springframework.org/schema/aop/spring-aop.xsd=org/springframework/aop/config/spring-aop-4.1.xsd}
org.springframework.beans.factory.xml.PluggableSchemaResolver 2015-06-20 15:55:04,416 DEBUG - Found XML schema [http://www.springframework.org/schema/beans/spring-beans-3.0.xsd] in classpath: org/springframework/beans/factory/xml/spring-beans-3.0.xsd
org.springframework.beans.factory.xml.PluggableSchemaResolver 2015-06-20 15:55:04,488 TRACE - Trying to resolve XML entity with public id [null] and system id [http://www.springframework.org/schema/context/spring-context-3.0.xsd]
org.springframework.beans.factory.xml.PluggableSchemaResolver 2015-06-20 15:55:04,489 DEBUG - Found XML schema [http://www.springframework.org/schema/context/spring-context-3.0.xsd] in classpath: org/springframework/context/config/spring-context-3.0.xsd
org.springframework.beans.factory.xml.PluggableSchemaResolver 2015-06-20 15:55:04,500 TRACE - Trying to resolve XML entity with public id [null] and system id [http://www.springframework.org/schema/tool/spring-tool-3.0.xsd]
org.springframework.beans.factory.xml.PluggableSchemaResolver 2015-06-20 15:55:04,502 DEBUG - Found XML schema [http://www.springframework.org/schema/tool/spring-tool-3.0.xsd] in classpath: org/springframework/beans/factory/xml/spring-tool-3.0.xsd
org.springframework.beans.factory.xml.PluggableSchemaResolver 2015-06-20 15:55:04,513 TRACE - Trying to resolve XML entity with public id [null] and system id [http://www.springframework.org/schema/tx/spring-tx.xsd]
org.springframework.beans.factory.xml.PluggableSchemaResolver 2015-06-20 15:55:04,514 DEBUG - Found XML schema [http://www.springframework.org/schema/tx/spring-tx.xsd] in classpath: org/springframework/transaction/config/spring-tx-4.1.xsd
org.springframework.beans.factory.xml.DefaultBeanDefinitionDocumentReader 2015-06-20 15:55:04,522 DEBUG - Loading bean definitions
org.springframework.beans.factory.xml.DefaultNamespaceHandlerResolver 2015-06-20 15:55:04,533 DEBUG - Loaded NamespaceHandler mappings: {http://www.springframework.org/schema/p=org.springframework.beans.factory.xml.SimplePropertyNamespaceHandler, http://www.springframework.org/schema/mvc=org.springframework.web.servlet.config.MvcNamespaceHandler, http://www.springframework.org/schema/util=org.springframework.beans.factory.xml.UtilNamespaceHandler, http://www.springframework.org/schema/jee=org.springframework.ejb.config.JeeNamespaceHandler, http://www.springframework.org/schema/aop=org.springframework.aop.config.AopNamespaceHandler, http://www.springframework.org/schema/jdbc=org.springframework.jdbc.config.JdbcNamespaceHandler, http://www.springframework.org/schema/cache=org.springframework.cache.config.CacheNamespaceHandler, http://www.springframework.org/schema/c=org.springframework.beans.factory.xml.SimpleConstructorNamespaceHandler, http://www.springframework.org/schema/security=org.springframework.security.config.SecurityNamespaceHandler, http://www.springframework.org/schema/tx=org.springframework.transaction.config.TxNamespaceHandler, http://www.springframework.org/schema/task=org.springframework.scheduling.config.TaskNamespaceHandler, http://www.springframework.org/schema/lang=org.springframework.scripting.config.LangNamespaceHandler, http://www.springframework.org/schema/context=org.springframework.context.config.ContextNamespaceHandler}
org.springframework.beans.factory.support.AbstractBeanDefinitionReader 2015-06-20 15:55:04,579 DEBUG - Loaded 13 bean definitions from location pattern [classpath:/entities-hib-test.xml]
org.springframework.context.support.AbstractApplicationContext 2015-06-20 15:55:04,582 INFO  - Refreshing org.springframework.context.support.GenericApplicationContext@130ce7fb: startup date [Sat Jun 20 15:55:04 MSK 2015]; root of context hierarchy
org.springframework.context.support.AbstractApplicationContext 2015-06-20 15:55:04,582 DEBUG - Bean factory for org.springframework.context.support.GenericApplicationContext@130ce7fb: org.springframework.beans.factory.support.DefaultListableBeanFactory@b20dae: defining beans [org.springframework.context.annotation.internalConfigurationAnnotationProcessor,org.springframework.context.annotation.internalAutowiredAnnotationProcessor,org.springframework.context.annotation.internalRequiredAnnotationProcessor,org.springframework.context.annotation.internalCommonAnnotationProcessor,org.springframework.context.annotation.internalPersistenceAnnotationProcessor,dataSource,sessionFactory,newsDao,transactionManager,org.springframework.aop.config.internalAutoProxyCreator,org.springframework.transaction.annotation.AnnotationTransactionAttributeSource#0,org.springframework.transaction.interceptor.TransactionInterceptor#0,org.springframework.transaction.config.internalTransactionAdvisor]; root of factory hierarchy
org.springframework.beans.factory.support.DefaultSingletonBeanRegistry 2015-06-20 15:55:04,601 DEBUG - Creating shared instance of singleton bean &apos;org.springframework.context.annotation.internalConfigurationAnnotationProcessor&apos;
org.springframework.beans.factory.support.AbstractAutowireCapableBeanFactory 2015-06-20 15:55:04,602 DEBUG - Creating instance of bean &apos;org.springframework.context.annotation.internalConfigurationAnnotationProcessor&apos;
org.springframework.beans.factory.support.AbstractAutowireCapableBeanFactory 2015-06-20 15:55:04,621 DEBUG - Eagerly caching bean &apos;org.springframework.context.annotation.internalConfigurationAnnotationProcessor&apos; to allow for resolving potential circular references
org.springframework.beans.factory.support.AbstractAutowireCapableBeanFactory 2015-06-20 15:55:04,624 DEBUG - Finished creating instance of bean &apos;org.springframework.context.annotation.internalConfigurationAnnotationProcessor&apos;
org.springframework.beans.factory.support.DefaultSingletonBeanRegistry 2015-06-20 15:55:04,711 DEBUG - Creating shared instance of singleton bean &apos;org.springframework.context.annotation.internalAutowiredAnnotationProcessor&apos;
org.springframework.beans.factory.support.AbstractAutowireCapableBeanFactory 2015-06-20 15:55:04,712 DEBUG - Creating instance of bean &apos;org.springframework.context.annotation.internalAutowiredAnnotationProcessor&apos;
org.springframework.beans.factory.annotation.AutowiredAnnotationBeanPostProcessor 2015-06-20 15:55:04,712 INFO  - JSR-330 &apos;javax.inject.Inject&apos; annotation found and supported for autowiring
org.springframework.beans.factory.support.AbstractAutowireCapableBeanFactory 2015-06-20 15:55:04,713 DEBUG - Eagerly caching bean &apos;org.springframework.context.annotation.internalAutowiredAnnotationProcessor&apos; to allow for resolving potential circular references
org.springframework.beans.factory.support.AbstractAutowireCapableBeanFactory 2015-06-20 15:55:04,714 DEBUG - Finished creating instance of bean &apos;org.springframework.context.annotation.internalAutowiredAnnotationProcessor&apos;
org.springframework.beans.factory.support.DefaultSingletonBeanRegistry 2015-06-20 15:55:04,715 DEBUG - Creating shared instance of singleton bean &apos;org.springframework.context.annotation.internalRequiredAnnotationProcessor&apos;
org.springframework.beans.factory.support.AbstractAutowireCapableBeanFactory 2015-06-20 15:55:04,715 DEBUG - Creating instance of bean &apos;org.springframework.context.annotation.internalRequiredAnnotationProcessor&apos;
org.springframework.beans.factory.support.AbstractAutowireCapableBeanFactory 2015-06-20 15:55:04,717 DEBUG - Eagerly caching bean &apos;org.springframework.context.annotation.internalRequiredAnnotationProcessor&apos; to allow for resolving potential circular references
org.springframework.beans.factory.support.AbstractAutowireCapableBeanFactory 2015-06-20 15:55:04,717 DEBUG - Finished creating instance of bean &apos;org.springframework.context.annotation.internalRequiredAnnotationProcessor&apos;
org.springframework.beans.factory.support.DefaultSingletonBeanRegistry 2015-06-20 15:55:04,718 DEBUG - Creating shared instance of singleton bean &apos;org.springframework.context.annotation.internalCommonAnnotationProcessor&apos;
org.springframework.beans.factory.support.AbstractAutowireCapableBeanFactory 2015-06-20 15:55:04,718 DEBUG - Creating instance of bean &apos;org.springframework.context.annotation.internalCommonAnnotationProcessor&apos;
org.springframework.beans.factory.support.AbstractAutowireCapableBeanFactory 2015-06-20 15:55:04,728 DEBUG - Eagerly caching bean &apos;org.springframework.context.annotation.internalCommonAnnotationProcessor&apos; to allow for resolving potential circular references
org.springframework.beans.factory.support.AbstractAutowireCapableBeanFactory 2015-06-20 15:55:04,729 DEBUG - Finished creating instance of bean &apos;org.springframework.context.annotation.internalCommonAnnotationProcessor&apos;
org.springframework.beans.factory.support.DefaultSingletonBeanRegistry 2015-06-20 15:55:04,730 DEBUG - Creating shared instance of singleton bean &apos;org.springframework.context.annotation.internalPersistenceAnnotationProcessor&apos;
org.springframework.beans.factory.support.AbstractAutowireCapableBeanFactory 2015-06-20 15:55:04,730 DEBUG - Creating instance of bean &apos;org.springframework.context.annotation.internalPersistenceAnnotationProcessor&apos;
org.springframework.beans.factory.support.AbstractAutowireCapableBeanFactory 2015-06-20 15:55:04,734 DEBUG - Eagerly caching bean &apos;org.springframework.context.annotation.internalPersistenceAnnotationProcessor&apos; to allow for resolving potential circular references
org.springframework.beans.factory.support.AbstractAutowireCapableBeanFactory 2015-06-20 15:55:04,735 DEBUG - Finished creating instance of bean &apos;org.springframework.context.annotation.internalPersistenceAnnotationProcessor&apos;
org.springframework.beans.factory.support.DefaultSingletonBeanRegistry 2015-06-20 15:55:04,736 DEBUG - Creating shared instance of singleton bean &apos;org.springframework.context.annotation.ConfigurationClassPostProcessor.importAwareProcessor&apos;
org.springframework.beans.factory.support.AbstractAutowireCapableBeanFactory 2015-06-20 15:55:04,736 DEBUG - Creating instance of bean &apos;org.springframework.context.annotation.ConfigurationClassPostProcessor.importAwareProcessor&apos;
org.springframework.beans.factory.support.AbstractAutowireCapableBeanFactory 2015-06-20 15:55:04,737 DEBUG - Eagerly caching bean &apos;org.springframework.context.annotation.ConfigurationClassPostProcessor.importAwareProcessor&apos; to allow for resolving potential circular references
org.springframework.beans.factory.support.AbstractAutowireCapableBeanFactory 2015-06-20 15:55:04,737 DEBUG - Finished creating instance of bean &apos;org.springframework.context.annotation.ConfigurationClassPostProcessor.importAwareProcessor&apos;
org.springframework.beans.factory.support.DefaultSingletonBeanRegistry 2015-06-20 15:55:04,738 DEBUG - Creating shared instance of singleton bean &apos;org.springframework.context.annotation.ConfigurationClassPostProcessor.enhancedConfigurationProcessor&apos;
org.springframework.beans.factory.support.AbstractAutowireCapableBeanFactory 2015-06-20 15:55:04,738 DEBUG - Creating instance of bean &apos;org.springframework.context.annotation.ConfigurationClassPostProcessor.enhancedConfigurationProcessor&apos;
org.springframework.beans.factory.support.AbstractAutowireCapableBeanFactory 2015-06-20 15:55:04,739 DEBUG - Eagerly caching bean &apos;org.springframework.context.annotation.ConfigurationClassPostProcessor.enhancedConfigurationProcessor&apos; to allow for resolving potential circular references
org.springframework.beans.factory.support.AbstractAutowireCapableBeanFactory 2015-06-20 15:55:04,739 DEBUG - Finished creating instance of bean &apos;org.springframework.context.annotation.ConfigurationClassPostProcessor.enhancedConfigurationProcessor&apos;
org.springframework.beans.factory.support.DefaultSingletonBeanRegistry 2015-06-20 15:55:04,740 DEBUG - Creating shared instance of singleton bean &apos;org.springframework.aop.config.internalAutoProxyCreator&apos;
org.springframework.beans.factory.support.AbstractAutowireCapableBeanFactory 2015-06-20 15:55:04,740 DEBUG - Creating instance of bean &apos;org.springframework.aop.config.internalAutoProxyCreator&apos;
org.springframework.beans.factory.support.AbstractAutowireCapableBeanFactory 2015-06-20 15:55:04,752 DEBUG - Eagerly caching bean &apos;org.springframework.aop.config.internalAutoProxyCreator&apos; to allow for resolving potential circular references
org.springframework.core.io.support.SpringFactoriesLoader 2015-06-20 15:55:04,755 TRACE - Loaded [org.springframework.beans.BeanInfoFactory] names: [org.springframework.beans.ExtendedBeanInfoFactory]
org.springframework.beans.CachedIntrospectionResults 2015-06-20 15:55:04,757 TRACE - Getting BeanInfo for class [org.springframework.aop.framework.autoproxy.InfrastructureAdvisorAutoProxyCreator]
org.springframework.beans.CachedIntrospectionResults 2015-06-20 15:55:04,770 TRACE - Caching PropertyDescriptors for class [org.springframework.aop.framework.autoproxy.InfrastructureAdvisorAutoProxyCreator]
org.springframework.beans.CachedIntrospectionResults 2015-06-20 15:55:04,771 TRACE - Found bean property &apos;advisorAdapterRegistry&apos; of type [org.springframework.aop.framework.adapter.AdvisorAdapterRegistry]
org.springframework.beans.CachedIntrospectionResults 2015-06-20 15:55:04,775 TRACE - Found bean property &apos;applyCommonInterceptorsFirst&apos; of type [boolean]
org.springframework.beans.CachedIntrospectionResults 2015-06-20 15:55:04,776 TRACE - Found bean property &apos;beanClassLoader&apos; of type [java.lang.ClassLoader]
org.springframework.beans.CachedIntrospectionResults 2015-06-20 15:55:04,776 TRACE - Found bean property &apos;beanFactory&apos; of type [org.springframework.beans.factory.BeanFactory]
org.springframework.beans.CachedIntrospectionResults 2015-06-20 15:55:04,777 TRACE - Found bean property &apos;class&apos; of type [java.lang.Class]
org.springframework.beans.CachedIntrospectionResults 2015-06-20 15:55:04,778 TRACE - Found bean property &apos;customTargetSourceCreators&apos; of type [[Lorg.springframework.aop.framework.autoproxy.TargetSourceCreator;]
org.springframework.beans.CachedIntrospectionResults 2015-06-20 15:55:04,778 TRACE - Found bean property &apos;exposeProxy&apos; of type [boolean]
org.springframework.beans.CachedIntrospectionResults 2015-06-20 15:55:04,779 TRACE - Found bean property &apos;frozen&apos; of type [boolean]
org.springframework.beans.CachedIntrospectionResults 2015-06-20 15:55:04,779 TRACE - Found bean property &apos;interceptorNames&apos; of type [[Ljava.lang.String;]
org.springframework.beans.CachedIntrospectionResults 2015-06-20 15:55:04,780 TRACE - Found bean property &apos;opaque&apos; of type [boolean]
org.springframework.beans.CachedIntrospectionResults 2015-06-20 15:55:04,781 TRACE - Found bean property &apos;optimize&apos; of type [boolean]
org.springframework.beans.CachedIntrospectionResults 2015-06-20 15:55:04,781 TRACE - Found bean property &apos;order&apos; of type [int]
org.springframework.beans.CachedIntrospectionResults 2015-06-20 15:55:04,782 TRACE - Found bean property &apos;proxyClassLoader&apos; of type [java.lang.ClassLoader]
org.springframework.beans.CachedIntrospectionResults 2015-06-20 15:55:04,782 TRACE - Found bean property &apos;proxyTargetClass&apos; of type [boolean]
org.springframework.beans.factory.support.AbstractAutowireCapableBeanFactory 2015-06-20 15:55:04,789 DEBUG - Finished creating instance of bean &apos;org.springframework.aop.config.internalAutoProxyCreator&apos;
org.springframework.context.support.AbstractApplicationContext 2015-06-20 15:55:04,792 DEBUG - Unable to locate MessageSource with name &apos;messageSource&apos;: using default [org.springframework.context.support.DelegatingMessageSource@24be0cc7]
org.springframework.context.support.AbstractApplicationContext 2015-06-20 15:55:04,794 DEBUG - Unable to locate ApplicationEventMulticaster with name &apos;applicationEventMulticaster&apos;: using default [org.springframework.context.event.SimpleApplicationEventMulticaster@6b973602]
org.springframework.beans.factory.support.DefaultListableBeanFactory 2015-06-20 15:55:04,804 DEBUG - Pre-instantiating singletons in org.springframework.beans.factory.support.DefaultListableBeanFactory@b20dae: defining beans [org.springframework.context.annotation.internalConfigurationAnnotationProcessor,org.springframework.context.annotation.internalAutowiredAnnotationProcessor,org.springframework.context.annotation.internalRequiredAnnotationProcessor,org.springframework.context.annotation.internalCommonAnnotationProcessor,org.springframework.context.annotation.internalPersistenceAnnotationProcessor,dataSource,sessionFactory,newsDao,transactionManager,org.springframework.aop.config.internalAutoProxyCreator,org.springframework.transaction.annotation.AnnotationTransactionAttributeSource#0,org.springframework.transaction.interceptor.TransactionInterceptor#0,org.springframework.transaction.config.internalTransactionAdvisor,org.springframework.context.annotation.ConfigurationClassPostProcessor.importAwareProcessor,org.springframework.context.annotation.ConfigurationClassPostProcessor.enhancedConfigurationProcessor]; root of factory hierarchy
org.springframework.beans.factory.support.AbstractBeanFactory 2015-06-20 15:55:04,804 DEBUG - Returning cached instance of singleton bean &apos;org.springframework.context.annotation.internalConfigurationAnnotationProcessor&apos;
org.springframework.beans.factory.support.AbstractBeanFactory 2015-06-20 15:55:04,805 DEBUG - Returning cached instance of singleton bean &apos;org.springframework.context.annotation.internalAutowiredAnnotationProcessor&apos;
org.springframework.beans.factory.support.AbstractBeanFactory 2015-06-20 15:55:04,805 DEBUG - Returning cached instance of singleton bean &apos;org.springframework.context.annotation.internalRequiredAnnotationProcessor&apos;
org.springframework.beans.factory.support.AbstractBeanFactory 2015-06-20 15:55:04,805 DEBUG - Returning cached instance of singleton bean &apos;org.springframework.context.annotation.internalCommonAnnotationProcessor&apos;
org.springframework.beans.factory.support.AbstractBeanFactory 2015-06-20 15:55:04,806 DEBUG - Returning cached instance of singleton bean &apos;org.springframework.context.annotation.internalPersistenceAnnotationProcessor&apos;
org.springframework.beans.factory.support.DefaultSingletonBeanRegistry 2015-06-20 15:55:04,806 DEBUG - Creating shared instance of singleton bean &apos;dataSource&apos;
org.springframework.beans.factory.support.AbstractAutowireCapableBeanFactory 2015-06-20 15:55:04,806 DEBUG - Creating instance of bean &apos;dataSource&apos;
org.springframework.beans.factory.support.AbstractAutowireCapableBeanFactory 2015-06-20 15:55:04,821 DEBUG - Eagerly caching bean &apos;dataSource&apos; to allow for resolving potential circular references
org.springframework.beans.CachedIntrospectionResults 2015-06-20 15:55:04,821 TRACE - Getting BeanInfo for class [org.apache.commons.dbcp.BasicDataSource]
org.springframework.beans.CachedIntrospectionResults 2015-06-20 15:55:04,826 TRACE - Caching PropertyDescriptors for class [org.apache.commons.dbcp.BasicDataSource]
org.springframework.beans.CachedIntrospectionResults 2015-06-20 15:55:04,827 TRACE - Found bean property &apos;accessToUnderlyingConnectionAllowed&apos; of type [boolean]
org.springframework.beans.CachedIntrospectionResults 2015-06-20 15:55:04,827 TRACE - Found bean property &apos;class&apos; of type [java.lang.Class]
org.springframework.beans.CachedIntrospectionResults 2015-06-20 15:55:04,827 TRACE - Found bean property &apos;closed&apos; of type [boolean]
org.springframework.beans.CachedIntrospectionResults 2015-06-20 15:55:04,828 TRACE - Found bean property &apos;connection&apos; of type [java.sql.Connection]
org.springframework.beans.CachedIntrospectionResults 2015-06-20 15:55:04,828 TRACE - Found bean property &apos;connectionInitSqls&apos; of type [java.util.Collection]
org.springframework.beans.CachedIntrospectionResults 2015-06-20 15:55:04,828 TRACE - Found bean property &apos;connectionProperties&apos; of type [java.lang.String]
org.springframework.beans.CachedIntrospectionResults 2015-06-20 15:55:04,829 TRACE - Found bean property &apos;defaultAutoCommit&apos; of type [boolean]
org.springframework.beans.CachedIntrospectionResults 2015-06-20 15:55:04,829 TRACE - Found bean property &apos;defaultCatalog&apos; of type [java.lang.String]
org.springframework.beans.CachedIntrospectionResults 2015-06-20 15:55:04,829 TRACE - Found bean property &apos;defaultReadOnly&apos; of type [boolean]
org.springframework.beans.CachedIntrospectionResults 2015-06-20 15:55:04,829 TRACE - Found bean property &apos;defaultTransactionIsolation&apos; of type [int]
org.springframework.beans.CachedIntrospectionResults 2015-06-20 15:55:04,830 TRACE - Found bean property &apos;driverClassLoader&apos; of type [java.lang.ClassLoader]
org.springframework.beans.CachedIntrospectionResults 2015-06-20 15:55:04,830 TRACE - Found bean property &apos;driverClassName&apos; of type [java.lang.String]
org.springframework.beans.CachedIntrospectionResults 2015-06-20 15:55:04,830 TRACE - Found bean property &apos;initialSize&apos; of type [int]
org.springframework.beans.CachedIntrospectionResults 2015-06-20 15:55:04,830 TRACE - Found bean property &apos;logAbandoned&apos; of type [boolean]
org.springframework.beans.CachedIntrospectionResults 2015-06-20 15:55:04,831 TRACE - Found bean property &apos;logWriter&apos; of type [java.io.PrintWriter]
org.springframework.beans.CachedIntrospectionResults 2015-06-20 15:55:04,831 TRACE - Found bean property &apos;loginTimeout&apos; of type [int]
org.springframework.beans.CachedIntrospectionResults 2015-06-20 15:55:04,831 TRACE - Found bean property &apos;maxActive&apos; of type [int]
org.springframework.beans.CachedIntrospectionResults 2015-06-20 15:55:04,831 TRACE - Found bean property &apos;maxIdle&apos; of type [int]
org.springframework.beans.CachedIntrospectionResults 2015-06-20 15:55:04,832 TRACE - Found bean property &apos;maxOpenPreparedStatements&apos; of type [int]
org.springframework.beans.CachedIntrospectionResults 2015-06-20 15:55:04,832 TRACE - Found bean property &apos;maxWait&apos; of type [long]
org.springframework.beans.CachedIntrospectionResults 2015-06-20 15:55:04,833 TRACE - Found bean property &apos;minEvictableIdleTimeMillis&apos; of type [long]
org.springframework.beans.CachedIntrospectionResults 2015-06-20 15:55:04,833 TRACE - Found bean property &apos;minIdle&apos; of type [int]
org.springframework.beans.CachedIntrospectionResults 2015-06-20 15:55:04,833 TRACE - Found bean property &apos;numActive&apos; of type [int]
org.springframework.beans.CachedIntrospectionResults 2015-06-20 15:55:04,834 TRACE - Found bean property &apos;numIdle&apos; of type [int]
org.springframework.beans.CachedIntrospectionResults 2015-06-20 15:55:04,835 TRACE - Found bean property &apos;numTestsPerEvictionRun&apos; of type [int]
org.springframework.beans.CachedIntrospectionResults 2015-06-20 15:55:04,835 TRACE - Found bean property &apos;password&apos; of type [java.lang.String]
org.springframework.beans.CachedIntrospectionResults 2015-06-20 15:55:04,836 TRACE - Found bean property &apos;poolPreparedStatements&apos; of type [boolean]
org.springframework.beans.CachedIntrospectionResults 2015-06-20 15:55:04,836 TRACE - Found bean property &apos;removeAbandoned&apos; of type [boolean]
org.springframework.beans.CachedIntrospectionResults 2015-06-20 15:55:04,837 TRACE - Found bean property &apos;removeAbandonedTimeout&apos; of type [int]
org.springframework.beans.CachedIntrospectionResults 2015-06-20 15:55:04,837 TRACE - Found bean property &apos;testOnBorrow&apos; of type [boolean]
org.springframework.beans.CachedIntrospectionResults 2015-06-20 15:55:04,837 TRACE - Found bean property &apos;testOnReturn&apos; of type [boolean]
org.springframework.beans.CachedIntrospectionResults 2015-06-20 15:55:04,838 TRACE - Found bean property &apos;testWhileIdle&apos; of type [boolean]
org.springframework.beans.CachedIntrospectionResults 2015-06-20 15:55:04,838 TRACE - Found bean property &apos;timeBetweenEvictionRunsMillis&apos; of type [long]
org.springframework.beans.CachedIntrospectionResults 2015-06-20 15:55:04,839 TRACE - Found bean property &apos;url&apos; of type [java.lang.String]
org.springframework.beans.CachedIntrospectionResults 2015-06-20 15:55:04,839 TRACE - Found bean property &apos;username&apos; of type [java.lang.String]
org.springframework.beans.CachedIntrospectionResults 2015-06-20 15:55:04,839 TRACE - Found bean property &apos;validationQuery&apos; of type [java.lang.String]
org.springframework.beans.CachedIntrospectionResults 2015-06-20 15:55:04,839 TRACE - Found bean property &apos;validationQueryTimeout&apos; of type [int]
org.springframework.beans.factory.support.DefaultSingletonBeanRegistry 2015-06-20 15:55:04,852 DEBUG - Creating shared instance of singleton bean &apos;org.springframework.transaction.config.internalTransactionAdvisor&apos;
org.springframework.beans.factory.support.AbstractAutowireCapableBeanFactory 2015-06-20 15:55:04,852 DEBUG - Creating instance of bean &apos;org.springframework.transaction.config.internalTransactionAdvisor&apos;
org.springframework.aop.framework.autoproxy.AbstractAutoProxyCreator 2015-06-20 15:55:04,853 TRACE - Did not attempt to auto-proxy infrastructure class [org.springframework.transaction.interceptor.BeanFactoryTransactionAttributeSourceAdvisor]
org.springframework.beans.factory.support.AbstractAutowireCapableBeanFactory 2015-06-20 15:55:04,854 DEBUG - Eagerly caching bean &apos;org.springframework.transaction.config.internalTransactionAdvisor&apos; to allow for resolving potential circular references
org.springframework.beans.CachedIntrospectionResults 2015-06-20 15:55:04,855 TRACE - Getting BeanInfo for class [org.springframework.transaction.interceptor.BeanFactoryTransactionAttributeSourceAdvisor]
org.springframework.beans.CachedIntrospectionResults 2015-06-20 15:55:04,859 TRACE - Caching PropertyDescriptors for class [org.springframework.transaction.interceptor.BeanFactoryTransactionAttributeSourceAdvisor]
org.springframework.beans.CachedIntrospectionResults 2015-06-20 15:55:04,860 TRACE - Found bean property &apos;advice&apos; of type [org.aopalliance.aop.Advice]
org.springframework.beans.CachedIntrospectionResults 2015-06-20 15:55:04,860 TRACE - Found bean property &apos;adviceBeanName&apos; of type [java.lang.String]
org.springframework.beans.CachedIntrospectionResults 2015-06-20 15:55:04,861 TRACE - Found bean property &apos;beanFactory&apos; of type [org.springframework.beans.factory.BeanFactory]
org.springframework.beans.CachedIntrospectionResults 2015-06-20 15:55:04,861 TRACE - Found bean property &apos;class&apos; of type [java.lang.Class]
org.springframework.beans.CachedIntrospectionResults 2015-06-20 15:55:04,862 TRACE - Found bean property &apos;classFilter&apos; of type [org.springframework.aop.ClassFilter]
org.springframework.beans.CachedIntrospectionResults 2015-06-20 15:55:04,862 TRACE - Found bean property &apos;order&apos; of type [int]
org.springframework.beans.CachedIntrospectionResults 2015-06-20 15:55:04,863 TRACE - Found bean property &apos;perInstance&apos; of type [boolean]
org.springframework.beans.CachedIntrospectionResults 2015-06-20 15:55:04,864 TRACE - Found bean property &apos;pointcut&apos; of type [org.springframework.aop.Pointcut]
org.springframework.beans.CachedIntrospectionResults 2015-06-20 15:55:04,864 TRACE - Found bean property &apos;transactionAttributeSource&apos; of type [org.springframework.transaction.interceptor.TransactionAttributeSource]
org.springframework.beans.factory.support.DefaultSingletonBeanRegistry 2015-06-20 15:55:04,865 DEBUG - Creating shared instance of singleton bean &apos;org.springframework.transaction.annotation.AnnotationTransactionAttributeSource#0&apos;
org.springframework.beans.factory.support.AbstractAutowireCapableBeanFactory 2015-06-20 15:55:04,865 DEBUG - Creating instance of bean &apos;org.springframework.transaction.annotation.AnnotationTransactionAttributeSource#0&apos;
org.springframework.beans.factory.support.AbstractAutowireCapableBeanFactory 2015-06-20 15:55:04,866 DEBUG - Eagerly caching bean &apos;org.springframework.transaction.annotation.AnnotationTransactionAttributeSource#0&apos; to allow for resolving potential circular references
org.springframework.beans.CachedIntrospectionResults 2015-06-20 15:55:04,867 TRACE - Getting BeanInfo for class [org.springframework.transaction.annotation.AnnotationTransactionAttributeSource]
org.springframework.beans.CachedIntrospectionResults 2015-06-20 15:55:04,869 TRACE - Caching PropertyDescriptors for class [org.springframework.transaction.annotation.AnnotationTransactionAttributeSource]
org.springframework.beans.CachedIntrospectionResults 2015-06-20 15:55:04,870 TRACE - Found bean property &apos;class&apos; of type [java.lang.Class]
org.springframework.aop.framework.autoproxy.BeanFactoryAdvisorRetrievalHelper 2015-06-20 15:55:04,872 DEBUG - Skipping currently created advisor &apos;org.springframework.transaction.config.internalTransactionAdvisor&apos;
org.springframework.beans.factory.support.AbstractAutowireCapableBeanFactory 2015-06-20 15:55:04,875 DEBUG - Finished creating instance of bean &apos;org.springframework.transaction.annotation.AnnotationTransactionAttributeSource#0&apos;
org.springframework.beans.factory.support.AbstractAutowireCapableBeanFactory 2015-06-20 15:55:04,876 DEBUG - Finished creating instance of bean &apos;org.springframework.transaction.config.internalTransactionAdvisor&apos;
org.springframework.beans.factory.support.AbstractAutowireCapableBeanFactory 2015-06-20 15:55:04,881 DEBUG - Finished creating instance of bean &apos;dataSource&apos;
org.springframework.beans.factory.support.DefaultSingletonBeanRegistry 2015-06-20 15:55:04,882 DEBUG - Creating shared instance of singleton bean &apos;sessionFactory&apos;
org.springframework.beans.factory.support.AbstractAutowireCapableBeanFactory 2015-06-20 15:55:04,883 DEBUG - Creating instance of bean &apos;sessionFactory&apos;
org.springframework.beans.factory.support.AbstractAutowireCapableBeanFactory 2015-06-20 15:55:04,892 DEBUG - Eagerly caching bean &apos;sessionFactory&apos; to allow for resolving potential circular references
org.springframework.beans.CachedIntrospectionResults 2015-06-20 15:55:04,893 TRACE - Getting BeanInfo for class [org.springframework.orm.hibernate4.LocalSessionFactoryBean]
org.springframework.beans.CachedIntrospectionResults 2015-06-20 15:55:04,900 TRACE - Caching PropertyDescriptors for class [org.springframework.orm.hibernate4.LocalSessionFactoryBean]
org.springframework.beans.CachedIntrospectionResults 2015-06-20 15:55:04,900 TRACE - Found bean property &apos;annotatedClasses&apos; of type [[Ljava.lang.Class;]
org.springframework.beans.CachedIntrospectionResults 2015-06-20 15:55:04,902 TRACE - Found bean property &apos;annotatedPackages&apos; of type [[Ljava.lang.String;]
org.springframework.beans.CachedIntrospectionResults 2015-06-20 15:55:04,903 TRACE - Found bean property &apos;cacheRegionFactory&apos; of type [org.hibernate.cache.spi.RegionFactory]
org.springframework.beans.CachedIntrospectionResults 2015-06-20 15:55:04,903 TRACE - Found bean property &apos;cacheableMappingLocations&apos; of type [[Lorg.springframework.core.io.Resource;]
org.springframework.beans.CachedIntrospectionResults 2015-06-20 15:55:04,903 TRACE - Found bean property &apos;class&apos; of type [java.lang.Class]
org.springframework.beans.CachedIntrospectionResults 2015-06-20 15:55:04,904 TRACE - Found bean property &apos;configLocation&apos; of type [org.springframework.core.io.Resource]
org.springframework.beans.CachedIntrospectionResults 2015-06-20 15:55:04,905 TRACE - Found bean property &apos;configLocations&apos; of type [[Lorg.springframework.core.io.Resource;]
org.springframework.beans.CachedIntrospectionResults 2015-06-20 15:55:04,905 TRACE - Found bean property &apos;configuration&apos; of type [org.hibernate.cfg.Configuration]
org.springframework.beans.CachedIntrospectionResults 2015-06-20 15:55:04,905 TRACE - Found bean property &apos;currentTenantIdentifierResolver&apos; of type [java.lang.Object]
org.springframework.beans.CachedIntrospectionResults 2015-06-20 15:55:04,906 TRACE - Found bean property &apos;dataSource&apos; of type [javax.sql.DataSource]
org.springframework.beans.CachedIntrospectionResults 2015-06-20 15:55:04,907 TRACE - Found bean property &apos;entityInterceptor&apos; of type [org.hibernate.Interceptor]
org.springframework.beans.CachedIntrospectionResults 2015-06-20 15:55:04,908 TRACE - Found bean property &apos;entityTypeFilters&apos; of type [[Lorg.springframework.core.type.filter.TypeFilter;]
org.springframework.beans.CachedIntrospectionResults 2015-06-20 15:55:04,908 TRACE - Found bean property &apos;hibernateProperties&apos; of type [java.util.Properties]
org.springframework.beans.CachedIntrospectionResults 2015-06-20 15:55:04,909 TRACE - Found bean property &apos;jtaTransactionManager&apos; of type [java.lang.Object]
org.springframework.beans.CachedIntrospectionResults 2015-06-20 15:55:04,909 TRACE - Found bean property &apos;mappingDirectoryLocations&apos; of type [[Lorg.springframework.core.io.Resource;]
org.springframework.beans.CachedIntrospectionResults 2015-06-20 15:55:04,909 TRACE - Found bean property &apos;mappingJarLocations&apos; of type [[Lorg.springframework.core.io.Resource;]
org.springframework.beans.CachedIntrospectionResults 2015-06-20 15:55:04,910 TRACE - Found bean property &apos;mappingLocations&apos; of type [[Lorg.springframework.core.io.Resource;]
org.springframework.beans.CachedIntrospectionResults 2015-06-20 15:55:04,910 TRACE - Found bean property &apos;mappingResources&apos; of type [[Ljava.lang.String;]
org.springframework.beans.CachedIntrospectionResults 2015-06-20 15:55:04,911 TRACE - Found bean property &apos;multiTenantConnectionProvider&apos; of type [java.lang.Object]
org.springframework.beans.CachedIntrospectionResults 2015-06-20 15:55:04,911 TRACE - Found bean property &apos;namingStrategy&apos; of type [org.hibernate.cfg.NamingStrategy]
org.springframework.beans.CachedIntrospectionResults 2015-06-20 15:55:04,912 TRACE - Found bean property &apos;object&apos; of type [org.hibernate.SessionFactory]
org.springframework.beans.CachedIntrospectionResults 2015-06-20 15:55:04,913 TRACE - Found bean property &apos;objectType&apos; of type [java.lang.Class]
org.springframework.beans.CachedIntrospectionResults 2015-06-20 15:55:04,913 TRACE - Found bean property &apos;packagesToScan&apos; of type [[Ljava.lang.String;]
org.springframework.beans.CachedIntrospectionResults 2015-06-20 15:55:04,914 TRACE - Found bean property &apos;resourceLoader&apos; of type [org.springframework.core.io.ResourceLoader]
org.springframework.beans.CachedIntrospectionResults 2015-06-20 15:55:04,914 TRACE - Found bean property &apos;singleton&apos; of type [boolean]
org.springframework.beans.factory.support.AbstractBeanFactory 2015-06-20 15:55:04,915 DEBUG - Returning cached instance of singleton bean &apos;dataSource&apos;
org.springframework.beans.TypeConverterDelegate 2015-06-20 15:55:04,917 TRACE - Converting String to [class java.lang.Class] using property editor [org.springframework.beans.propertyeditors.ClassEditor@5f8551ae]
org.springframework.beans.TypeConverterDelegate 2015-06-20 15:55:04,919 TRACE - Converting String to [class java.lang.Class] using property editor [org.springframework.beans.propertyeditors.ClassEditor@5f8551ae]
org.springframework.beans.TypeConverterDelegate 2015-06-20 15:55:04,920 TRACE - Converting String to [class java.lang.Class] using property editor [org.springframework.beans.propertyeditors.ClassEditor@5f8551ae]
org.springframework.beans.TypeConverterDelegate 2015-06-20 15:55:04,921 TRACE - Converting String to [class java.lang.Class] using property editor [org.springframework.beans.propertyeditors.ClassEditor@5f8551ae]
org.springframework.beans.TypeConverterDelegate 2015-06-20 15:55:04,922 TRACE - Converting String to [class java.lang.Class] using property editor [org.springframework.beans.propertyeditors.ClassEditor@5f8551ae]
org.springframework.beans.factory.support.AbstractAutowireCapableBeanFactory 2015-06-20 15:55:04,931 DEBUG - Invoking afterPropertiesSet() on bean with name &apos;sessionFactory&apos;
org.hibernate.cfg.Configuration 2015-06-20 15:55:04,977 DEBUG - Logging Provider: org.jboss.logging.Log4jLoggerProvider
org.hibernate.type.BasicTypeRegistry 2015-06-20 15:55:04,998 DEBUG - Adding type registration boolean -&gt; org.hibernate.type.BooleanType@163f95ba
org.hibernate.type.BasicTypeRegistry 2015-06-20 15:55:04,999 DEBUG - Adding type registration boolean -&gt; org.hibernate.type.BooleanType@163f95ba
org.hibernate.type.BasicTypeRegistry 2015-06-20 15:55:04,999 DEBUG - Adding type registration java.lang.Boolean -&gt; org.hibernate.type.BooleanType@163f95ba
org.hibernate.type.BasicTypeRegistry 2015-06-20 15:55:05,000 DEBUG - Adding type registration numeric_boolean -&gt; org.hibernate.type.NumericBooleanType@1e5bcb22
org.hibernate.type.BasicTypeRegistry 2015-06-20 15:55:05,002 DEBUG - Adding type registration true_false -&gt; org.hibernate.type.TrueFalseType@485ff368
org.hibernate.type.BasicTypeRegistry 2015-06-20 15:55:05,003 DEBUG - Adding type registration yes_no -&gt; org.hibernate.type.YesNoType@648596b2
org.hibernate.type.BasicTypeRegistry 2015-06-20 15:55:05,005 DEBUG - Adding type registration byte -&gt; org.hibernate.type.ByteType@19a3f495
org.hibernate.type.BasicTypeRegistry 2015-06-20 15:55:05,005 DEBUG - Adding type registration byte -&gt; org.hibernate.type.ByteType@19a3f495
org.hibernate.type.BasicTypeRegistry 2015-06-20 15:55:05,005 DEBUG - Adding type registration java.lang.Byte -&gt; org.hibernate.type.ByteType@19a3f495
org.hibernate.type.BasicTypeRegistry 2015-06-20 15:55:05,006 DEBUG - Adding type registration character -&gt; org.hibernate.type.CharacterType@ff10957
org.hibernate.type.BasicTypeRegistry 2015-06-20 15:55:05,007 DEBUG - Adding type registration char -&gt; org.hibernate.type.CharacterType@ff10957
org.hibernate.type.BasicTypeRegistry 2015-06-20 15:55:05,007 DEBUG - Adding type registration java.lang.Character -&gt; org.hibernate.type.CharacterType@ff10957
org.hibernate.type.BasicTypeRegistry 2015-06-20 15:55:05,009 DEBUG - Adding type registration short -&gt; org.hibernate.type.ShortType@596f1c9b
org.hibernate.type.BasicTypeRegistry 2015-06-20 15:55:05,009 DEBUG - Adding type registration short -&gt; org.hibernate.type.ShortType@596f1c9b
org.hibernate.type.BasicTypeRegistry 2015-06-20 15:55:05,010 DEBUG - Adding type registration java.lang.Short -&gt; org.hibernate.type.ShortType@596f1c9b
org.hibernate.type.BasicTypeRegistry 2015-06-20 15:55:05,011 DEBUG - Adding type registration integer -&gt; org.hibernate.type.IntegerType@298e6523
org.hibernate.type.BasicTypeRegistry 2015-06-20 15:55:05,011 DEBUG - Adding type registration int -&gt; org.hibernate.type.IntegerType@298e6523
org.hibernate.type.BasicTypeRegistry 2015-06-20 15:55:05,012 DEBUG - Adding type registration java.lang.Integer -&gt; org.hibernate.type.IntegerType@298e6523
org.hibernate.type.BasicTypeRegistry 2015-06-20 15:55:05,013 DEBUG - Adding type registration long -&gt; org.hibernate.type.LongType@3cb4a836
org.hibernate.type.BasicTypeRegistry 2015-06-20 15:55:05,014 DEBUG - Adding type registration long -&gt; org.hibernate.type.LongType@3cb4a836
org.hibernate.type.BasicTypeRegistry 2015-06-20 15:55:05,014 DEBUG - Adding type registration java.lang.Long -&gt; org.hibernate.type.LongType@3cb4a836
org.hibernate.type.BasicTypeRegistry 2015-06-20 15:55:05,016 DEBUG - Adding type registration float -&gt; org.hibernate.type.FloatType@6cfe9c23
org.hibernate.type.BasicTypeRegistry 2015-06-20 15:55:05,016 DEBUG - Adding type registration float -&gt; org.hibernate.type.FloatType@6cfe9c23
org.hibernate.type.BasicTypeRegistry 2015-06-20 15:55:05,016 DEBUG - Adding type registration java.lang.Float -&gt; org.hibernate.type.FloatType@6cfe9c23
org.hibernate.type.BasicTypeRegistry 2015-06-20 15:55:05,018 DEBUG - Adding type registration double -&gt; org.hibernate.type.DoubleType@10bc5c9
org.hibernate.type.BasicTypeRegistry 2015-06-20 15:55:05,018 DEBUG - Adding type registration double -&gt; org.hibernate.type.DoubleType@10bc5c9
org.hibernate.type.BasicTypeRegistry 2015-06-20 15:55:05,019 DEBUG - Adding type registration java.lang.Double -&gt; org.hibernate.type.DoubleType@10bc5c9
org.hibernate.type.BasicTypeRegistry 2015-06-20 15:55:05,021 DEBUG - Adding type registration big_decimal -&gt; org.hibernate.type.BigDecimalType@2c1e29ca
org.hibernate.type.BasicTypeRegistry 2015-06-20 15:55:05,021 DEBUG - Adding type registration java.math.BigDecimal -&gt; org.hibernate.type.BigDecimalType@2c1e29ca
org.hibernate.type.BasicTypeRegistry 2015-06-20 15:55:05,023 DEBUG - Adding type registration big_integer -&gt; org.hibernate.type.BigIntegerType@74107a99
org.hibernate.type.BasicTypeRegistry 2015-06-20 15:55:05,023 DEBUG - Adding type registration java.math.BigInteger -&gt; org.hibernate.type.BigIntegerType@74107a99
org.hibernate.type.BasicTypeRegistry 2015-06-20 15:55:05,024 DEBUG - Adding type registration string -&gt; org.hibernate.type.StringType@4613d832
org.hibernate.type.BasicTypeRegistry 2015-06-20 15:55:05,025 DEBUG - Adding type registration java.lang.String -&gt; org.hibernate.type.StringType@4613d832
org.hibernate.type.BasicTypeRegistry 2015-06-20 15:55:05,026 DEBUG - Adding type registration nstring -&gt; org.hibernate.type.StringNVarcharType@307322f4
org.hibernate.type.BasicTypeRegistry 2015-06-20 15:55:05,027 DEBUG - Adding type registration ncharacter -&gt; org.hibernate.type.CharacterNCharType@5cc67308
org.hibernate.type.BasicTypeRegistry 2015-06-20 15:55:05,028 DEBUG - Adding type registration url -&gt; org.hibernate.type.UrlType@48f98163
org.hibernate.type.BasicTypeRegistry 2015-06-20 15:55:05,028 DEBUG - Adding type registration java.net.URL -&gt; org.hibernate.type.UrlType@48f98163
org.hibernate.type.BasicTypeRegistry 2015-06-20 15:55:05,030 DEBUG - Adding type registration date -&gt; org.hibernate.type.DateType@511464c
org.hibernate.type.BasicTypeRegistry 2015-06-20 15:55:05,031 DEBUG - Adding type registration java.sql.Date -&gt; org.hibernate.type.DateType@511464c
org.hibernate.type.BasicTypeRegistry 2015-06-20 15:55:05,033 DEBUG - Adding type registration time -&gt; org.hibernate.type.TimeType@75357365
org.hibernate.type.BasicTypeRegistry 2015-06-20 15:55:05,033 DEBUG - Adding type registration java.sql.Time -&gt; org.hibernate.type.TimeType@75357365
org.hibernate.type.BasicTypeRegistry 2015-06-20 15:55:05,035 DEBUG - Adding type registration timestamp -&gt; org.hibernate.type.TimestampType@4086649f
org.hibernate.type.BasicTypeRegistry 2015-06-20 15:55:05,036 DEBUG - Adding type registration java.sql.Timestamp -&gt; org.hibernate.type.TimestampType@4086649f
org.hibernate.type.BasicTypeRegistry 2015-06-20 15:55:05,036 DEBUG - Adding type registration java.util.Date -&gt; org.hibernate.type.TimestampType@4086649f
org.hibernate.type.BasicTypeRegistry 2015-06-20 15:55:05,038 DEBUG - Adding type registration dbtimestamp -&gt; org.hibernate.type.DbTimestampType@1caa78ab
org.hibernate.type.BasicTypeRegistry 2015-06-20 15:55:05,040 DEBUG - Adding type registration calendar -&gt; org.hibernate.type.CalendarType@1f317315
org.hibernate.type.BasicTypeRegistry 2015-06-20 15:55:05,040 DEBUG - Adding type registration java.util.Calendar -&gt; org.hibernate.type.CalendarType@1f317315
org.hibernate.type.BasicTypeRegistry 2015-06-20 15:55:05,041 DEBUG - Adding type registration java.util.GregorianCalendar -&gt; org.hibernate.type.CalendarType@1f317315
org.hibernate.type.BasicTypeRegistry 2015-06-20 15:55:05,042 DEBUG - Adding type registration calendar_date -&gt; org.hibernate.type.CalendarDateType@1da9647b
org.hibernate.type.BasicTypeRegistry 2015-06-20 15:55:05,044 DEBUG - Adding type registration locale -&gt; org.hibernate.type.LocaleType@5b59af1b
org.hibernate.type.BasicTypeRegistry 2015-06-20 15:55:05,044 DEBUG - Adding type registration java.util.Locale -&gt; org.hibernate.type.LocaleType@5b59af1b
org.hibernate.type.BasicTypeRegistry 2015-06-20 15:55:05,046 DEBUG - Adding type registration currency -&gt; org.hibernate.type.CurrencyType@35b282cb
org.hibernate.type.BasicTypeRegistry 2015-06-20 15:55:05,046 DEBUG - Adding type registration java.util.Currency -&gt; org.hibernate.type.CurrencyType@35b282cb
org.hibernate.type.BasicTypeRegistry 2015-06-20 15:55:05,048 DEBUG - Adding type registration timezone -&gt; org.hibernate.type.TimeZoneType@36ab82ff
org.hibernate.type.BasicTypeRegistry 2015-06-20 15:55:05,048 DEBUG - Adding type registration java.util.TimeZone -&gt; org.hibernate.type.TimeZoneType@36ab82ff
org.hibernate.type.BasicTypeRegistry 2015-06-20 15:55:05,050 DEBUG - Adding type registration class -&gt; org.hibernate.type.ClassType@42de8a96
org.hibernate.type.BasicTypeRegistry 2015-06-20 15:55:05,051 DEBUG - Adding type registration java.lang.Class -&gt; org.hibernate.type.ClassType@42de8a96
org.hibernate.type.BasicTypeRegistry 2015-06-20 15:55:05,054 DEBUG - Adding type registration uuid-binary -&gt; org.hibernate.type.UUIDBinaryType@969f4cd
org.hibernate.type.BasicTypeRegistry 2015-06-20 15:55:05,054 DEBUG - Adding type registration java.util.UUID -&gt; org.hibernate.type.UUIDBinaryType@969f4cd
org.hibernate.type.BasicTypeRegistry 2015-06-20 15:55:05,055 DEBUG - Adding type registration uuid-char -&gt; org.hibernate.type.UUIDCharType@4da2a316
org.hibernate.type.BasicTypeRegistry 2015-06-20 15:55:05,057 DEBUG - Adding type registration pg-uuid -&gt; org.hibernate.type.PostgresUUIDType@7fe9de80
org.hibernate.type.BasicTypeRegistry 2015-06-20 15:55:05,058 DEBUG - Adding type registration binary -&gt; org.hibernate.type.BinaryType@1421f7e4
org.hibernate.type.BasicTypeRegistry 2015-06-20 15:55:05,059 DEBUG - Adding type registration byte[] -&gt; org.hibernate.type.BinaryType@1421f7e4
org.hibernate.type.BasicTypeRegistry 2015-06-20 15:55:05,059 DEBUG - Adding type registration [B -&gt; org.hibernate.type.BinaryType@1421f7e4
org.hibernate.type.BasicTypeRegistry 2015-06-20 15:55:05,061 DEBUG - Adding type registration wrapper-binary -&gt; org.hibernate.type.WrapperBinaryType@676adb67
org.hibernate.type.BasicTypeRegistry 2015-06-20 15:55:05,061 DEBUG - Adding type registration Byte[] -&gt; org.hibernate.type.WrapperBinaryType@676adb67
org.hibernate.type.BasicTypeRegistry 2015-06-20 15:55:05,061 DEBUG - Adding type registration [Ljava.lang.Byte; -&gt; org.hibernate.type.WrapperBinaryType@676adb67
org.hibernate.type.BasicTypeRegistry 2015-06-20 15:55:05,062 DEBUG - Adding type registration image -&gt; org.hibernate.type.ImageType@133a96cd
org.hibernate.type.BasicTypeRegistry 2015-06-20 15:55:05,063 DEBUG - Adding type registration characters -&gt; org.hibernate.type.CharArrayType@d86fc54
org.hibernate.type.BasicTypeRegistry 2015-06-20 15:55:05,064 DEBUG - Adding type registration char[] -&gt; org.hibernate.type.CharArrayType@d86fc54
org.hibernate.type.BasicTypeRegistry 2015-06-20 15:55:05,064 DEBUG - Adding type registration [C -&gt; org.hibernate.type.CharArrayType@d86fc54
org.hibernate.type.BasicTypeRegistry 2015-06-20 15:55:05,065 DEBUG - Adding type registration wrapper-characters -&gt; org.hibernate.type.CharacterArrayType@1b41b392
org.hibernate.type.BasicTypeRegistry 2015-06-20 15:55:05,065 DEBUG - Adding type registration [Ljava.lang.Character; -&gt; org.hibernate.type.CharacterArrayType@1b41b392
org.hibernate.type.BasicTypeRegistry 2015-06-20 15:55:05,066 DEBUG - Adding type registration Character[] -&gt; org.hibernate.type.CharacterArrayType@1b41b392
org.hibernate.type.BasicTypeRegistry 2015-06-20 15:55:05,067 DEBUG - Adding type registration text -&gt; org.hibernate.type.TextType@3a934cf4
org.hibernate.type.BasicTypeRegistry 2015-06-20 15:55:05,069 DEBUG - Adding type registration ntext -&gt; org.hibernate.type.NTextType@5a91f5a1
org.hibernate.type.BasicTypeRegistry 2015-06-20 15:55:05,074 DEBUG - Adding type registration blob -&gt; org.hibernate.type.BlobType@78a8ee09
org.hibernate.type.BasicTypeRegistry 2015-06-20 15:55:05,075 DEBUG - Adding type registration java.sql.Blob -&gt; org.hibernate.type.BlobType@78a8ee09
org.hibernate.type.BasicTypeRegistry 2015-06-20 15:55:05,076 DEBUG - Adding type registration materialized_blob -&gt; org.hibernate.type.MaterializedBlobType@3bf2ebae
org.hibernate.type.BasicTypeRegistry 2015-06-20 15:55:05,081 DEBUG - Adding type registration clob -&gt; org.hibernate.type.ClobType@394943b2
org.hibernate.type.BasicTypeRegistry 2015-06-20 15:55:05,081 DEBUG - Adding type registration java.sql.Clob -&gt; org.hibernate.type.ClobType@394943b2
org.hibernate.type.BasicTypeRegistry 2015-06-20 15:55:05,086 DEBUG - Adding type registration nclob -&gt; org.hibernate.type.NClobType@61b52c64
org.hibernate.type.BasicTypeRegistry 2015-06-20 15:55:05,086 DEBUG - Adding type registration java.sql.NClob -&gt; org.hibernate.type.NClobType@61b52c64
org.hibernate.type.BasicTypeRegistry 2015-06-20 15:55:05,087 DEBUG - Adding type registration materialized_clob -&gt; org.hibernate.type.MaterializedClobType@63ee39cc
org.hibernate.type.BasicTypeRegistry 2015-06-20 15:55:05,088 DEBUG - Adding type registration materialized_nclob -&gt; org.hibernate.type.MaterializedNClobType@7f938cc2
org.hibernate.type.BasicTypeRegistry 2015-06-20 15:55:05,089 DEBUG - Adding type registration serializable -&gt; org.hibernate.type.SerializableType@4b9ba20
org.hibernate.type.BasicTypeRegistry 2015-06-20 15:55:05,093 DEBUG - Adding type registration object -&gt; org.hibernate.type.ObjectType@588abfb1
org.hibernate.type.BasicTypeRegistry 2015-06-20 15:55:05,093 DEBUG - Adding type registration java.lang.Object -&gt; org.hibernate.type.ObjectType@588abfb1
[...]
org.springframework.test.context.DefaultCacheAwareContextLoaderDelegate 2015-06-20 15:55:07,337 DEBUG - Spring test ApplicationContext cache statistics: [ContextCache@3f8c26ff size = 1, hitCount = 3, missCount = 1, parentContextCount = 0]
org.springframework.beans.factory.support.AbstractBeanFactory 2015-06-20 15:55:07,337 DEBUG - Returning cached instance of singleton bean &apos;transactionManager&apos;
org.springframework.test.context.transaction.TransactionalTestExecutionListener 2015-06-20 15:55:07,344 DEBUG - No method-level @Rollback override: using default rollback [false] for test context [DefaultTestContext@584ffe5e testClass = NewsDaoTest, testInstance = NewsDaoTest@511a1546, testMethod = deleteNews@NewsDaoTest, testException = [null], mergedContextConfiguration = [MergedContextConfiguration@6bc4fa9d testClass = NewsDaoTest, locations = &apos;{classpath:/entities-hib-test.xml}&apos;, classes = &apos;{}&apos;, contextInitializerClasses = &apos;[]&apos;, activeProfiles = &apos;{}&apos;, propertySourceLocations = &apos;{}&apos;, propertySourceProperties = &apos;{}&apos;, contextLoader = &apos;org.springframework.test.context.support.DelegatingSmartContextLoader&apos;, parent = [null]]].
org.springframework.transaction.support.AbstractPlatformTransactionManager 2015-06-20 15:55:07,345 DEBUG - Creating new transaction with name [NewsDaoTest.deleteNews]: PROPAGATION_REQUIRED,ISOLATION_DEFAULT; &apos;&apos;
org.hibernate.internal.SessionFactoryImpl$SessionBuilderImpl 2015-06-20 15:55:07,346 TRACE - Opening Hibernate Session.  tenant=null, owner=null
org.hibernate.internal.SessionImpl 2015-06-20 15:55:07,347 TRACE - Opened session at timestamp: 14348049073
org.springframework.orm.hibernate4.HibernateTransactionManager 2015-06-20 15:55:07,347 DEBUG - Opened new Session [SessionImpl(PersistenceContext[entityKeys=[],collectionKeys=[]];ActionQueue[insertions=org.hibernate.engine.spi.ExecutableList@2a0f331b updates=org.hibernate.engine.spi.ExecutableList@4be4472f deletions=org.hibernate.engine.spi.ExecutableList@77fd8595 orphanRemovals=org.hibernate.engine.spi.ExecutableList@254d36be collectionCreations=org.hibernate.engine.spi.ExecutableList@70450713 collectionRemovals=org.hibernate.engine.spi.ExecutableList@43d3a9fa collectionUpdates=org.hibernate.engine.spi.ExecutableList@7d3c7edf collectionQueuedOps=org.hibernate.engine.spi.ExecutableList@eada2b5 unresolvedInsertDependencies=UnresolvedEntityInsertActions[]])] for Hibernate transaction
org.springframework.orm.hibernate4.HibernateTransactionManager 2015-06-20 15:55:07,348 DEBUG - Preparing JDBC Connection of Hibernate Session [SessionImpl(PersistenceContext[entityKeys=[],collectionKeys=[]];ActionQueue[insertions=org.hibernate.engine.spi.ExecutableList@2a0f331b updates=org.hibernate.engine.spi.ExecutableList@4be4472f deletions=org.hibernate.engine.spi.ExecutableList@77fd8595 orphanRemovals=org.hibernate.engine.spi.ExecutableList@254d36be collectionCreations=org.hibernate.engine.spi.ExecutableList@70450713 collectionRemovals=org.hibernate.engine.spi.ExecutableList@43d3a9fa collectionUpdates=org.hibernate.engine.spi.ExecutableList@7d3c7edf collectionQueuedOps=org.hibernate.engine.spi.ExecutableList@eada2b5 unresolvedInsertDependencies=UnresolvedEntityInsertActions[]])]
org.hibernate.engine.jdbc.internal.LogicalConnectionImpl 2015-06-20 15:55:07,348 DEBUG - Obtaining JDBC connection
org.hibernate.engine.jdbc.spi.SqlExceptionHelper 2015-06-20 15:55:07,353 DEBUG - Could not open connection [n/a]
org.apache.commons.dbcp.SQLNestedException: Cannot create PoolableConnectionFactory (Unknown database &apos;newspaperhibtest&apos;)
	at org.apache.commons.dbcp.BasicDataSource.createPoolableConnectionFactory(BasicDataSource.java:1549)
	at org.apache.commons.dbcp.BasicDataSource.createDataSource(BasicDataSource.java:1388)
	at org.apache.commons.dbcp.BasicDataSource.getConnection(BasicDataSource.java:1044)
	at org.hibernate.engine.jdbc.connections.internal.DatasourceConnectionProviderImpl.getConnection(DatasourceConnectionProviderImpl.java:139)
	at org.hibernate.internal.AbstractSessionImpl$NonContextualJdbcConnectionAccess.obtainConnection(AbstractSessionImpl.java:380)
	at org.hibernate.engine.jdbc.internal.LogicalConnectionImpl.obtainConnection(LogicalConnectionImpl.java:228)
	at org.hibernate.engine.jdbc.internal.LogicalConnectionImpl.getConnection(LogicalConnectionImpl.java:171)
	at org.hibernate.internal.SessionImpl.connection(SessionImpl.java:450)
	at org.springframework.orm.hibernate4.HibernateTransactionManager.doBegin(HibernateTransactionManager.java:450)
	at org.springframework.transaction.support.AbstractPlatformTransactionManager.getTransaction(AbstractPlatformTransactionManager.java:373)
	at org.springframework.test.context.transaction.TransactionContext.startTransaction(TransactionContext.java:98)
	at org.springframework.test.context.transaction.TransactionalTestExecutionListener.beforeTestMethod(TransactionalTestExecutionListener.java:200)
	at org.springframework.test.context.TestContextManager.beforeTestMethod(TestContextManager.java:249)
	at org.springframework.test.context.junit4.statements.RunBeforeTestMethodCallbacks.evaluate(RunBeforeTestMethodCallbacks.java:72)
	at org.springframework.test.context.junit4.statements.RunAfterTestMethodCallbacks.evaluate(RunAfterTestMethodCallbacks.java:82)
	at org.springframework.test.context.junit4.statements.SpringRepeat.evaluate(SpringRepeat.java:73)
	at org.junit.runners.ParentRunner.runLeaf(ParentRunner.java:263)
	at org.springframework.test.context.junit4.SpringJUnit4ClassRunner.runChild(SpringJUnit4ClassRunner.java:224)
	at org.springframework.test.context.junit4.SpringJUnit4ClassRunner.runChild(SpringJUnit4ClassRunner.java:83)
	at org.junit.runners.ParentRunner$3.run(ParentRunner.java:231)
	at org.junit.runners.ParentRunner$1.schedule(ParentRunner.java:60)
	at org.junit.runners.ParentRunner.runChildren(ParentRunner.java:229)
	at org.junit.runners.ParentRunner.access$000(ParentRunner.java:50)
	at org.junit.runners.ParentRunner$2.evaluate(ParentRunner.java:222)
	at org.springframework.test.context.junit4.statements.RunBeforeTestClassCallbacks.evaluate(RunBeforeTestClassCallbacks.java:61)
	at org.springframework.test.context.junit4.statements.RunAfterTestClassCallbacks.evaluate(RunAfterTestClassCallbacks.java:68)
	at org.junit.runners.ParentRunner.run(ParentRunner.java:300)
	at org.springframework.test.context.junit4.SpringJUnit4ClassRunner.run(SpringJUnit4ClassRunner.java:163)
	at org.apache.maven.surefire.junit4.JUnit4TestSet.execute(JUnit4TestSet.java:53)
	at org.apache.maven.surefire.junit4.JUnit4Provider.executeTestSet(JUnit4Provider.java:123)
	at org.apache.maven.surefire.junit4.JUnit4Provider.invoke(JUnit4Provider.java:104)
	at sun.reflect.NativeMethodAccessorImpl.invoke0(Native Method)
	at sun.reflect.NativeMethodAccessorImpl.invoke(NativeMethodAccessorImpl.java:57)
	at sun.reflect.DelegatingMethodAccessorImpl.invoke(DelegatingMethodAccessorImpl.java:43)
	at java.lang.reflect.Method.invoke(Method.java:606)
	at org.apache.maven.surefire.util.ReflectionUtils.invokeMethodWithArray(ReflectionUtils.java:164)
	at org.apache.maven.surefire.booter.ProviderFactory$ProviderProxy.invoke(ProviderFactory.java:110)
	at org.apache.maven.surefire.booter.SurefireStarter.invokeProvider(SurefireStarter.java:175)
	at org.apache.maven.surefire.booter.SurefireStarter.runSuitesInProcessWhenForked(SurefireStarter.java:107)
	at org.apache.maven.surefire.booter.ForkedBooter.main(ForkedBooter.java:68)
Caused by: com.mysql.jdbc.exceptions.jdbc4.MySQLSyntaxErrorException: Unknown database &apos;newspaperhibtest&apos;
	at sun.reflect.NativeConstructorAccessorImpl.newInstance0(Native Method)
	at sun.reflect.NativeConstructorAccessorImpl.newInstance(NativeConstructorAccessorImpl.java:57)
	at sun.reflect.DelegatingConstructorAccessorImpl.newInstance(DelegatingConstructorAccessorImpl.java:45)
	at java.lang.reflect.Constructor.newInstance(Constructor.java:526)
	at com.mysql.jdbc.Util.handleNewInstance(Util.java:389)
	at com.mysql.jdbc.Util.getInstance(Util.java:372)
	at com.mysql.jdbc.SQLError.createSQLException(SQLError.java:980)
	at com.mysql.jdbc.MysqlIO.checkErrorPacket(MysqlIO.java:3835)
	at com.mysql.jdbc.MysqlIO.checkErrorPacket(MysqlIO.java:3771)
	at com.mysql.jdbc.MysqlIO.checkErrorPacket(MysqlIO.java:870)
	at com.mysql.jdbc.MysqlIO.proceedHandshakeWithPluggableAuthentication(MysqlIO.java:1659)
	at com.mysql.jdbc.MysqlIO.doHandshake(MysqlIO.java:1206)
	at com.mysql.jdbc.ConnectionImpl.coreConnect(ConnectionImpl.java:2239)
	at com.mysql.jdbc.ConnectionImpl.connectOneTryOnly(ConnectionImpl.java:2270)
	at com.mysql.jdbc.ConnectionImpl.createNewIO(ConnectionImpl.java:2069)
	at com.mysql.jdbc.ConnectionImpl.&lt;init&gt;(ConnectionImpl.java:794)
	at com.mysql.jdbc.JDBC4Connection.&lt;init&gt;(JDBC4Connection.java:44)
	at sun.reflect.NativeConstructorAccessorImpl.newInstance0(Native Method)
	at sun.reflect.NativeConstructorAccessorImpl.newInstance(NativeConstructorAccessorImpl.java:57)
	at sun.reflect.DelegatingConstructorAccessorImpl.newInstance(DelegatingConstructorAccessorImpl.java:45)
	at java.lang.reflect.Constructor.newInstance(Constructor.java:526)
	at com.mysql.jdbc.Util.handleNewInstance(Util.java:389)
	at com.mysql.jdbc.ConnectionImpl.getInstance(ConnectionImpl.java:399)
	at com.mysql.jdbc.NonRegisteringDriver.connect(NonRegisteringDriver.java:325)
	at org.apache.commons.dbcp.DriverConnectionFactory.createConnection(DriverConnectionFactory.java:38)
	at org.apache.commons.dbcp.PoolableConnectionFactory.makeObject(PoolableConnectionFactory.java:582)
	at org.apache.commons.dbcp.BasicDataSource.validateConnectionFactory(BasicDataSource.java:1556)
	at org.apache.commons.dbcp.BasicDataSource.createPoolableConnectionFactory(BasicDataSource.java:1545)
	... 39 more
org.hibernate.engine.jdbc.spi.SqlExceptionHelper 2015-06-20 15:55:07,355 WARN  - SQL Error: 0, SQLState: null
org.hibernate.engine.jdbc.spi.SqlExceptionHelper 2015-06-20 15:55:07,355 ERROR - Cannot create PoolableConnectionFactory (Unknown database &apos;newspaperhibtest&apos;)
org.hibernate.internal.SessionImpl 2015-06-20 15:55:07,356 TRACE - Closing session
org.hibernate.engine.jdbc.internal.JdbcCoordinatorImpl 2015-06-20 15:55:07,356 TRACE - Closing JDBC container [org.hibernate.engine.jdbc.internal.JdbcCoordinatorImpl@54fad185]
org.hibernate.engine.jdbc.internal.LogicalConnectionImpl 2015-06-20 15:55:07,356 TRACE - Closing logical connection
org.hibernate.engine.jdbc.internal.LogicalConnectionImpl 2015-06-20 15:55:07,357 TRACE - Logical connection closed
org.springframework.test.context.TestContextManager 2015-06-20 15:55:07,357 WARN  - Caught exception while allowing TestExecutionListener [org.springframework.test.context.transaction.TransactionalTestExecutionListener@67b0eb2c] to process &apos;before&apos; execution of test method [public void NewsDaoTest.deleteNews()] for test instance [NewsDaoTest@511a1546]
org.springframework.transaction.CannotCreateTransactionException: Could not open Hibernate Session for transaction; nested exception is org.hibernate.exception.GenericJDBCException: Could not open connection
	at org.springframework.orm.hibernate4.HibernateTransactionManager.doBegin(HibernateTransactionManager.java:544)
	at org.springframework.transaction.support.AbstractPlatformTransactionManager.getTransaction(AbstractPlatformTransactionManager.java:373)
	at org.springframework.test.context.transaction.TransactionContext.startTransaction(TransactionContext.java:98)
	at org.springframework.test.context.transaction.TransactionalTestExecutionListener.beforeTestMethod(TransactionalTestExecutionListener.java:200)
	at org.springframework.test.context.TestContextManager.beforeTestMethod(TestContextManager.java:249)
	at org.springframework.test.context.junit4.statements.RunBeforeTestMethodCallbacks.evaluate(RunBeforeTestMethodCallbacks.java:72)
	at org.springframework.test.context.junit4.statements.RunAfterTestMethodCallbacks.evaluate(RunAfterTestMethodCallbacks.java:82)
	at org.springframework.test.context.junit4.statements.SpringRepeat.evaluate(SpringRepeat.java:73)
	at org.junit.runners.ParentRunner.runLeaf(ParentRunner.java:263)
	at org.springframework.test.context.junit4.SpringJUnit4ClassRunner.runChild(SpringJUnit4ClassRunner.java:224)
	at org.springframework.test.context.junit4.SpringJUnit4ClassRunner.runChild(SpringJUnit4ClassRunner.java:83)
	at org.junit.runners.ParentRunner$3.run(ParentRunner.java:231)
	at org.junit.runners.ParentRunner$1.schedule(ParentRunner.java:60)
	at org.junit.runners.ParentRunner.runChildren(ParentRunner.java:229)
	at org.junit.runners.ParentRunner.access$000(ParentRunner.java:50)
	at org.junit.runners.ParentRunner$2.evaluate(ParentRunner.java:222)
	at org.springframework.test.context.junit4.statements.RunBeforeTestClassCallbacks.evaluate(RunBeforeTestClassCallbacks.java:61)
	at org.springframework.test.context.junit4.statements.RunAfterTestClassCallbacks.evaluate(RunAfterTestClassCallbacks.java:68)
	at org.junit.runners.ParentRunner.run(ParentRunner.java:300)
	at org.springframework.test.context.junit4.SpringJUnit4ClassRunner.run(SpringJUnit4ClassRunner.java:163)
	at org.apache.maven.surefire.junit4.JUnit4TestSet.execute(JUnit4TestSet.java:53)
	at org.apache.maven.surefire.junit4.JUnit4Provider.executeTestSet(JUnit4Provider.java:123)
	at org.apache.maven.surefire.junit4.JUnit4Provider.invoke(JUnit4Provider.java:104)
	at sun.reflect.NativeMethodAccessorImpl.invoke0(Native Method)
	at sun.reflect.NativeMethodAccessorImpl.invoke(NativeMethodAccessorImpl.java:57)
	at sun.reflect.DelegatingMethodAccessorImpl.invoke(DelegatingMethodAccessorImpl.java:43)
	at java.lang.reflect.Method.invoke(Method.java:606)
	at org.apache.maven.surefire.util.ReflectionUtils.invokeMethodWithArray(ReflectionUtils.java:164)
	at org.apache.maven.surefire.booter.ProviderFactory$ProviderProxy.invoke(ProviderFactory.java:110)
	at org.apache.maven.surefire.booter.SurefireStarter.invokeProvider(SurefireStarter.java:175)
	at org.apache.maven.surefire.booter.SurefireStarter.runSuitesInProcessWhenForked(SurefireStarter.java:107)
	at org.apache.maven.surefire.booter.ForkedBooter.main(ForkedBooter.java:68)
Caused by: org.hibernate.exception.GenericJDBCException: Could not open connection
	at org.hibernate.exception.internal.StandardSQLExceptionConverter.convert(StandardSQLExceptionConverter.java:54)
	at org.hibernate.engine.jdbc.spi.SqlExceptionHelper.convert(SqlExceptionHelper.java:126)
	at org.hibernate.engine.jdbc.spi.SqlExceptionHelper.convert(SqlExceptionHelper.java:112)
	at org.hibernate.engine.jdbc.internal.LogicalConnectionImpl.obtainConnection(LogicalConnectionImpl.java:235)
	at org.hibernate.engine.jdbc.internal.LogicalConnectionImpl.getConnection(LogicalConnectionImpl.java:171)
	at org.hibernate.internal.SessionImpl.connection(SessionImpl.java:450)
	at org.springframework.orm.hibernate4.HibernateTransactionManager.doBegin(HibernateTransactionManager.java:450)
	... 31 more
Caused by: org.apache.commons.dbcp.SQLNestedException: Cannot create PoolableConnectionFactory (Unknown database &apos;newspaperhibtest&apos;)
	at org.apache.commons.dbcp.BasicDataSource.createPoolableConnectionFactory(BasicDataSource.java:1549)
	at org.apache.commons.dbcp.BasicDataSource.createDataSource(BasicDataSource.java:1388)
	at org.apache.commons.dbcp.BasicDataSource.getConnection(BasicDataSource.java:1044)
	at org.hibernate.engine.jdbc.connections.internal.DatasourceConnectionProviderImpl.getConnection(DatasourceConnectionProviderImpl.java:139)
	at org.hibernate.internal.AbstractSessionImpl$NonContextualJdbcConnectionAccess.obtainConnection(AbstractSessionImpl.java:380)
	at org.hibernate.engine.jdbc.internal.LogicalConnectionImpl.obtainConnection(LogicalConnectionImpl.java:228)
	... 34 more
Caused by: com.mysql.jdbc.exceptions.jdbc4.MySQLSyntaxErrorException: Unknown database &apos;newspaperhibtest&apos;
	at sun.reflect.NativeConstructorAccessorImpl.newInstance0(Native Method)
	at sun.reflect.NativeConstructorAccessorImpl.newInstance(NativeConstructorAccessorImpl.java:57)
	at sun.reflect.DelegatingConstructorAccessorImpl.newInstance(DelegatingConstructorAccessorImpl.java:45)
	at java.lang.reflect.Constructor.newInstance(Constructor.java:526)
	at com.mysql.jdbc.Util.handleNewInstance(Util.java:389)
	at com.mysql.jdbc.Util.getInstance(Util.java:372)
	at com.mysql.jdbc.SQLError.createSQLException(SQLError.java:980)
	at com.mysql.jdbc.MysqlIO.checkErrorPacket(MysqlIO.java:3835)
	at com.mysql.jdbc.MysqlIO.checkErrorPacket(MysqlIO.java:3771)
	at com.mysql.jdbc.MysqlIO.checkErrorPacket(MysqlIO.java:870)
	at com.mysql.jdbc.MysqlIO.proceedHandshakeWithPluggableAuthentication(MysqlIO.java:1659)
	at com.mysql.jdbc.MysqlIO.doHandshake(MysqlIO.java:1206)
	at com.mysql.jdbc.ConnectionImpl.coreConnect(ConnectionImpl.java:2239)
	at com.mysql.jdbc.ConnectionImpl.connectOneTryOnly(ConnectionImpl.java:2270)
	at com.mysql.jdbc.ConnectionImpl.createNewIO(ConnectionImpl.java:2069)
	at com.mysql.jdbc.ConnectionImpl.&lt;init&gt;(ConnectionImpl.java:794)
	at com.mysql.jdbc.JDBC4Connection.&lt;init&gt;(JDBC4Connection.java:44)
	at sun.reflect.NativeConstructorAccessorImpl.newInstance0(Native Method)
	at sun.reflect.NativeConstructorAccessorImpl.newInstance(NativeConstructorAccessorImpl.java:57)
	at sun.reflect.DelegatingConstructorAccessorImpl.newInstance(DelegatingConstructorAccessorImpl.java:45)
	at java.lang.reflect.Constructor.newInstance(Constructor.java:526)
	at com.mysql.jdbc.Util.handleNewInstance(Util.java:389)
	at com.mysql.jdbc.ConnectionImpl.getInstance(ConnectionImpl.java:399)
	at com.mysql.jdbc.NonRegisteringDriver.connect(NonRegisteringDriver.java:325)
	at org.apache.commons.dbcp.DriverConnectionFactory.createConnection(DriverConnectionFactory.java:38)
	at org.apache.commons.dbcp.PoolableConnectionFactory.makeObject(PoolableConnectionFactory.java:582)
	at org.apache.commons.dbcp.BasicDataSource.validateConnectionFactory(BasicDataSource.java:1556)
	at org.apache.commons.dbcp.BasicDataSource.createPoolableConnectionFactory(BasicDataSource.java:1545)
	... 39 more
org.springframework.test.context.TestContextManager 2015-06-20 15:55:07,359 TRACE - afterTestMethod(): instance [NewsDaoTest@511a1546], method [public void NewsDaoTest.deleteNews()], exception [org.springframework.transaction.CannotCreateTransactionException: Could not open Hibernate Session for transaction; nested exception is org.hibernate.exception.GenericJDBCException: Could not open connection]
org.springframework.test.context.support.DirtiesContextTestExecutionListener 2015-06-20 15:55:07,359 DEBUG - After test method: context [DefaultTestContext@584ffe5e testClass = NewsDaoTest, testInstance = NewsDaoTest@511a1546, testMethod = deleteNews@NewsDaoTest, testException = org.springframework.transaction.CannotCreateTransactionException: Could not open Hibernate Session for transaction; nested exception is org.hibernate.exception.GenericJDBCException: Could not open connection, mergedContextConfiguration = [MergedContextConfiguration@6bc4fa9d testClass = NewsDaoTest, locations = &apos;{classpath:/entities-hib-test.xml}&apos;, classes = &apos;{}&apos;, contextInitializerClasses = &apos;[]&apos;, activeProfiles = &apos;{}&apos;, propertySourceLocations = &apos;{}&apos;, propertySourceProperties = &apos;{}&apos;, contextLoader = &apos;org.springframework.test.context.support.DelegatingSmartContextLoader&apos;, parent = [null]]], class dirties context [false], class mode [null], method dirties context [false].
</system-err>
  </testcase>
</testsuite>