<?xml version="1.0" encoding="UTF-8" ?>
<testsuite tests="2" failures="0" name="NewsDaoTest" time="0.539" errors="2" skipped="0">
  <properties>
[...]
</properties>
  <testcase classname="NewsDaoTest" name="deleteNews" time="0.519">
    <error message="Unresolved compilation problem: 
	The method delete(T) of type BaseDao&lt;T&gt; must override a superclass method
" type="java.lang.Error">java.lang.Error: Unresolved compilation problem: 
	The method delete(T) of type BaseDao&lt;T&gt; must override a superclass method

	at db.BaseDao.delete(BaseDao.java:75)
	at NewsDaoTest.deleteNews(NewsDaoTest.java:56)
	at sun.reflect.NativeMethodAccessorImpl.invoke0(Native Method)
	at sun.reflect.NativeMethodAccessorImpl.invoke(NativeMethodAccessorImpl.java:62)
	at sun.reflect.DelegatingMethodAccessorImpl.invoke(DelegatingMethodAccessorImpl.java:43)
	at java.lang.reflect.Method.invoke(Method.java:483)
	at org.junit.runners.model.FrameworkMethod$1.runReflectiveCall(FrameworkMethod.java:45)
	at org.junit.internal.runners.model.ReflectiveCallable.run(ReflectiveCallable.java:15)
	at org.junit.runners.model.FrameworkMethod.invokeExplosively(FrameworkMethod.java:42)
	at org.junit.internal.runners.statements.InvokeMethod.evaluate(InvokeMethod.java:20)
	at org.springframework.test.context.junit4.statements.RunBeforeTestMethodCallbacks.evaluate(RunBeforeTestMethodCallbacks.java:73)
	at org.springframework.test.context.junit4.statements.RunAfterTestMethodCallbacks.evaluate(RunAfterTestMethodCallbacks.java:82)
	at org.springframework.test.context.junit4.statements.SpringRepeat.evaluate(SpringRepeat.java:73)
	at org.junit.runners.ParentRunner.runLeaf(ParentRunner.java:263)
	at org.springframework.test.context.junit4.SpringJUnit4ClassRunner.runChild(SpringJUnit4ClassRunner.java:224)
	at org.springframework.test.context.junit4.SpringJUnit4ClassRunner.runChild(SpringJUnit4ClassRunner.java:83)
	at org.junit.runners.ParentRunner$3.run(ParentRunner.java:231)
	at org.junit.runners.ParentRunner$1.schedule(ParentRunner.java:60)
	at org.junit.runners.ParentRunner.runChildren(ParentRunner.java:229)
	at org.junit.runners.ParentRunner.access$000(ParentRunner.java:50)
	at org.junit.runners.ParentRunner$2.evaluate(ParentRunner.java:222)
	at org.springframework.test.context.junit4.statements.RunBeforeTestClassCallbacks.evaluate(RunBeforeTestClassCallbacks.java:61)
	at org.springframework.test.context.junit4.statements.RunAfterTestClassCallbacks.evaluate(RunAfterTestClassCallbacks.java:68)
	at org.junit.runners.ParentRunner.run(ParentRunner.java:300)
	at org.springframework.test.context.junit4.SpringJUnit4ClassRunner.run(SpringJUnit4ClassRunner.java:163)
	at org.apache.maven.surefire.junit4.JUnit4Provider.execute(JUnit4Provider.java:252)
	at org.apache.maven.surefire.junit4.JUnit4Provider.executeTestSet(JUnit4Provider.java:141)
	at org.apache.maven.surefire.junit4.JUnit4Provider.invoke(JUnit4Provider.java:112)
	at sun.reflect.NativeMethodAccessorImpl.invoke0(Native Method)
	at sun.reflect.NativeMethodAccessorImpl.invoke(NativeMethodAccessorImpl.java:62)
	at sun.reflect.DelegatingMethodAccessorImpl.invoke(DelegatingMethodAccessorImpl.java:43)
	at java.lang.reflect.Method.invoke(Method.java:483)
	at org.apache.maven.surefire.util.ReflectionUtils.invokeMethodWithArray(ReflectionUtils.java:189)
	at org.apache.maven.surefire.booter.ProviderFactory$ProviderProxy.invoke(ProviderFactory.java:165)
	at org.apache.maven.surefire.booter.ProviderFactory.invokeProvider(ProviderFactory.java:85)
	at org.apache.maven.surefire.booter.ForkedBooter.runSuitesInProcess(ForkedBooter.java:115)
	at org.apache.maven.surefire.booter.ForkedBooter.main(ForkedBooter.java:75)
</error>
    <system-out>Hibernate: select news0_.newsId as newsId1_1_, news0_.author as author2_1_, news0_.category as category7_1_, news0_.mainText as mainText3_1_, news0_.postDay as postDay4_1_, news0_.title as title5_1_, news0_.title4ann as title6_1_, news0_.user as user8_1_ from News news0_
Hibernate: select category0_.categoryId as category1_0_0_, category0_.categoryName as category2_0_0_ from Category category0_ where category0_.categoryId=?
Hibernate: select category0_.categoryId as category1_0_0_, category0_.categoryName as category2_0_0_ from Category category0_ where category0_.categoryId=?
Hibernate: select category0_.categoryId as category1_0_0_, category0_.categoryName as category2_0_0_ from Category category0_ where category0_.categoryId=?
</system-out>
    <system-err>org.springframework.test.context.junit4.SpringJUnit4ClassRunner 2015-04-14 23:23:09,753 DEBUG - SpringJUnit4ClassRunner constructor called with [class NewsDaoTest].
org.springframework.test.context.BootstrapUtils 2015-04-14 23:23:09,784 DEBUG - Instantiating TestContextBootstrapper from class [org.springframework.test.context.support.DefaultTestContextBootstrapper]
org.springframework.test.context.support.ContextLoaderUtils 2015-04-14 23:23:09,794 TRACE - Retrieved @ContextConfiguration attributes [{name=, value=[/entities-hib-test.xml], classes=[], loader=interface org.springframework.test.context.ContextLoader, locations=[], inheritLocations=true, initializers=[], inheritInitializers=true}] for declaring class [NewsDaoTest].
org.springframework.test.context.support.ContextLoaderUtils 2015-04-14 23:23:09,804 TRACE - Resolved context configuration attributes: [ContextConfigurationAttributes@5315b42e declaringClass = &apos;NewsDaoTest&apos;, classes = &apos;{}&apos;, locations = &apos;{/entities-hib-test.xml}&apos;, inheritLocations = true, initializers = &apos;{}&apos;, inheritInitializers = true, name = [null], contextLoaderClass = &apos;org.springframework.test.context.ContextLoader&apos;]
org.springframework.test.context.support.AbstractTestContextBootstrapper 2015-04-14 23:23:09,804 TRACE - Resolving ContextLoader for context configuration attributes [ContextConfigurationAttributes@5315b42e declaringClass = &apos;NewsDaoTest&apos;, classes = &apos;{}&apos;, locations = &apos;{/entities-hib-test.xml}&apos;, inheritLocations = true, initializers = &apos;{}&apos;, inheritInitializers = true, name = [null], contextLoaderClass = &apos;org.springframework.test.context.ContextLoader&apos;]
org.springframework.test.context.support.AbstractTestContextBootstrapper 2015-04-14 23:23:09,814 TRACE - Using ContextLoader class [org.springframework.test.context.support.DelegatingSmartContextLoader] for test class [NewsDaoTest]
org.springframework.test.context.support.AbstractTestContextBootstrapper 2015-04-14 23:23:09,824 TRACE - Processing locations and classes for context configuration attributes [ContextConfigurationAttributes@5315b42e declaringClass = &apos;NewsDaoTest&apos;, classes = &apos;{}&apos;, locations = &apos;{/entities-hib-test.xml}&apos;, inheritLocations = true, initializers = &apos;{}&apos;, inheritInitializers = true, name = [null], contextLoaderClass = &apos;org.springframework.test.context.ContextLoader&apos;]
org.springframework.test.context.support.AbstractDelegatingSmartContextLoader 2015-04-14 23:23:09,824 DEBUG - Delegating to GenericXmlContextLoader to process context configuration [ContextConfigurationAttributes@5315b42e declaringClass = &apos;NewsDaoTest&apos;, classes = &apos;{}&apos;, locations = &apos;{/entities-hib-test.xml}&apos;, inheritLocations = true, initializers = &apos;{}&apos;, inheritInitializers = true, name = [null], contextLoaderClass = &apos;org.springframework.test.context.ContextLoader&apos;].
org.springframework.test.context.support.ApplicationContextInitializerUtils 2015-04-14 23:23:09,824 TRACE - Processing context initializers for context configuration attributes [ContextConfigurationAttributes@5315b42e declaringClass = &apos;NewsDaoTest&apos;, classes = &apos;{}&apos;, locations = &apos;{classpath:/entities-hib-test.xml}&apos;, inheritLocations = true, initializers = &apos;{}&apos;, inheritInitializers = true, name = [null], contextLoaderClass = &apos;org.springframework.test.context.ContextLoader&apos;]
org.springframework.test.context.support.ActiveProfilesUtils 2015-04-14 23:23:09,834 DEBUG - Could not find an &apos;annotation declaring class&apos; for annotation type [org.springframework.test.context.ActiveProfiles] and class [NewsDaoTest]
org.springframework.test.context.support.AbstractTestContextBootstrapper 2015-04-14 23:23:09,844 DEBUG - @TestExecutionListeners is not present for class [NewsDaoTest]: using defaults.
org.springframework.test.context.support.AbstractTestContextBootstrapper 2015-04-14 23:23:09,844 INFO  - Loaded default TestExecutionListener class names from location [META-INF/spring.factories]: [org.springframework.test.context.web.ServletTestExecutionListener, org.springframework.test.context.support.DependencyInjectionTestExecutionListener, org.springframework.test.context.support.DirtiesContextTestExecutionListener, org.springframework.test.context.transaction.TransactionalTestExecutionListener, org.springframework.test.context.jdbc.SqlScriptsTestExecutionListener]
org.springframework.test.context.support.AbstractTestContextBootstrapper 2015-04-14 23:23:09,854 INFO  - Could not instantiate TestExecutionListener [org.springframework.test.context.web.ServletTestExecutionListener]. Specify custom listener classes or make the default listener classes (and their required dependencies) available. Offending class: [javax/servlet/ServletContext]
org.springframework.test.context.support.AbstractTestContextBootstrapper 2015-04-14 23:23:09,864 INFO  - Using TestExecutionListeners: [org.springframework.test.context.support.DependencyInjectionTestExecutionListener@5e5792a0, org.springframework.test.context.support.DirtiesContextTestExecutionListener@26653222, org.springframework.test.context.transaction.TransactionalTestExecutionListener@3532ec19, org.springframework.test.context.jdbc.SqlScriptsTestExecutionListener@68c4039c]
org.springframework.test.context.TestContextManager 2015-04-14 23:23:09,864 TRACE - Registering TestExecutionListener: org.springframework.test.context.support.DependencyInjectionTestExecutionListener@5e5792a0
org.springframework.test.context.TestContextManager 2015-04-14 23:23:09,864 TRACE - Registering TestExecutionListener: org.springframework.test.context.support.DirtiesContextTestExecutionListener@26653222
org.springframework.test.context.TestContextManager 2015-04-14 23:23:09,874 TRACE - Registering TestExecutionListener: org.springframework.test.context.transaction.TransactionalTestExecutionListener@3532ec19
org.springframework.test.context.TestContextManager 2015-04-14 23:23:09,874 TRACE - Registering TestExecutionListener: org.springframework.test.context.jdbc.SqlScriptsTestExecutionListener@68c4039c
org.springframework.test.annotation.ProfileValueUtils 2015-04-14 23:23:09,874 DEBUG - Retrieved @ProfileValueSourceConfiguration [null] for test class [NewsDaoTest]
org.springframework.test.annotation.ProfileValueUtils 2015-04-14 23:23:09,874 DEBUG - Retrieved ProfileValueSource type [class org.springframework.test.annotation.SystemProfileValueSource] for class [NewsDaoTest]
org.springframework.test.annotation.ProfileValueUtils 2015-04-14 23:23:09,874 DEBUG - Retrieved @ProfileValueSourceConfiguration [null] for test class [NewsDaoTest]
org.springframework.test.annotation.ProfileValueUtils 2015-04-14 23:23:09,874 DEBUG - Retrieved ProfileValueSource type [class org.springframework.test.annotation.SystemProfileValueSource] for class [NewsDaoTest]
org.springframework.test.context.TestContextManager 2015-04-14 23:23:09,874 TRACE - beforeTestClass(): class [NewsDaoTest]
org.springframework.test.annotation.ProfileValueUtils 2015-04-14 23:23:09,874 DEBUG - Retrieved @ProfileValueSourceConfiguration [null] for test class [NewsDaoTest]
org.springframework.test.annotation.ProfileValueUtils 2015-04-14 23:23:09,884 DEBUG - Retrieved ProfileValueSource type [class org.springframework.test.annotation.SystemProfileValueSource] for class [NewsDaoTest]
org.springframework.test.context.TestContextManager 2015-04-14 23:23:09,884 TRACE - prepareTestInstance(): instance [NewsDaoTest@53b32d7]
org.springframework.test.context.support.DependencyInjectionTestExecutionListener 2015-04-14 23:23:09,884 DEBUG - Performing dependency injection for test context [[DefaultTestContext@5442a311 testClass = NewsDaoTest, testInstance = NewsDaoTest@53b32d7, testMethod = [null], testException = [null], mergedContextConfiguration = [MergedContextConfiguration@548e7350 testClass = NewsDaoTest, locations = &apos;{classpath:/entities-hib-test.xml}&apos;, classes = &apos;{}&apos;, contextInitializerClasses = &apos;[]&apos;, activeProfiles = &apos;{}&apos;, propertySourceLocations = &apos;{}&apos;, propertySourceProperties = &apos;{}&apos;, contextLoader = &apos;org.springframework.test.context.support.DelegatingSmartContextLoader&apos;, parent = [null]]]].
org.springframework.test.context.support.AbstractDelegatingSmartContextLoader 2015-04-14 23:23:09,884 DEBUG - Delegating to GenericXmlContextLoader to load context from [MergedContextConfiguration@548e7350 testClass = NewsDaoTest, locations = &apos;{classpath:/entities-hib-test.xml}&apos;, classes = &apos;{}&apos;, contextInitializerClasses = &apos;[]&apos;, activeProfiles = &apos;{}&apos;, propertySourceLocations = &apos;{}&apos;, propertySourceProperties = &apos;{}&apos;, contextLoader = &apos;org.springframework.test.context.support.DelegatingSmartContextLoader&apos;, parent = [null]].
org.springframework.test.context.support.AbstractGenericContextLoader 2015-04-14 23:23:09,884 DEBUG - Loading ApplicationContext for merged context configuration [[MergedContextConfiguration@548e7350 testClass = NewsDaoTest, locations = &apos;{classpath:/entities-hib-test.xml}&apos;, classes = &apos;{}&apos;, contextInitializerClasses = &apos;[]&apos;, activeProfiles = &apos;{}&apos;, propertySourceLocations = &apos;{}&apos;, propertySourceProperties = &apos;{}&apos;, contextLoader = &apos;org.springframework.test.context.support.DelegatingSmartContextLoader&apos;, parent = [null]]].
org.springframework.core.env.MutablePropertySources 2015-04-14 23:23:09,994 DEBUG - Adding [systemProperties] PropertySource with lowest search precedence
org.springframework.core.env.MutablePropertySources 2015-04-14 23:23:09,994 DEBUG - Adding [systemEnvironment] PropertySource with lowest search precedence
org.springframework.core.env.AbstractEnvironment 2015-04-14 23:23:09,994 DEBUG - Initialized StandardEnvironment with PropertySources [systemProperties,systemEnvironment]
org.springframework.beans.factory.xml.XmlBeanDefinitionReader 2015-04-14 23:23:10,014 INFO  - Loading XML bean definitions from class path resource [entities-hib-test.xml]
org.springframework.beans.factory.xml.DefaultDocumentLoader 2015-04-14 23:23:10,065 DEBUG - Using JAXP provider [com.sun.org.apache.xerces.internal.jaxp.DocumentBuilderFactoryImpl]
org.springframework.beans.factory.xml.PluggableSchemaResolver 2015-04-14 23:23:10,086 TRACE - Trying to resolve XML entity with public id [null] and system id [http://www.springframework.org/schema/beans/spring-beans-3.0.xsd]
org.springframework.beans.factory.xml.PluggableSchemaResolver 2015-04-14 23:23:10,086 DEBUG - Loading schema mappings from [META-INF/spring.schemas]
org.springframework.beans.factory.xml.PluggableSchemaResolver 2015-04-14 23:23:10,096 DEBUG - Loaded schema mappings: {http://www.springframework.org/schema/tx/spring-tx-2.5.xsd=org/springframework/transaction/config/spring-tx-2.5.xsd, http://www.springframework.org/schema/aop/spring-aop-4.1.xsd=org/springframework/aop/config/spring-aop-4.1.xsd, http://www.springframework.org/schema/context/spring-context-3.1.xsd=org/springframework/context/config/spring-context-3.1.xsd, http://www.springframework.org/schema/jdbc/spring-jdbc-4.1.xsd=org/springframework/jdbc/config/spring-jdbc-4.1.xsd, http://www.springframework.org/schema/util/spring-util-3.0.xsd=org/springframework/beans/factory/xml/spring-util-3.0.xsd, http://www.springframework.org/schema/aop/spring-aop-3.2.xsd=org/springframework/aop/config/spring-aop-3.2.xsd, http://www.springframework.org/schema/tool/spring-tool.xsd=org/springframework/beans/factory/xml/spring-tool-4.1.xsd, http://www.springframework.org/schema/lang/spring-lang-4.1.xsd=org/springframework/scripting/config/spring-lang-4.1.xsd, http://www.springframework.org/schema/context/spring-context-4.0.xsd=org/springframework/context/config/spring-context-4.0.xsd, http://www.springframework.org/schema/tool/spring-tool-4.1.xsd=org/springframework/beans/factory/xml/spring-tool-4.1.xsd, http://www.springframework.org/schema/lang/spring-lang-3.2.xsd=org/springframework/scripting/config/spring-lang-3.2.xsd, http://www.springframework.org/schema/cache/spring-cache-3.2.xsd=org/springframework/cache/config/spring-cache-3.2.xsd, http://www.springframework.org/schema/jee/spring-jee-4.1.xsd=org/springframework/ejb/config/spring-jee-4.1.xsd, http://www.springframework.org/schema/jdbc/spring-jdbc-3.1.xsd=org/springframework/jdbc/config/spring-jdbc-3.1.xsd, http://www.springframework.org/schema/util/spring-util-2.0.xsd=org/springframework/beans/factory/xml/spring-util-2.0.xsd, http://www.springframework.org/schema/tool/spring-tool-3.2.xsd=org/springframework/beans/factory/xml/spring-tool-3.2.xsd, http://www.springframework.org/schema/context/spring-context.xsd=org/springframework/context/config/spring-context-4.1.xsd, http://www.springframework.org/schema/cache/spring-cache-4.1.xsd=org/springframework/cache/config/spring-cache-4.1.xsd, http://www.springframework.org/schema/aop/spring-aop-4.0.xsd=org/springframework/aop/config/spring-aop-4.0.xsd, http://www.springframework.org/schema/jee/spring-jee-3.2.xsd=org/springframework/ejb/config/spring-jee-3.2.xsd, http://www.springframework.org/schema/context/spring-context-3.0.xsd=org/springframework/context/config/spring-context-3.0.xsd, http://www.springframework.org/schema/jdbc/spring-jdbc-4.0.xsd=org/springframework/jdbc/config/spring-jdbc-4.0.xsd, http://www.springframework.org/schema/util/spring-util-2.5.xsd=org/springframework/beans/factory/xml/spring-util-2.5.xsd, http://www.springframework.org/schema/beans/spring-beans-3.2.xsd=org/springframework/beans/factory/xml/spring-beans-3.2.xsd, http://www.springframework.org/schema/aop/spring-aop-3.1.xsd=org/springframework/aop/config/spring-aop-3.1.xsd, http://www.springframework.org/schema/lang/spring-lang-4.0.xsd=org/springframework/scripting/config/spring-lang-4.0.xsd, http://www.springframework.org/schema/beans/spring-beans-4.1.xsd=org/springframework/beans/factory/xml/spring-beans-4.1.xsd, http://www.springframework.org/schema/tool/spring-tool-4.0.xsd=org/springframework/beans/factory/xml/spring-tool-4.0.xsd, http://www.springframework.org/schema/lang/spring-lang-3.1.xsd=org/springframework/scripting/config/spring-lang-3.1.xsd, http://www.springframework.org/schema/tx/spring-tx-3.2.xsd=org/springframework/transaction/config/spring-tx-3.2.xsd, http://www.springframework.org/schema/cache/spring-cache-3.1.xsd=org/springframework/cache/config/spring-cache-3.1.xsd, http://www.springframework.org/schema/jee/spring-jee-4.0.xsd=org/springframework/ejb/config/spring-jee-4.0.xsd, http://www.springframework.org/schema/jdbc/spring-jdbc-3.0.xsd=org/springframework/jdbc/config/spring-jdbc-3.0.xsd, http://www.springframework.org/schema/task/spring-task-4.1.xsd=org/springframework/scheduling/config/spring-task-4.1.xsd, http://www.springframework.org/schema/jdbc/spring-jdbc.xsd=org/springframework/jdbc/config/spring-jdbc-4.1.xsd, http://www.springframework.org/schema/tool/spring-tool-3.1.xsd=org/springframework/beans/factory/xml/spring-tool-3.1.xsd, http://www.springframework.org/schema/tx/spring-tx-4.1.xsd=org/springframework/transaction/config/spring-tx-4.1.xsd, http://www.springframework.org/schema/cache/spring-cache-4.0.xsd=org/springframework/cache/config/spring-cache-4.0.xsd, http://www.springframework.org/schema/jee/spring-jee-3.1.xsd=org/springframework/ejb/config/spring-jee-3.1.xsd, http://www.springframework.org/schema/task/spring-task-3.2.xsd=org/springframework/scheduling/config/spring-task-3.2.xsd, http://www.springframework.org/schema/beans/spring-beans-3.1.xsd=org/springframework/beans/factory/xml/spring-beans-3.1.xsd, http://www.springframework.org/schema/util/spring-util.xsd=org/springframework/beans/factory/xml/spring-util-4.1.xsd, http://www.springframework.org/schema/aop/spring-aop-3.0.xsd=org/springframework/aop/config/spring-aop-3.0.xsd, http://www.springframework.org/schema/beans/spring-beans-4.0.xsd=org/springframework/beans/factory/xml/spring-beans-4.0.xsd, http://www.springframework.org/schema/beans/spring-beans.xsd=org/springframework/beans/factory/xml/spring-beans-4.1.xsd, http://www.springframework.org/schema/lang/spring-lang-3.0.xsd=org/springframework/scripting/config/spring-lang-3.0.xsd, http://www.springframework.org/schema/tx/spring-tx-3.1.xsd=org/springframework/transaction/config/spring-tx-3.1.xsd, http://www.springframework.org/schema/context/spring-context-2.5.xsd=org/springframework/context/config/spring-context-2.5.xsd, http://www.springframework.org/schema/task/spring-task-4.0.xsd=org/springframework/scheduling/config/spring-task-4.0.xsd, http://www.springframework.org/schema/tool/spring-tool-3.0.xsd=org/springframework/beans/factory/xml/spring-tool-3.0.xsd, http://www.springframework.org/schema/tx/spring-tx-4.0.xsd=org/springframework/transaction/config/spring-tx-4.0.xsd, http://www.springframework.org/schema/aop/spring-aop-2.0.xsd=org/springframework/aop/config/spring-aop-2.0.xsd, http://www.springframework.org/schema/jee/spring-jee-3.0.xsd=org/springframework/ejb/config/spring-jee-3.0.xsd, http://www.springframework.org/schema/util/spring-util-4.1.xsd=org/springframework/beans/factory/xml/spring-util-4.1.xsd, http://www.springframework.org/schema/task/spring-task-3.1.xsd=org/springframework/scheduling/config/spring-task-3.1.xsd, http://www.springframework.org/schema/beans/spring-beans-3.0.xsd=org/springframework/beans/factory/xml/spring-beans-3.0.xsd, http://www.springframework.org/schema/jee/spring-jee.xsd=org/springframework/ejb/config/spring-jee-4.1.xsd, http://www.springframework.org/schema/aop/spring-aop-2.5.xsd=org/springframework/aop/config/spring-aop-2.5.xsd, http://www.springframework.org/schema/lang/spring-lang-2.0.xsd=org/springframework/scripting/config/spring-lang-2.0.xsd, http://www.springframework.org/schema/util/spring-util-3.2.xsd=org/springframework/beans/factory/xml/spring-util-3.2.xsd, http://www.springframework.org/schema/task/spring-task.xsd=org/springframework/scheduling/config/spring-task-4.1.xsd, http://www.springframework.org/schema/tool/spring-tool-2.0.xsd=org/springframework/beans/factory/xml/spring-tool-2.0.xsd, http://www.springframework.org/schema/tx/spring-tx-3.0.xsd=org/springframework/transaction/config/spring-tx-3.0.xsd, http://www.springframework.org/schema/lang/spring-lang-2.5.xsd=org/springframework/scripting/config/spring-lang-2.5.xsd, http://www.springframework.org/schema/jee/spring-jee-2.0.xsd=org/springframework/ejb/config/spring-jee-2.0.xsd, http://www.springframework.org/schema/tool/spring-tool-2.5.xsd=org/springframework/beans/factory/xml/spring-tool-2.5.xsd, http://www.springframework.org/schema/jee/spring-jee-2.5.xsd=org/springframework/ejb/config/spring-jee-2.5.xsd, http://www.springframework.org/schema/util/spring-util-4.0.xsd=org/springframework/beans/factory/xml/spring-util-4.0.xsd, http://www.springframework.org/schema/task/spring-task-3.0.xsd=org/springframework/scheduling/config/spring-task-3.0.xsd, http://www.springframework.org/schema/lang/spring-lang.xsd=org/springframework/scripting/config/spring-lang-4.1.xsd, http://www.springframework.org/schema/context/spring-context-3.2.xsd=org/springframework/context/config/spring-context-3.2.xsd, http://www.springframework.org/schema/util/spring-util-3.1.xsd=org/springframework/beans/factory/xml/spring-util-3.1.xsd, http://www.springframework.org/schema/beans/spring-beans-2.0.xsd=org/springframework/beans/factory/xml/spring-beans-2.0.xsd, http://www.springframework.org/schema/cache/spring-cache.xsd=org/springframework/cache/config/spring-cache-4.1.xsd, http://www.springframework.org/schema/tx/spring-tx.xsd=org/springframework/transaction/config/spring-tx-4.1.xsd, http://www.springframework.org/schema/context/spring-context-4.1.xsd=org/springframework/context/config/spring-context-4.1.xsd, http://www.springframework.org/schema/beans/spring-beans-2.5.xsd=org/springframework/beans/factory/xml/spring-beans-2.5.xsd, http://www.springframework.org/schema/tx/spring-tx-2.0.xsd=org/springframework/transaction/config/spring-tx-2.0.xsd, http://www.springframework.org/schema/jdbc/spring-jdbc-3.2.xsd=org/springframework/jdbc/config/spring-jdbc-3.2.xsd, http://www.springframework.org/schema/aop/spring-aop.xsd=org/springframework/aop/config/spring-aop-4.1.xsd}
org.springframework.beans.factory.xml.PluggableSchemaResolver 2015-04-14 23:23:10,096 DEBUG - Found XML schema [http://www.springframework.org/schema/beans/spring-beans-3.0.xsd] in classpath: org/springframework/beans/factory/xml/spring-beans-3.0.xsd
org.springframework.beans.factory.xml.PluggableSchemaResolver 2015-04-14 23:23:10,146 TRACE - Trying to resolve XML entity with public id [null] and system id [http://www.springframework.org/schema/context/spring-context-3.0.xsd]
org.springframework.beans.factory.xml.PluggableSchemaResolver 2015-04-14 23:23:10,146 DEBUG - Found XML schema [http://www.springframework.org/schema/context/spring-context-3.0.xsd] in classpath: org/springframework/context/config/spring-context-3.0.xsd
org.springframework.beans.factory.xml.PluggableSchemaResolver 2015-04-14 23:23:10,156 TRACE - Trying to resolve XML entity with public id [null] and system id [http://www.springframework.org/schema/tool/spring-tool-3.0.xsd]
org.springframework.beans.factory.xml.PluggableSchemaResolver 2015-04-14 23:23:10,156 DEBUG - Found XML schema [http://www.springframework.org/schema/tool/spring-tool-3.0.xsd] in classpath: org/springframework/beans/factory/xml/spring-tool-3.0.xsd
org.springframework.beans.factory.xml.PluggableSchemaResolver 2015-04-14 23:23:10,166 TRACE - Trying to resolve XML entity with public id [null] and system id [http://www.springframework.org/schema/tx/spring-tx.xsd]
org.springframework.beans.factory.xml.PluggableSchemaResolver 2015-04-14 23:23:10,166 DEBUG - Found XML schema [http://www.springframework.org/schema/tx/spring-tx.xsd] in classpath: org/springframework/transaction/config/spring-tx-4.1.xsd
org.springframework.beans.factory.xml.DefaultBeanDefinitionDocumentReader 2015-04-14 23:23:10,176 DEBUG - Loading bean definitions
org.springframework.beans.factory.xml.DefaultNamespaceHandlerResolver 2015-04-14 23:23:10,186 DEBUG - Loaded NamespaceHandler mappings: {http://www.springframework.org/schema/p=org.springframework.beans.factory.xml.SimplePropertyNamespaceHandler, http://www.springframework.org/schema/util=org.springframework.beans.factory.xml.UtilNamespaceHandler, http://www.springframework.org/schema/jee=org.springframework.ejb.config.JeeNamespaceHandler, http://www.springframework.org/schema/aop=org.springframework.aop.config.AopNamespaceHandler, http://www.springframework.org/schema/jdbc=org.springframework.jdbc.config.JdbcNamespaceHandler, http://www.springframework.org/schema/cache=org.springframework.cache.config.CacheNamespaceHandler, http://www.springframework.org/schema/c=org.springframework.beans.factory.xml.SimpleConstructorNamespaceHandler, http://www.springframework.org/schema/tx=org.springframework.transaction.config.TxNamespaceHandler, http://www.springframework.org/schema/task=org.springframework.scheduling.config.TaskNamespaceHandler, http://www.springframework.org/schema/lang=org.springframework.scripting.config.LangNamespaceHandler, http://www.springframework.org/schema/context=org.springframework.context.config.ContextNamespaceHandler}
org.springframework.beans.factory.support.AbstractBeanDefinitionReader 2015-04-14 23:23:10,246 DEBUG - Loaded 13 bean definitions from location pattern [classpath:/entities-hib-test.xml]
org.springframework.context.support.AbstractApplicationContext 2015-04-14 23:23:10,246 INFO  - Refreshing org.springframework.context.support.GenericApplicationContext@1ed4004b: startup date [Tue Apr 14 23:23:10 FET 2015]; root of context hierarchy
org.springframework.context.support.AbstractApplicationContext 2015-04-14 23:23:10,246 DEBUG - Bean factory for org.springframework.context.support.GenericApplicationContext@1ed4004b: org.springframework.beans.factory.support.DefaultListableBeanFactory@709ba3fb: defining beans [org.springframework.context.annotation.internalConfigurationAnnotationProcessor,org.springframework.context.annotation.internalAutowiredAnnotationProcessor,org.springframework.context.annotation.internalRequiredAnnotationProcessor,org.springframework.context.annotation.internalCommonAnnotationProcessor,org.springframework.context.annotation.internalPersistenceAnnotationProcessor,dataSource,sessionFactory,newsDao,transactionManager,org.springframework.aop.config.internalAutoProxyCreator,org.springframework.transaction.annotation.AnnotationTransactionAttributeSource#0,org.springframework.transaction.interceptor.TransactionInterceptor#0,org.springframework.transaction.config.internalTransactionAdvisor]; root of factory hierarchy
org.springframework.beans.factory.support.DefaultSingletonBeanRegistry 2015-04-14 23:23:10,266 DEBUG - Creating shared instance of singleton bean &apos;org.springframework.context.annotation.internalConfigurationAnnotationProcessor&apos;
org.springframework.beans.factory.support.AbstractAutowireCapableBeanFactory 2015-04-14 23:23:10,266 DEBUG - Creating instance of bean &apos;org.springframework.context.annotation.internalConfigurationAnnotationProcessor&apos;
org.springframework.beans.factory.support.AbstractAutowireCapableBeanFactory 2015-04-14 23:23:10,286 DEBUG - Eagerly caching bean &apos;org.springframework.context.annotation.internalConfigurationAnnotationProcessor&apos; to allow for resolving potential circular references
org.springframework.beans.factory.support.AbstractAutowireCapableBeanFactory 2015-04-14 23:23:10,296 DEBUG - Finished creating instance of bean &apos;org.springframework.context.annotation.internalConfigurationAnnotationProcessor&apos;
org.springframework.beans.factory.support.DefaultSingletonBeanRegistry 2015-04-14 23:23:10,366 DEBUG - Creating shared instance of singleton bean &apos;org.springframework.context.annotation.internalAutowiredAnnotationProcessor&apos;
org.springframework.beans.factory.support.AbstractAutowireCapableBeanFactory 2015-04-14 23:23:10,366 DEBUG - Creating instance of bean &apos;org.springframework.context.annotation.internalAutowiredAnnotationProcessor&apos;
org.springframework.beans.factory.support.AbstractAutowireCapableBeanFactory 2015-04-14 23:23:10,376 DEBUG - Eagerly caching bean &apos;org.springframework.context.annotation.internalAutowiredAnnotationProcessor&apos; to allow for resolving potential circular references
org.springframework.beans.factory.support.AbstractAutowireCapableBeanFactory 2015-04-14 23:23:10,376 DEBUG - Finished creating instance of bean &apos;org.springframework.context.annotation.internalAutowiredAnnotationProcessor&apos;
org.springframework.beans.factory.support.DefaultSingletonBeanRegistry 2015-04-14 23:23:10,376 DEBUG - Creating shared instance of singleton bean &apos;org.springframework.context.annotation.internalRequiredAnnotationProcessor&apos;
org.springframework.beans.factory.support.AbstractAutowireCapableBeanFactory 2015-04-14 23:23:10,376 DEBUG - Creating instance of bean &apos;org.springframework.context.annotation.internalRequiredAnnotationProcessor&apos;
org.springframework.beans.factory.support.AbstractAutowireCapableBeanFactory 2015-04-14 23:23:10,376 DEBUG - Eagerly caching bean &apos;org.springframework.context.annotation.internalRequiredAnnotationProcessor&apos; to allow for resolving potential circular references
org.springframework.beans.factory.support.AbstractAutowireCapableBeanFactory 2015-04-14 23:23:10,376 DEBUG - Finished creating instance of bean &apos;org.springframework.context.annotation.internalRequiredAnnotationProcessor&apos;
org.springframework.beans.factory.support.DefaultSingletonBeanRegistry 2015-04-14 23:23:10,376 DEBUG - Creating shared instance of singleton bean &apos;org.springframework.context.annotation.internalCommonAnnotationProcessor&apos;
org.springframework.beans.factory.support.AbstractAutowireCapableBeanFactory 2015-04-14 23:23:10,376 DEBUG - Creating instance of bean &apos;org.springframework.context.annotation.internalCommonAnnotationProcessor&apos;
org.springframework.beans.factory.support.AbstractAutowireCapableBeanFactory 2015-04-14 23:23:10,386 DEBUG - Eagerly caching bean &apos;org.springframework.context.annotation.internalCommonAnnotationProcessor&apos; to allow for resolving potential circular references
org.springframework.beans.factory.support.AbstractAutowireCapableBeanFactory 2015-04-14 23:23:10,386 DEBUG - Finished creating instance of bean &apos;org.springframework.context.annotation.internalCommonAnnotationProcessor&apos;
org.springframework.beans.factory.support.DefaultSingletonBeanRegistry 2015-04-14 23:23:10,386 DEBUG - Creating shared instance of singleton bean &apos;org.springframework.context.annotation.internalPersistenceAnnotationProcessor&apos;
org.springframework.beans.factory.support.AbstractAutowireCapableBeanFactory 2015-04-14 23:23:10,386 DEBUG - Creating instance of bean &apos;org.springframework.context.annotation.internalPersistenceAnnotationProcessor&apos;
org.springframework.beans.factory.support.AbstractAutowireCapableBeanFactory 2015-04-14 23:23:10,386 DEBUG - Eagerly caching bean &apos;org.springframework.context.annotation.internalPersistenceAnnotationProcessor&apos; to allow for resolving potential circular references
org.springframework.beans.factory.support.AbstractAutowireCapableBeanFactory 2015-04-14 23:23:10,386 DEBUG - Finished creating instance of bean &apos;org.springframework.context.annotation.internalPersistenceAnnotationProcessor&apos;
org.springframework.beans.factory.support.DefaultSingletonBeanRegistry 2015-04-14 23:23:10,386 DEBUG - Creating shared instance of singleton bean &apos;org.springframework.context.annotation.ConfigurationClassPostProcessor.importAwareProcessor&apos;
org.springframework.beans.factory.support.AbstractAutowireCapableBeanFactory 2015-04-14 23:23:10,386 DEBUG - Creating instance of bean &apos;org.springframework.context.annotation.ConfigurationClassPostProcessor.importAwareProcessor&apos;
org.springframework.beans.factory.support.AbstractAutowireCapableBeanFactory 2015-04-14 23:23:10,386 DEBUG - Eagerly caching bean &apos;org.springframework.context.annotation.ConfigurationClassPostProcessor.importAwareProcessor&apos; to allow for resolving potential circular references
org.springframework.beans.factory.support.AbstractAutowireCapableBeanFactory 2015-04-14 23:23:10,386 DEBUG - Finished creating instance of bean &apos;org.springframework.context.annotation.ConfigurationClassPostProcessor.importAwareProcessor&apos;
org.springframework.beans.factory.support.DefaultSingletonBeanRegistry 2015-04-14 23:23:10,386 DEBUG - Creating shared instance of singleton bean &apos;org.springframework.context.annotation.ConfigurationClassPostProcessor.enhancedConfigurationProcessor&apos;
org.springframework.beans.factory.support.AbstractAutowireCapableBeanFactory 2015-04-14 23:23:10,386 DEBUG - Creating instance of bean &apos;org.springframework.context.annotation.ConfigurationClassPostProcessor.enhancedConfigurationProcessor&apos;
org.springframework.beans.factory.support.AbstractAutowireCapableBeanFactory 2015-04-14 23:23:10,386 DEBUG - Eagerly caching bean &apos;org.springframework.context.annotation.ConfigurationClassPostProcessor.enhancedConfigurationProcessor&apos; to allow for resolving potential circular references
org.springframework.beans.factory.support.AbstractAutowireCapableBeanFactory 2015-04-14 23:23:10,386 DEBUG - Finished creating instance of bean &apos;org.springframework.context.annotation.ConfigurationClassPostProcessor.enhancedConfigurationProcessor&apos;
org.springframework.beans.factory.support.DefaultSingletonBeanRegistry 2015-04-14 23:23:10,396 DEBUG - Creating shared instance of singleton bean &apos;org.springframework.aop.config.internalAutoProxyCreator&apos;
org.springframework.beans.factory.support.AbstractAutowireCapableBeanFactory 2015-04-14 23:23:10,396 DEBUG - Creating instance of bean &apos;org.springframework.aop.config.internalAutoProxyCreator&apos;
org.springframework.beans.factory.support.AbstractAutowireCapableBeanFactory 2015-04-14 23:23:10,406 DEBUG - Eagerly caching bean &apos;org.springframework.aop.config.internalAutoProxyCreator&apos; to allow for resolving potential circular references
org.springframework.core.io.support.SpringFactoriesLoader 2015-04-14 23:23:10,416 TRACE - Loaded [org.springframework.beans.BeanInfoFactory] names: [org.springframework.beans.ExtendedBeanInfoFactory]
org.springframework.beans.CachedIntrospectionResults 2015-04-14 23:23:10,416 TRACE - Getting BeanInfo for class [org.springframework.aop.framework.autoproxy.InfrastructureAdvisorAutoProxyCreator]
org.springframework.beans.CachedIntrospectionResults 2015-04-14 23:23:10,426 TRACE - Caching PropertyDescriptors for class [org.springframework.aop.framework.autoproxy.InfrastructureAdvisorAutoProxyCreator]
org.springframework.beans.CachedIntrospectionResults 2015-04-14 23:23:10,426 TRACE - Found bean property &apos;advisorAdapterRegistry&apos; of type [org.springframework.aop.framework.adapter.AdvisorAdapterRegistry]
org.springframework.beans.CachedIntrospectionResults 2015-04-14 23:23:10,436 TRACE - Found bean property &apos;applyCommonInterceptorsFirst&apos; of type [boolean]
org.springframework.beans.CachedIntrospectionResults 2015-04-14 23:23:10,436 TRACE - Found bean property &apos;beanClassLoader&apos; of type [java.lang.ClassLoader]
org.springframework.beans.CachedIntrospectionResults 2015-04-14 23:23:10,436 TRACE - Found bean property &apos;beanFactory&apos; of type [org.springframework.beans.factory.BeanFactory]
org.springframework.beans.CachedIntrospectionResults 2015-04-14 23:23:10,436 TRACE - Found bean property &apos;class&apos; of type [java.lang.Class]
org.springframework.beans.CachedIntrospectionResults 2015-04-14 23:23:10,436 TRACE - Found bean property &apos;customTargetSourceCreators&apos; of type [[Lorg.springframework.aop.framework.autoproxy.TargetSourceCreator;]
org.springframework.beans.CachedIntrospectionResults 2015-04-14 23:23:10,436 TRACE - Found bean property &apos;exposeProxy&apos; of type [boolean]
org.springframework.beans.CachedIntrospectionResults 2015-04-14 23:23:10,436 TRACE - Found bean property &apos;frozen&apos; of type [boolean]
org.springframework.beans.CachedIntrospectionResults 2015-04-14 23:23:10,436 TRACE - Found bean property &apos;interceptorNames&apos; of type [[Ljava.lang.String;]
org.springframework.beans.CachedIntrospectionResults 2015-04-14 23:23:10,436 TRACE - Found bean property &apos;opaque&apos; of type [boolean]
org.springframework.beans.CachedIntrospectionResults 2015-04-14 23:23:10,436 TRACE - Found bean property &apos;optimize&apos; of type [boolean]
org.springframework.beans.CachedIntrospectionResults 2015-04-14 23:23:10,436 TRACE - Found bean property &apos;order&apos; of type [int]
org.springframework.beans.CachedIntrospectionResults 2015-04-14 23:23:10,436 TRACE - Found bean property &apos;proxyClassLoader&apos; of type [java.lang.ClassLoader]
org.springframework.beans.CachedIntrospectionResults 2015-04-14 23:23:10,436 TRACE - Found bean property &apos;proxyTargetClass&apos; of type [boolean]
org.springframework.beans.factory.support.AbstractAutowireCapableBeanFactory 2015-04-14 23:23:10,446 DEBUG - Finished creating instance of bean &apos;org.springframework.aop.config.internalAutoProxyCreator&apos;
org.springframework.context.support.AbstractApplicationContext 2015-04-14 23:23:10,446 DEBUG - Unable to locate MessageSource with name &apos;messageSource&apos;: using default [org.springframework.context.support.DelegatingMessageSource@16ec5519]
org.springframework.context.support.AbstractApplicationContext 2015-04-14 23:23:10,446 DEBUG - Unable to locate ApplicationEventMulticaster with name &apos;applicationEventMulticaster&apos;: using default [org.springframework.context.event.SimpleApplicationEventMulticaster@20ce78ec]
org.springframework.beans.factory.support.DefaultListableBeanFactory 2015-04-14 23:23:10,456 DEBUG - Pre-instantiating singletons in org.springframework.beans.factory.support.DefaultListableBeanFactory@709ba3fb: defining beans [org.springframework.context.annotation.internalConfigurationAnnotationProcessor,org.springframework.context.annotation.internalAutowiredAnnotationProcessor,org.springframework.context.annotation.internalRequiredAnnotationProcessor,org.springframework.context.annotation.internalCommonAnnotationProcessor,org.springframework.context.annotation.internalPersistenceAnnotationProcessor,dataSource,sessionFactory,newsDao,transactionManager,org.springframework.aop.config.internalAutoProxyCreator,org.springframework.transaction.annotation.AnnotationTransactionAttributeSource#0,org.springframework.transaction.interceptor.TransactionInterceptor#0,org.springframework.transaction.config.internalTransactionAdvisor,org.springframework.context.annotation.ConfigurationClassPostProcessor.importAwareProcessor,org.springframework.context.annotation.ConfigurationClassPostProcessor.enhancedConfigurationProcessor]; root of factory hierarchy
org.springframework.beans.factory.support.AbstractBeanFactory 2015-04-14 23:23:10,456 DEBUG - Returning cached instance of singleton bean &apos;org.springframework.context.annotation.internalConfigurationAnnotationProcessor&apos;
org.springframework.beans.factory.support.AbstractBeanFactory 2015-04-14 23:23:10,456 DEBUG - Returning cached instance of singleton bean &apos;org.springframework.context.annotation.internalAutowiredAnnotationProcessor&apos;
org.springframework.beans.factory.support.AbstractBeanFactory 2015-04-14 23:23:10,456 DEBUG - Returning cached instance of singleton bean &apos;org.springframework.context.annotation.internalRequiredAnnotationProcessor&apos;
org.springframework.beans.factory.support.AbstractBeanFactory 2015-04-14 23:23:10,456 DEBUG - Returning cached instance of singleton bean &apos;org.springframework.context.annotation.internalCommonAnnotationProcessor&apos;
org.springframework.beans.factory.support.AbstractBeanFactory 2015-04-14 23:23:10,456 DEBUG - Returning cached instance of singleton bean &apos;org.springframework.context.annotation.internalPersistenceAnnotationProcessor&apos;
org.springframework.beans.factory.support.DefaultSingletonBeanRegistry 2015-04-14 23:23:10,456 DEBUG - Creating shared instance of singleton bean &apos;dataSource&apos;
org.springframework.beans.factory.support.AbstractAutowireCapableBeanFactory 2015-04-14 23:23:10,456 DEBUG - Creating instance of bean &apos;dataSource&apos;
org.springframework.beans.factory.support.AbstractAutowireCapableBeanFactory 2015-04-14 23:23:10,466 DEBUG - Eagerly caching bean &apos;dataSource&apos; to allow for resolving potential circular references
org.springframework.beans.CachedIntrospectionResults 2015-04-14 23:23:10,466 TRACE - Getting BeanInfo for class [org.apache.commons.dbcp.BasicDataSource]
org.springframework.beans.CachedIntrospectionResults 2015-04-14 23:23:10,486 TRACE - Caching PropertyDescriptors for class [org.apache.commons.dbcp.BasicDataSource]
org.springframework.beans.CachedIntrospectionResults 2015-04-14 23:23:10,486 TRACE - Found bean property &apos;accessToUnderlyingConnectionAllowed&apos; of type [boolean]
org.springframework.beans.CachedIntrospectionResults 2015-04-14 23:23:10,486 TRACE - Found bean property &apos;class&apos; of type [java.lang.Class]
org.springframework.beans.CachedIntrospectionResults 2015-04-14 23:23:10,486 TRACE - Found bean property &apos;closed&apos; of type [boolean]
org.springframework.beans.CachedIntrospectionResults 2015-04-14 23:23:10,486 TRACE - Found bean property &apos;connection&apos; of type [java.sql.Connection]
org.springframework.beans.CachedIntrospectionResults 2015-04-14 23:23:10,486 TRACE - Found bean property &apos;connectionInitSqls&apos; of type [java.util.Collection]
org.springframework.beans.CachedIntrospectionResults 2015-04-14 23:23:10,486 TRACE - Found bean property &apos;connectionProperties&apos; of type [java.lang.String]
org.springframework.beans.CachedIntrospectionResults 2015-04-14 23:23:10,496 TRACE - Found bean property &apos;defaultAutoCommit&apos; of type [boolean]
org.springframework.beans.CachedIntrospectionResults 2015-04-14 23:23:10,496 TRACE - Found bean property &apos;defaultCatalog&apos; of type [java.lang.String]
org.springframework.beans.CachedIntrospectionResults 2015-04-14 23:23:10,496 TRACE - Found bean property &apos;defaultReadOnly&apos; of type [boolean]
org.springframework.beans.CachedIntrospectionResults 2015-04-14 23:23:10,496 TRACE - Found bean property &apos;defaultTransactionIsolation&apos; of type [int]
org.springframework.beans.CachedIntrospectionResults 2015-04-14 23:23:10,496 TRACE - Found bean property &apos;driverClassLoader&apos; of type [java.lang.ClassLoader]
org.springframework.beans.CachedIntrospectionResults 2015-04-14 23:23:10,496 TRACE - Found bean property &apos;driverClassName&apos; of type [java.lang.String]
org.springframework.beans.CachedIntrospectionResults 2015-04-14 23:23:10,496 TRACE - Found bean property &apos;initialSize&apos; of type [int]
org.springframework.beans.CachedIntrospectionResults 2015-04-14 23:23:10,496 TRACE - Found bean property &apos;logAbandoned&apos; of type [boolean]
org.springframework.beans.CachedIntrospectionResults 2015-04-14 23:23:10,496 TRACE - Found bean property &apos;logWriter&apos; of type [java.io.PrintWriter]
org.springframework.beans.CachedIntrospectionResults 2015-04-14 23:23:10,496 TRACE - Found bean property &apos;loginTimeout&apos; of type [int]
org.springframework.beans.CachedIntrospectionResults 2015-04-14 23:23:10,496 TRACE - Found bean property &apos;maxActive&apos; of type [int]
org.springframework.beans.CachedIntrospectionResults 2015-04-14 23:23:10,496 TRACE - Found bean property &apos;maxIdle&apos; of type [int]
org.springframework.beans.CachedIntrospectionResults 2015-04-14 23:23:10,496 TRACE - Found bean property &apos;maxOpenPreparedStatements&apos; of type [int]
org.springframework.beans.CachedIntrospectionResults 2015-04-14 23:23:10,496 TRACE - Found bean property &apos;maxWait&apos; of type [long]
org.springframework.beans.CachedIntrospectionResults 2015-04-14 23:23:10,496 TRACE - Found bean property &apos;minEvictableIdleTimeMillis&apos; of type [long]
org.springframework.beans.CachedIntrospectionResults 2015-04-14 23:23:10,496 TRACE - Found bean property &apos;minIdle&apos; of type [int]
org.springframework.beans.CachedIntrospectionResults 2015-04-14 23:23:10,496 TRACE - Found bean property &apos;numActive&apos; of type [int]
org.springframework.beans.CachedIntrospectionResults 2015-04-14 23:23:10,496 TRACE - Found bean property &apos;numIdle&apos; of type [int]
org.springframework.beans.CachedIntrospectionResults 2015-04-14 23:23:10,496 TRACE - Found bean property &apos;numTestsPerEvictionRun&apos; of type [int]
org.springframework.beans.CachedIntrospectionResults 2015-04-14 23:23:10,496 TRACE - Found bean property &apos;password&apos; of type [java.lang.String]
org.springframework.beans.CachedIntrospectionResults 2015-04-14 23:23:10,506 TRACE - Found bean property &apos;poolPreparedStatements&apos; of type [boolean]
org.springframework.beans.CachedIntrospectionResults 2015-04-14 23:23:10,506 TRACE - Found bean property &apos;removeAbandoned&apos; of type [boolean]
org.springframework.beans.CachedIntrospectionResults 2015-04-14 23:23:10,506 TRACE - Found bean property &apos;removeAbandonedTimeout&apos; of type [int]
org.springframework.beans.CachedIntrospectionResults 2015-04-14 23:23:10,506 TRACE - Found bean property &apos;testOnBorrow&apos; of type [boolean]
org.springframework.beans.CachedIntrospectionResults 2015-04-14 23:23:10,506 TRACE - Found bean property &apos;testOnReturn&apos; of type [boolean]
org.springframework.beans.CachedIntrospectionResults 2015-04-14 23:23:10,506 TRACE - Found bean property &apos;testWhileIdle&apos; of type [boolean]
org.springframework.beans.CachedIntrospectionResults 2015-04-14 23:23:10,506 TRACE - Found bean property &apos;timeBetweenEvictionRunsMillis&apos; of type [long]
org.springframework.beans.CachedIntrospectionResults 2015-04-14 23:23:10,506 TRACE - Found bean property &apos;url&apos; of type [java.lang.String]
org.springframework.beans.CachedIntrospectionResults 2015-04-14 23:23:10,506 TRACE - Found bean property &apos;username&apos; of type [java.lang.String]
org.springframework.beans.CachedIntrospectionResults 2015-04-14 23:23:10,506 TRACE - Found bean property &apos;validationQuery&apos; of type [java.lang.String]
org.springframework.beans.CachedIntrospectionResults 2015-04-14 23:23:10,506 TRACE - Found bean property &apos;validationQueryTimeout&apos; of type [int]
org.springframework.beans.factory.support.DefaultSingletonBeanRegistry 2015-04-14 23:23:10,526 DEBUG - Creating shared instance of singleton bean &apos;org.springframework.transaction.config.internalTransactionAdvisor&apos;
org.springframework.beans.factory.support.AbstractAutowireCapableBeanFactory 2015-04-14 23:23:10,526 DEBUG - Creating instance of bean &apos;org.springframework.transaction.config.internalTransactionAdvisor&apos;
org.springframework.aop.framework.autoproxy.AbstractAutoProxyCreator 2015-04-14 23:23:10,526 TRACE - Did not attempt to auto-proxy infrastructure class [org.springframework.transaction.interceptor.BeanFactoryTransactionAttributeSourceAdvisor]
org.springframework.beans.factory.support.AbstractAutowireCapableBeanFactory 2015-04-14 23:23:10,526 DEBUG - Eagerly caching bean &apos;org.springframework.transaction.config.internalTransactionAdvisor&apos; to allow for resolving potential circular references
org.springframework.beans.CachedIntrospectionResults 2015-04-14 23:23:10,526 TRACE - Getting BeanInfo for class [org.springframework.transaction.interceptor.BeanFactoryTransactionAttributeSourceAdvisor]
org.springframework.beans.CachedIntrospectionResults 2015-04-14 23:23:10,536 TRACE - Caching PropertyDescriptors for class [org.springframework.transaction.interceptor.BeanFactoryTransactionAttributeSourceAdvisor]
org.springframework.beans.CachedIntrospectionResults 2015-04-14 23:23:10,536 TRACE - Found bean property &apos;advice&apos; of type [org.aopalliance.aop.Advice]
org.springframework.beans.CachedIntrospectionResults 2015-04-14 23:23:10,537 TRACE - Found bean property &apos;adviceBeanName&apos; of type [java.lang.String]
org.springframework.beans.CachedIntrospectionResults 2015-04-14 23:23:10,537 TRACE - Found bean property &apos;beanFactory&apos; of type [org.springframework.beans.factory.BeanFactory]
org.springframework.beans.CachedIntrospectionResults 2015-04-14 23:23:10,538 TRACE - Found bean property &apos;class&apos; of type [java.lang.Class]
org.springframework.beans.CachedIntrospectionResults 2015-04-14 23:23:10,538 TRACE - Found bean property &apos;classFilter&apos; of type [org.springframework.aop.ClassFilter]
org.springframework.beans.CachedIntrospectionResults 2015-04-14 23:23:10,539 TRACE - Found bean property &apos;order&apos; of type [int]
org.springframework.beans.CachedIntrospectionResults 2015-04-14 23:23:10,539 TRACE - Found bean property &apos;perInstance&apos; of type [boolean]
org.springframework.beans.CachedIntrospectionResults 2015-04-14 23:23:10,539 TRACE - Found bean property &apos;pointcut&apos; of type [org.springframework.aop.Pointcut]
org.springframework.beans.CachedIntrospectionResults 2015-04-14 23:23:10,540 TRACE - Found bean property &apos;transactionAttributeSource&apos; of type [org.springframework.transaction.interceptor.TransactionAttributeSource]
org.springframework.beans.factory.support.DefaultSingletonBeanRegistry 2015-04-14 23:23:10,540 DEBUG - Creating shared instance of singleton bean &apos;org.springframework.transaction.annotation.AnnotationTransactionAttributeSource#0&apos;
org.springframework.beans.factory.support.AbstractAutowireCapableBeanFactory 2015-04-14 23:23:10,541 DEBUG - Creating instance of bean &apos;org.springframework.transaction.annotation.AnnotationTransactionAttributeSource#0&apos;
org.springframework.beans.factory.support.AbstractAutowireCapableBeanFactory 2015-04-14 23:23:10,542 DEBUG - Eagerly caching bean &apos;org.springframework.transaction.annotation.AnnotationTransactionAttributeSource#0&apos; to allow for resolving potential circular references
org.springframework.beans.CachedIntrospectionResults 2015-04-14 23:23:10,542 TRACE - Getting BeanInfo for class [org.springframework.transaction.annotation.AnnotationTransactionAttributeSource]
org.springframework.beans.CachedIntrospectionResults 2015-04-14 23:23:10,546 TRACE - Caching PropertyDescriptors for class [org.springframework.transaction.annotation.AnnotationTransactionAttributeSource]
org.springframework.beans.CachedIntrospectionResults 2015-04-14 23:23:10,547 TRACE - Found bean property &apos;class&apos; of type [java.lang.Class]
org.springframework.aop.framework.autoproxy.BeanFactoryAdvisorRetrievalHelper 2015-04-14 23:23:10,547 DEBUG - Skipping currently created advisor &apos;org.springframework.transaction.config.internalTransactionAdvisor&apos;
org.springframework.beans.factory.support.AbstractAutowireCapableBeanFactory 2015-04-14 23:23:10,550 DEBUG - Finished creating instance of bean &apos;org.springframework.transaction.annotation.AnnotationTransactionAttributeSource#0&apos;
org.springframework.beans.factory.support.AbstractAutowireCapableBeanFactory 2015-04-14 23:23:10,551 DEBUG - Finished creating instance of bean &apos;org.springframework.transaction.config.internalTransactionAdvisor&apos;
org.springframework.beans.factory.support.AbstractAutowireCapableBeanFactory 2015-04-14 23:23:10,556 DEBUG - Finished creating instance of bean &apos;dataSource&apos;
org.springframework.beans.factory.support.DefaultSingletonBeanRegistry 2015-04-14 23:23:10,556 DEBUG - Creating shared instance of singleton bean &apos;sessionFactory&apos;
org.springframework.beans.factory.support.AbstractAutowireCapableBeanFactory 2015-04-14 23:23:10,557 DEBUG - Creating instance of bean &apos;sessionFactory&apos;
org.springframework.beans.factory.support.AbstractAutowireCapableBeanFactory 2015-04-14 23:23:10,558 DEBUG - Eagerly caching bean &apos;sessionFactory&apos; to allow for resolving potential circular references
org.springframework.beans.CachedIntrospectionResults 2015-04-14 23:23:10,558 TRACE - Getting BeanInfo for class [org.springframework.orm.hibernate4.LocalSessionFactoryBean]
org.springframework.beans.CachedIntrospectionResults 2015-04-14 23:23:10,568 TRACE - Caching PropertyDescriptors for class [org.springframework.orm.hibernate4.LocalSessionFactoryBean]
org.springframework.beans.CachedIntrospectionResults 2015-04-14 23:23:10,568 TRACE - Found bean property &apos;annotatedClasses&apos; of type [[Ljava.lang.Class;]
org.springframework.beans.CachedIntrospectionResults 2015-04-14 23:23:10,568 TRACE - Found bean property &apos;annotatedPackages&apos; of type [[Ljava.lang.String;]
org.springframework.beans.CachedIntrospectionResults 2015-04-14 23:23:10,568 TRACE - Found bean property &apos;cacheRegionFactory&apos; of type [org.hibernate.cache.spi.RegionFactory]
org.springframework.beans.CachedIntrospectionResults 2015-04-14 23:23:10,568 TRACE - Found bean property &apos;cacheableMappingLocations&apos; of type [[Lorg.springframework.core.io.Resource;]
org.springframework.beans.CachedIntrospectionResults 2015-04-14 23:23:10,568 TRACE - Found bean property &apos;class&apos; of type [java.lang.Class]
org.springframework.beans.CachedIntrospectionResults 2015-04-14 23:23:10,568 TRACE - Found bean property &apos;configLocation&apos; of type [org.springframework.core.io.Resource]
org.springframework.beans.CachedIntrospectionResults 2015-04-14 23:23:10,568 TRACE - Found bean property &apos;configLocations&apos; of type [[Lorg.springframework.core.io.Resource;]
org.springframework.beans.CachedIntrospectionResults 2015-04-14 23:23:10,568 TRACE - Found bean property &apos;configuration&apos; of type [org.hibernate.cfg.Configuration]
org.springframework.beans.CachedIntrospectionResults 2015-04-14 23:23:10,568 TRACE - Found bean property &apos;currentTenantIdentifierResolver&apos; of type [java.lang.Object]
org.springframework.beans.CachedIntrospectionResults 2015-04-14 23:23:10,568 TRACE - Found bean property &apos;dataSource&apos; of type [javax.sql.DataSource]
org.springframework.beans.CachedIntrospectionResults 2015-04-14 23:23:10,568 TRACE - Found bean property &apos;entityInterceptor&apos; of type [org.hibernate.Interceptor]
org.springframework.beans.CachedIntrospectionResults 2015-04-14 23:23:10,568 TRACE - Found bean property &apos;entityTypeFilters&apos; of type [[Lorg.springframework.core.type.filter.TypeFilter;]
org.springframework.beans.CachedIntrospectionResults 2015-04-14 23:23:10,568 TRACE - Found bean property &apos;hibernateProperties&apos; of type [java.util.Properties]
org.springframework.beans.CachedIntrospectionResults 2015-04-14 23:23:10,568 TRACE - Found bean property &apos;jtaTransactionManager&apos; of type [java.lang.Object]
org.springframework.beans.CachedIntrospectionResults 2015-04-14 23:23:10,568 TRACE - Found bean property &apos;mappingDirectoryLocations&apos; of type [[Lorg.springframework.core.io.Resource;]
org.springframework.beans.CachedIntrospectionResults 2015-04-14 23:23:10,568 TRACE - Found bean property &apos;mappingJarLocations&apos; of type [[Lorg.springframework.core.io.Resource;]
org.springframework.beans.CachedIntrospectionResults 2015-04-14 23:23:10,568 TRACE - Found bean property &apos;mappingLocations&apos; of type [[Lorg.springframework.core.io.Resource;]
org.springframework.beans.CachedIntrospectionResults 2015-04-14 23:23:10,578 TRACE - Found bean property &apos;mappingResources&apos; of type [[Ljava.lang.String;]
org.springframework.beans.CachedIntrospectionResults 2015-04-14 23:23:10,578 TRACE - Found bean property &apos;multiTenantConnectionProvider&apos; of type [java.lang.Object]
org.springframework.beans.CachedIntrospectionResults 2015-04-14 23:23:10,578 TRACE - Found bean property &apos;namingStrategy&apos; of type [org.hibernate.cfg.NamingStrategy]
org.springframework.beans.CachedIntrospectionResults 2015-04-14 23:23:10,578 TRACE - Found bean property &apos;object&apos; of type [org.hibernate.SessionFactory]
org.springframework.beans.CachedIntrospectionResults 2015-04-14 23:23:10,578 TRACE - Found bean property &apos;objectType&apos; of type [java.lang.Class]
org.springframework.beans.CachedIntrospectionResults 2015-04-14 23:23:10,578 TRACE - Found bean property &apos;packagesToScan&apos; of type [[Ljava.lang.String;]
org.springframework.beans.CachedIntrospectionResults 2015-04-14 23:23:10,578 TRACE - Found bean property &apos;resourceLoader&apos; of type [org.springframework.core.io.ResourceLoader]
org.springframework.beans.CachedIntrospectionResults 2015-04-14 23:23:10,578 TRACE - Found bean property &apos;singleton&apos; of type [boolean]
org.springframework.beans.factory.support.AbstractBeanFactory 2015-04-14 23:23:10,578 DEBUG - Returning cached instance of singleton bean &apos;dataSource&apos;
org.springframework.beans.TypeConverterDelegate 2015-04-14 23:23:10,578 TRACE - Converting String to [class java.lang.Class] using property editor [org.springframework.beans.propertyeditors.ClassEditor@4f83df68]
org.springframework.beans.TypeConverterDelegate 2015-04-14 23:23:10,578 TRACE - Converting String to [class java.lang.Class] using property editor [org.springframework.beans.propertyeditors.ClassEditor@4f83df68]
org.springframework.beans.TypeConverterDelegate 2015-04-14 23:23:10,588 TRACE - Converting String to [class java.lang.Class] using property editor [org.springframework.beans.propertyeditors.ClassEditor@4f83df68]
org.springframework.beans.TypeConverterDelegate 2015-04-14 23:23:10,588 TRACE - Converting String to [class java.lang.Class] using property editor [org.springframework.beans.propertyeditors.ClassEditor@4f83df68]
org.springframework.beans.TypeConverterDelegate 2015-04-14 23:23:10,588 TRACE - Converting String to [class java.lang.Class] using property editor [org.springframework.beans.propertyeditors.ClassEditor@4f83df68]
org.springframework.beans.factory.support.AbstractAutowireCapableBeanFactory 2015-04-14 23:23:10,598 DEBUG - Invoking afterPropertiesSet() on bean with name &apos;sessionFactory&apos;
org.hibernate.cfg.Configuration 2015-04-14 23:23:10,648 DEBUG - Logging Provider: org.jboss.logging.Log4jLoggerProvider
org.hibernate.type.BasicTypeRegistry 2015-04-14 23:23:10,678 DEBUG - Adding type registration boolean -&gt; org.hibernate.type.BooleanType@b2c9a9c
org.hibernate.type.BasicTypeRegistry 2015-04-14 23:23:10,678 DEBUG - Adding type registration boolean -&gt; org.hibernate.type.BooleanType@b2c9a9c
org.hibernate.type.BasicTypeRegistry 2015-04-14 23:23:10,678 DEBUG - Adding type registration java.lang.Boolean -&gt; org.hibernate.type.BooleanType@b2c9a9c
org.hibernate.type.BasicTypeRegistry 2015-04-14 23:23:10,678 DEBUG - Adding type registration numeric_boolean -&gt; org.hibernate.type.NumericBooleanType@247bddad
org.hibernate.type.BasicTypeRegistry 2015-04-14 23:23:10,678 DEBUG - Adding type registration true_false -&gt; org.hibernate.type.TrueFalseType@41a2befb
org.hibernate.type.BasicTypeRegistry 2015-04-14 23:23:10,678 DEBUG - Adding type registration yes_no -&gt; org.hibernate.type.YesNoType@131ef10
org.hibernate.type.BasicTypeRegistry 2015-04-14 23:23:10,688 DEBUG - Adding type registration byte -&gt; org.hibernate.type.ByteType@7c9d8e2
org.hibernate.type.BasicTypeRegistry 2015-04-14 23:23:10,688 DEBUG - Adding type registration byte -&gt; org.hibernate.type.ByteType@7c9d8e2
org.hibernate.type.BasicTypeRegistry 2015-04-14 23:23:10,688 DEBUG - Adding type registration java.lang.Byte -&gt; org.hibernate.type.ByteType@7c9d8e2
org.hibernate.type.BasicTypeRegistry 2015-04-14 23:23:10,688 DEBUG - Adding type registration character -&gt; org.hibernate.type.CharacterType@6f4a47c7
org.hibernate.type.BasicTypeRegistry 2015-04-14 23:23:10,688 DEBUG - Adding type registration char -&gt; org.hibernate.type.CharacterType@6f4a47c7
org.hibernate.type.BasicTypeRegistry 2015-04-14 23:23:10,688 DEBUG - Adding type registration java.lang.Character -&gt; org.hibernate.type.CharacterType@6f4a47c7
org.hibernate.type.BasicTypeRegistry 2015-04-14 23:23:10,688 DEBUG - Adding type registration short -&gt; org.hibernate.type.ShortType@22fcf7ab
org.hibernate.type.BasicTypeRegistry 2015-04-14 23:23:10,688 DEBUG - Adding type registration short -&gt; org.hibernate.type.ShortType@22fcf7ab
org.hibernate.type.BasicTypeRegistry 2015-04-14 23:23:10,688 DEBUG - Adding type registration java.lang.Short -&gt; org.hibernate.type.ShortType@22fcf7ab
org.hibernate.type.BasicTypeRegistry 2015-04-14 23:23:10,688 DEBUG - Adding type registration integer -&gt; org.hibernate.type.IntegerType@305b7c14
org.hibernate.type.BasicTypeRegistry 2015-04-14 23:23:10,698 DEBUG - Adding type registration int -&gt; org.hibernate.type.IntegerType@305b7c14
org.hibernate.type.BasicTypeRegistry 2015-04-14 23:23:10,698 DEBUG - Adding type registration java.lang.Integer -&gt; org.hibernate.type.IntegerType@305b7c14
org.hibernate.type.BasicTypeRegistry 2015-04-14 23:23:10,698 DEBUG - Adding type registration long -&gt; org.hibernate.type.LongType@13b6aecc
org.hibernate.type.BasicTypeRegistry 2015-04-14 23:23:10,698 DEBUG - Adding type registration long -&gt; org.hibernate.type.LongType@13b6aecc
org.hibernate.type.BasicTypeRegistry 2015-04-14 23:23:10,698 DEBUG - Adding type registration java.lang.Long -&gt; org.hibernate.type.LongType@13b6aecc
org.hibernate.type.BasicTypeRegistry 2015-04-14 23:23:10,698 DEBUG - Adding type registration float -&gt; org.hibernate.type.FloatType@71e9ddb4
org.hibernate.type.BasicTypeRegistry 2015-04-14 23:23:10,698 DEBUG - Adding type registration float -&gt; org.hibernate.type.FloatType@71e9ddb4
org.hibernate.type.BasicTypeRegistry 2015-04-14 23:23:10,698 DEBUG - Adding type registration java.lang.Float -&gt; org.hibernate.type.FloatType@71e9ddb4
org.hibernate.type.BasicTypeRegistry 2015-04-14 23:23:10,698 DEBUG - Adding type registration double -&gt; org.hibernate.type.DoubleType@707194ba
org.hibernate.type.BasicTypeRegistry 2015-04-14 23:23:10,698 DEBUG - Adding type registration double -&gt; org.hibernate.type.DoubleType@707194ba
org.hibernate.type.BasicTypeRegistry 2015-04-14 23:23:10,698 DEBUG - Adding type registration java.lang.Double -&gt; org.hibernate.type.DoubleType@707194ba
org.hibernate.type.BasicTypeRegistry 2015-04-14 23:23:10,708 DEBUG - Adding type registration big_decimal -&gt; org.hibernate.type.BigDecimalType@f79e
org.hibernate.type.BasicTypeRegistry 2015-04-14 23:23:10,708 DEBUG - Adding type registration java.math.BigDecimal -&gt; org.hibernate.type.BigDecimalType@f79e
org.hibernate.type.BasicTypeRegistry 2015-04-14 23:23:10,708 DEBUG - Adding type registration big_integer -&gt; org.hibernate.type.BigIntegerType@7494f96a
org.hibernate.type.BasicTypeRegistry 2015-04-14 23:23:10,708 DEBUG - Adding type registration java.math.BigInteger -&gt; org.hibernate.type.BigIntegerType@7494f96a
org.hibernate.type.BasicTypeRegistry 2015-04-14 23:23:10,708 DEBUG - Adding type registration string -&gt; org.hibernate.type.StringType@49e5f737
org.hibernate.type.BasicTypeRegistry 2015-04-14 23:23:10,708 DEBUG - Adding type registration java.lang.String -&gt; org.hibernate.type.StringType@49e5f737
org.hibernate.type.BasicTypeRegistry 2015-04-14 23:23:10,708 DEBUG - Adding type registration nstring -&gt; org.hibernate.type.StringNVarcharType@6aaceffd
org.hibernate.type.BasicTypeRegistry 2015-04-14 23:23:10,708 DEBUG - Adding type registration ncharacter -&gt; org.hibernate.type.CharacterNCharType@ed7f8b4
org.hibernate.type.BasicTypeRegistry 2015-04-14 23:23:10,708 DEBUG - Adding type registration url -&gt; org.hibernate.type.UrlType@4e3958e7
org.hibernate.type.BasicTypeRegistry 2015-04-14 23:23:10,718 DEBUG - Adding type registration java.net.URL -&gt; org.hibernate.type.UrlType@4e3958e7
org.hibernate.type.BasicTypeRegistry 2015-04-14 23:23:10,718 DEBUG - Adding type registration date -&gt; org.hibernate.type.DateType@2d2ffcb7
org.hibernate.type.BasicTypeRegistry 2015-04-14 23:23:10,718 DEBUG - Adding type registration java.sql.Date -&gt; org.hibernate.type.DateType@2d2ffcb7
org.hibernate.type.BasicTypeRegistry 2015-04-14 23:23:10,718 DEBUG - Adding type registration time -&gt; org.hibernate.type.TimeType@5f8edcc5
org.hibernate.type.BasicTypeRegistry 2015-04-14 23:23:10,718 DEBUG - Adding type registration java.sql.Time -&gt; org.hibernate.type.TimeType@5f8edcc5
org.hibernate.type.BasicTypeRegistry 2015-04-14 23:23:10,718 DEBUG - Adding type registration timestamp -&gt; org.hibernate.type.TimestampType@6e509ffa
org.hibernate.type.BasicTypeRegistry 2015-04-14 23:23:10,718 DEBUG - Adding type registration java.sql.Timestamp -&gt; org.hibernate.type.TimestampType@6e509ffa
org.hibernate.type.BasicTypeRegistry 2015-04-14 23:23:10,718 DEBUG - Adding type registration java.util.Date -&gt; org.hibernate.type.TimestampType@6e509ffa
org.hibernate.type.BasicTypeRegistry 2015-04-14 23:23:10,728 DEBUG - Adding type registration dbtimestamp -&gt; org.hibernate.type.DbTimestampType@68267da0
org.hibernate.type.BasicTypeRegistry 2015-04-14 23:23:10,728 DEBUG - Adding type registration calendar -&gt; org.hibernate.type.CalendarType@2f465398
org.hibernate.type.BasicTypeRegistry 2015-04-14 23:23:10,728 DEBUG - Adding type registration java.util.Calendar -&gt; org.hibernate.type.CalendarType@2f465398
org.hibernate.type.BasicTypeRegistry 2015-04-14 23:23:10,728 DEBUG - Adding type registration java.util.GregorianCalendar -&gt; org.hibernate.type.CalendarType@2f465398
org.hibernate.type.BasicTypeRegistry 2015-04-14 23:23:10,728 DEBUG - Adding type registration calendar_date -&gt; org.hibernate.type.CalendarDateType@a1cdc6d
org.hibernate.type.BasicTypeRegistry 2015-04-14 23:23:10,728 DEBUG - Adding type registration locale -&gt; org.hibernate.type.LocaleType@21b2e768
org.hibernate.type.BasicTypeRegistry 2015-04-14 23:23:10,728 DEBUG - Adding type registration java.util.Locale -&gt; org.hibernate.type.LocaleType@21b2e768
org.hibernate.type.BasicTypeRegistry 2015-04-14 23:23:10,728 DEBUG - Adding type registration currency -&gt; org.hibernate.type.CurrencyType@76ed1b7c
org.hibernate.type.BasicTypeRegistry 2015-04-14 23:23:10,728 DEBUG - Adding type registration java.util.Currency -&gt; org.hibernate.type.CurrencyType@76ed1b7c
org.hibernate.type.BasicTypeRegistry 2015-04-14 23:23:10,738 DEBUG - Adding type registration timezone -&gt; org.hibernate.type.TimeZoneType@fa36558
org.hibernate.type.BasicTypeRegistry 2015-04-14 23:23:10,738 DEBUG - Adding type registration java.util.TimeZone -&gt; org.hibernate.type.TimeZoneType@fa36558
org.hibernate.type.BasicTypeRegistry 2015-04-14 23:23:10,738 DEBUG - Adding type registration class -&gt; org.hibernate.type.ClassType@fd07cbb
org.hibernate.type.BasicTypeRegistry 2015-04-14 23:23:10,738 DEBUG - Adding type registration java.lang.Class -&gt; org.hibernate.type.ClassType@fd07cbb
org.hibernate.type.BasicTypeRegistry 2015-04-14 23:23:10,738 DEBUG - Adding type registration uuid-binary -&gt; org.hibernate.type.UUIDBinaryType@55740540
org.hibernate.type.BasicTypeRegistry 2015-04-14 23:23:10,738 DEBUG - Adding type registration java.util.UUID -&gt; org.hibernate.type.UUIDBinaryType@55740540
org.hibernate.type.BasicTypeRegistry 2015-04-14 23:23:10,738 DEBUG - Adding type registration uuid-char -&gt; org.hibernate.type.UUIDCharType@1018bde2
org.hibernate.type.BasicTypeRegistry 2015-04-14 23:23:10,738 DEBUG - Adding type registration pg-uuid -&gt; org.hibernate.type.PostgresUUIDType@2a266d09
org.hibernate.type.BasicTypeRegistry 2015-04-14 23:23:10,748 DEBUG - Adding type registration binary -&gt; org.hibernate.type.BinaryType@11c9af63
org.hibernate.type.BasicTypeRegistry 2015-04-14 23:23:10,748 DEBUG - Adding type registration byte[] -&gt; org.hibernate.type.BinaryType@11c9af63
org.hibernate.type.BasicTypeRegistry 2015-04-14 23:23:10,748 DEBUG - Adding type registration [B -&gt; org.hibernate.type.BinaryType@11c9af63
org.hibernate.type.BasicTypeRegistry 2015-04-14 23:23:10,748 DEBUG - Adding type registration wrapper-binary -&gt; org.hibernate.type.WrapperBinaryType@3943a2be
org.hibernate.type.BasicTypeRegistry 2015-04-14 23:23:10,748 DEBUG - Adding type registration Byte[] -&gt; org.hibernate.type.WrapperBinaryType@3943a2be
org.hibernate.type.BasicTypeRegistry 2015-04-14 23:23:10,748 DEBUG - Adding type registration [Ljava.lang.Byte; -&gt; org.hibernate.type.WrapperBinaryType@3943a2be
org.hibernate.type.BasicTypeRegistry 2015-04-14 23:23:10,748 DEBUG - Adding type registration image -&gt; org.hibernate.type.ImageType@3cc1435c
org.hibernate.type.BasicTypeRegistry 2015-04-14 23:23:10,758 DEBUG - Adding type registration characters -&gt; org.hibernate.type.CharArrayType@36d585c
org.hibernate.type.BasicTypeRegistry 2015-04-14 23:23:10,758 DEBUG - Adding type registration char[] -&gt; org.hibernate.type.CharArrayType@36d585c
org.hibernate.type.BasicTypeRegistry 2015-04-14 23:23:10,758 DEBUG - Adding type registration [C -&gt; org.hibernate.type.CharArrayType@36d585c
org.hibernate.type.BasicTypeRegistry 2015-04-14 23:23:10,758 DEBUG - Adding type registration wrapper-characters -&gt; org.hibernate.type.CharacterArrayType@55f616cf
org.hibernate.type.BasicTypeRegistry 2015-04-14 23:23:10,758 DEBUG - Adding type registration [Ljava.lang.Character; -&gt; org.hibernate.type.CharacterArrayType@55f616cf
org.hibernate.type.BasicTypeRegistry 2015-04-14 23:23:10,758 DEBUG - Adding type registration Character[] -&gt; org.hibernate.type.CharacterArrayType@55f616cf
org.hibernate.type.BasicTypeRegistry 2015-04-14 23:23:10,758 DEBUG - Adding type registration text -&gt; org.hibernate.type.TextType@41c2284a
org.hibernate.type.BasicTypeRegistry 2015-04-14 23:23:10,758 DEBUG - Adding type registration ntext -&gt; org.hibernate.type.NTextType@4a668b6e
org.hibernate.type.BasicTypeRegistry 2015-04-14 23:23:10,768 DEBUG - Adding type registration blob -&gt; org.hibernate.type.BlobType@3541cb24
org.hibernate.type.BasicTypeRegistry 2015-04-14 23:23:10,768 DEBUG - Adding type registration java.sql.Blob -&gt; org.hibernate.type.BlobType@3541cb24
org.hibernate.type.BasicTypeRegistry 2015-04-14 23:23:10,768 DEBUG - Adding type registration materialized_blob -&gt; org.hibernate.type.MaterializedBlobType@13b13b5d
org.hibernate.type.BasicTypeRegistry 2015-04-14 23:23:10,778 DEBUG - Adding type registration clob -&gt; org.hibernate.type.ClobType@26275bef
org.hibernate.type.BasicTypeRegistry 2015-04-14 23:23:10,778 DEBUG - Adding type registration java.sql.Clob -&gt; org.hibernate.type.ClobType@26275bef
org.hibernate.type.BasicTypeRegistry 2015-04-14 23:23:10,778 DEBUG - Adding type registration nclob -&gt; org.hibernate.type.NClobType@2cd2a21f
org.hibernate.type.BasicTypeRegistry 2015-04-14 23:23:10,778 DEBUG - Adding type registration java.sql.NClob -&gt; org.hibernate.type.NClobType@2cd2a21f
org.hibernate.type.BasicTypeRegistry 2015-04-14 23:23:10,778 DEBUG - Adding type registration materialized_clob -&gt; org.hibernate.type.MaterializedClobType@e7edb54
org.hibernate.type.BasicTypeRegistry 2015-04-14 23:23:10,778 DEBUG - Adding type registration materialized_nclob -&gt; org.hibernate.type.MaterializedNClobType@69e1dd28
org.hibernate.type.BasicTypeRegistry 2015-04-14 23:23:10,778 DEBUG - Adding type registration serializable -&gt; org.hibernate.type.SerializableType@67080771
org.hibernate.type.BasicTypeRegistry 2015-04-14 23:23:10,789 DEBUG - Adding type registration object -&gt; org.hibernate.type.ObjectType@a3d8174
org.hibernate.type.BasicTypeRegistry 2015-04-14 23:23:10,789 DEBUG - Adding type registration java.lang.Object -&gt; org.hibernate.type.ObjectType@a3d8174
org.hibernate.type.BasicTypeRegistry 2015-04-14 23:23:10,789 DEBUG - Adding type registration imm_date -&gt; org.hibernate.type.AdaptedImmutableType@272ed83b
org.hibernate.type.BasicTypeRegistry 2015-04-14 23:23:10,789 DEBUG - Adding type registration imm_time -&gt; org.hibernate.type.AdaptedImmutableType@41fecb8b
org.hibernate.type.BasicTypeRegistry 2015-04-14 23:23:10,789 DEBUG - Adding type registration imm_timestamp -&gt; org.hibernate.type.AdaptedImmutableType@120f102b
org.hibernate.type.BasicTypeRegistry 2015-04-14 23:23:10,789 DEBUG - Adding type registration imm_dbtimestamp -&gt; org.hibernate.type.AdaptedImmutableType@625732
org.hibernate.type.BasicTypeRegistry 2015-04-14 23:23:10,789 DEBUG - Adding type registration imm_calendar -&gt; org.hibernate.type.AdaptedImmutableType@51dcb805
org.hibernate.type.BasicTypeRegistry 2015-04-14 23:23:10,789 DEBUG - Adding type registration imm_calendar_date -&gt; org.hibernate.type.AdaptedImmutableType@66498326
org.hibernate.type.BasicTypeRegistry 2015-04-14 23:23:10,789 DEBUG - Adding type registration imm_binary -&gt; org.hibernate.type.AdaptedImmutableType@cad498c
org.hibernate.type.BasicTypeRegistry 2015-04-14 23:23:10,789 DEBUG - Adding type registration imm_serializable -&gt; org.hibernate.type.AdaptedImmutableType@1e6454ec
org.hibernate.annotations.common.reflection.java.JavaReflectionManager 2015-04-14 23:23:10,819 INFO  - HCANN000001: Hibernate Commons Annotations {4.0.5.Final}
org.hibernate.Version 2015-04-14 23:23:10,829 INFO  - HHH000412: Hibernate Core {4.3.8.Final}
org.hibernate.cfg.Environment 2015-04-14 23:23:10,839 INFO  - HHH000206: hibernate.properties not found
org.hibernate.cfg.Environment 2015-04-14 23:23:10,839 INFO  - HHH000021: Bytecode provider name : javassist
org.hibernate.id.factory.internal.DefaultIdentifierGeneratorFactory 2015-04-14 23:23:10,859 DEBUG - Registering IdentifierGenerator strategy [uuid2] -&gt; [org.hibernate.id.UUIDGenerator]
org.hibernate.id.factory.internal.DefaultIdentifierGeneratorFactory 2015-04-14 23:23:10,859 DEBUG - Registering IdentifierGenerator strategy [guid] -&gt; [org.hibernate.id.GUIDGenerator]
org.hibernate.id.factory.internal.DefaultIdentifierGeneratorFactory 2015-04-14 23:23:10,859 DEBUG - Registering IdentifierGenerator strategy [uuid] -&gt; [org.hibernate.id.UUIDHexGenerator]
org.hibernate.id.factory.internal.DefaultIdentifierGeneratorFactory 2015-04-14 23:23:10,859 DEBUG - Registering IdentifierGenerator strategy [uuid.hex] -&gt; [org.hibernate.id.UUIDHexGenerator]
org.hibernate.id.factory.internal.DefaultIdentifierGeneratorFactory 2015-04-14 23:23:10,859 DEBUG - Registering IdentifierGenerator strategy [hilo] -&gt; [org.hibernate.id.TableHiLoGenerator]
org.hibernate.id.factory.internal.DefaultIdentifierGeneratorFactory 2015-04-14 23:23:10,869 DEBUG - Registering IdentifierGenerator strategy [assigned] -&gt; [org.hibernate.id.Assigned]
org.hibernate.id.factory.internal.DefaultIdentifierGeneratorFactory 2015-04-14 23:23:10,869 DEBUG - Registering IdentifierGenerator strategy [identity] -&gt; [org.hibernate.id.IdentityGenerator]
org.hibernate.id.factory.internal.DefaultIdentifierGeneratorFactory 2015-04-14 23:23:10,869 DEBUG - Registering IdentifierGenerator strategy [select] -&gt; [org.hibernate.id.SelectGenerator]
org.hibernate.id.factory.internal.DefaultIdentifierGeneratorFactory 2015-04-14 23:23:10,879 DEBUG - Registering IdentifierGenerator strategy [sequence] -&gt; [org.hibernate.id.SequenceGenerator]
org.hibernate.id.factory.internal.DefaultIdentifierGeneratorFactory 2015-04-14 23:23:10,889 DEBUG - Registering IdentifierGenerator strategy [seqhilo] -&gt; [org.hibernate.id.SequenceHiLoGenerator]
org.hibernate.id.factory.internal.DefaultIdentifierGeneratorFactory 2015-04-14 23:23:10,889 DEBUG - Registering IdentifierGenerator strategy [increment] -&gt; [org.hibernate.id.IncrementGenerator]
org.hibernate.id.factory.internal.DefaultIdentifierGeneratorFactory 2015-04-14 23:23:10,889 DEBUG - Registering IdentifierGenerator strategy [foreign] -&gt; [org.hibernate.id.ForeignGenerator]
org.hibernate.id.factory.internal.DefaultIdentifierGeneratorFactory 2015-04-14 23:23:10,889 DEBUG - Registering IdentifierGenerator strategy [sequence-identity] -&gt; [org.hibernate.id.SequenceIdentityGenerator]
org.hibernate.id.factory.internal.DefaultIdentifierGeneratorFactory 2015-04-14 23:23:10,889 DEBUG - Registering IdentifierGenerator strategy [enhanced-sequence] -&gt; [org.hibernate.id.enhanced.SequenceStyleGenerator]
org.hibernate.id.factory.internal.DefaultIdentifierGeneratorFactory 2015-04-14 23:23:10,889 DEBUG - Registering IdentifierGenerator strategy [enhanced-table] -&gt; [org.hibernate.id.enhanced.TableGenerator]
org.hibernate.integrator.internal.IntegratorServiceImpl 2015-04-14 23:23:10,939 DEBUG - Adding Integrator [org.hibernate.cfg.beanvalidation.BeanValidationIntegrator].
org.hibernate.integrator.internal.IntegratorServiceImpl 2015-04-14 23:23:10,941 DEBUG - Adding Integrator [org.hibernate.secure.spi.JaccIntegrator].
org.hibernate.integrator.internal.IntegratorServiceImpl 2015-04-14 23:23:10,941 DEBUG - Adding Integrator [org.hibernate.cache.internal.CollectionCacheInvalidator].
org.hibernate.boot.registry.selector.internal.StrategySelectorImpl 2015-04-14 23:23:10,951 TRACE - Registering named strategy selector [org.hibernate.dialect.Dialect] : [Cache71] -&gt; [org.hibernate.dialect.Cache71Dialect]
[...]
	at org.junit.runners.ParentRunner.runChildren(ParentRunner.java:229)
	at org.junit.runners.ParentRunner.access$000(ParentRunner.java:50)
	at org.junit.runners.ParentRunner$2.evaluate(ParentRunner.java:222)
	at org.springframework.test.context.junit4.statements.RunBeforeTestClassCallbacks.evaluate(RunBeforeTestClassCallbacks.java:61)
	at org.springframework.test.context.junit4.statements.RunAfterTestClassCallbacks.evaluate(RunAfterTestClassCallbacks.java:68)
	at org.junit.runners.ParentRunner.run(ParentRunner.java:300)
	at org.springframework.test.context.junit4.SpringJUnit4ClassRunner.run(SpringJUnit4ClassRunner.java:163)
	at org.apache.maven.surefire.junit4.JUnit4Provider.execute(JUnit4Provider.java:252)
	at org.apache.maven.surefire.junit4.JUnit4Provider.executeTestSet(JUnit4Provider.java:141)
	at org.apache.maven.surefire.junit4.JUnit4Provider.invoke(JUnit4Provider.java:112)
	at sun.reflect.NativeMethodAccessorImpl.invoke0(Native Method)
	at sun.reflect.NativeMethodAccessorImpl.invoke(NativeMethodAccessorImpl.java:62)
	at sun.reflect.DelegatingMethodAccessorImpl.invoke(DelegatingMethodAccessorImpl.java:43)
	at java.lang.reflect.Method.invoke(Method.java:483)
	at org.apache.maven.surefire.util.ReflectionUtils.invokeMethodWithArray(ReflectionUtils.java:189)
	at org.apache.maven.surefire.booter.ProviderFactory$ProviderProxy.invoke(ProviderFactory.java:165)
	at org.apache.maven.surefire.booter.ProviderFactory.invokeProvider(ProviderFactory.java:85)
	at org.apache.maven.surefire.booter.ForkedBooter.runSuitesInProcess(ForkedBooter.java:115)
	at org.apache.maven.surefire.booter.ForkedBooter.main(ForkedBooter.java:75)
</error>
    <system-err>org.springframework.test.annotation.ProfileValueUtils 2015-04-14 23:23:14,804 DEBUG - Retrieved @ProfileValueSourceConfiguration [null] for test class [NewsDaoTest]
org.springframework.test.annotation.ProfileValueUtils 2015-04-14 23:23:14,804 DEBUG - Retrieved ProfileValueSource type [class org.springframework.test.annotation.SystemProfileValueSource] for class [NewsDaoTest]
org.springframework.test.context.TestContextManager 2015-04-14 23:23:14,804 TRACE - prepareTestInstance(): instance [NewsDaoTest@45f24169]
org.springframework.test.context.support.DependencyInjectionTestExecutionListener 2015-04-14 23:23:14,804 DEBUG - Performing dependency injection for test context [[DefaultTestContext@5442a311 testClass = NewsDaoTest, testInstance = NewsDaoTest@45f24169, testMethod = [null], testException = [null], mergedContextConfiguration = [MergedContextConfiguration@548e7350 testClass = NewsDaoTest, locations = &apos;{classpath:/entities-hib-test.xml}&apos;, classes = &apos;{}&apos;, contextInitializerClasses = &apos;[]&apos;, activeProfiles = &apos;{}&apos;, propertySourceLocations = &apos;{}&apos;, propertySourceProperties = &apos;{}&apos;, contextLoader = &apos;org.springframework.test.context.support.DelegatingSmartContextLoader&apos;, parent = [null]]]].
org.springframework.test.context.DefaultCacheAwareContextLoaderDelegate 2015-04-14 23:23:14,804 DEBUG - Retrieved ApplicationContext from cache with key [[MergedContextConfiguration@548e7350 testClass = NewsDaoTest, locations = &apos;{classpath:/entities-hib-test.xml}&apos;, classes = &apos;{}&apos;, contextInitializerClasses = &apos;[]&apos;, activeProfiles = &apos;{}&apos;, propertySourceLocations = &apos;{}&apos;, propertySourceProperties = &apos;{}&apos;, contextLoader = &apos;org.springframework.test.context.support.DelegatingSmartContextLoader&apos;, parent = [null]]]
org.springframework.test.context.DefaultCacheAwareContextLoaderDelegate 2015-04-14 23:23:14,804 DEBUG - Spring test ApplicationContext cache statistics: [ContextCache@7e1a1da6 size = 1, hitCount = 2, missCount = 1, parentContextCount = 0]
org.springframework.beans.factory.annotation.InjectionMetadata 2015-04-14 23:23:14,804 DEBUG - Processing injected element of bean &apos;NewsDaoTest&apos;: AutowiredFieldElement for private db.NewsDao NewsDaoTest.newsDao
org.springframework.beans.factory.support.AbstractBeanFactory 2015-04-14 23:23:14,804 DEBUG - Returning cached instance of singleton bean &apos;newsDao&apos;
org.springframework.beans.factory.support.AbstractBeanFactory 2015-04-14 23:23:14,804 DEBUG - Returning cached instance of singleton bean &apos;org.springframework.transaction.config.internalTransactionAdvisor&apos;
org.springframework.aop.framework.autoproxy.AbstractAutoProxyCreator 2015-04-14 23:23:14,804 DEBUG - Creating implicit proxy for bean &apos;NewsDaoTest&apos; with 0 common interceptors and 1 specific interceptors
org.springframework.aop.framework.CglibAopProxy 2015-04-14 23:23:14,804 DEBUG - Creating CGLIB proxy: target source is SingletonTargetSource for target object [NewsDaoTest@45f24169]
org.springframework.test.context.TestContextManager 2015-04-14 23:23:14,804 TRACE - beforeTestMethod(): instance [NewsDaoTest@45f24169], method [public void NewsDaoTest.saveOrUpdateAndGetNews()]
org.springframework.transaction.interceptor.AbstractFallbackTransactionAttributeSource 2015-04-14 23:23:14,804 DEBUG - Adding transactional method &apos;NewsDaoTest.saveOrUpdateAndGetNews&apos; with attribute: PROPAGATION_REQUIRED,ISOLATION_DEFAULT; &apos;&apos;
org.springframework.test.context.transaction.TransactionalTestExecutionListener 2015-04-14 23:23:14,804 DEBUG - Explicit transaction definition [PROPAGATION_REQUIRED,ISOLATION_DEFAULT; &apos;&apos;] found for test context [DefaultTestContext@5442a311 testClass = NewsDaoTest, testInstance = NewsDaoTest@45f24169, testMethod = saveOrUpdateAndGetNews@NewsDaoTest, testException = [null], mergedContextConfiguration = [MergedContextConfiguration@548e7350 testClass = NewsDaoTest, locations = &apos;{classpath:/entities-hib-test.xml}&apos;, classes = &apos;{}&apos;, contextInitializerClasses = &apos;[]&apos;, activeProfiles = &apos;{}&apos;, propertySourceLocations = &apos;{}&apos;, propertySourceProperties = &apos;{}&apos;, contextLoader = &apos;org.springframework.test.context.support.DelegatingSmartContextLoader&apos;, parent = [null]]]
org.springframework.test.context.DefaultCacheAwareContextLoaderDelegate 2015-04-14 23:23:14,834 DEBUG - Retrieved ApplicationContext from cache with key [[MergedContextConfiguration@548e7350 testClass = NewsDaoTest, locations = &apos;{classpath:/entities-hib-test.xml}&apos;, classes = &apos;{}&apos;, contextInitializerClasses = &apos;[]&apos;, activeProfiles = &apos;{}&apos;, propertySourceLocations = &apos;{}&apos;, propertySourceProperties = &apos;{}&apos;, contextLoader = &apos;org.springframework.test.context.support.DelegatingSmartContextLoader&apos;, parent = [null]]]
org.springframework.test.context.DefaultCacheAwareContextLoaderDelegate 2015-04-14 23:23:14,834 DEBUG - Spring test ApplicationContext cache statistics: [ContextCache@7e1a1da6 size = 1, hitCount = 3, missCount = 1, parentContextCount = 0]
org.springframework.beans.factory.support.AbstractBeanFactory 2015-04-14 23:23:14,834 DEBUG - Returning cached instance of singleton bean &apos;transactionManager&apos;
org.springframework.test.context.transaction.TransactionalTestExecutionListener 2015-04-14 23:23:14,834 DEBUG - No method-level @Rollback override: using default rollback [false] for test context [DefaultTestContext@5442a311 testClass = NewsDaoTest, testInstance = NewsDaoTest@45f24169, testMethod = saveOrUpdateAndGetNews@NewsDaoTest, testException = [null], mergedContextConfiguration = [MergedContextConfiguration@548e7350 testClass = NewsDaoTest, locations = &apos;{classpath:/entities-hib-test.xml}&apos;, classes = &apos;{}&apos;, contextInitializerClasses = &apos;[]&apos;, activeProfiles = &apos;{}&apos;, propertySourceLocations = &apos;{}&apos;, propertySourceProperties = &apos;{}&apos;, contextLoader = &apos;org.springframework.test.context.support.DelegatingSmartContextLoader&apos;, parent = [null]]].
org.springframework.transaction.support.AbstractPlatformTransactionManager 2015-04-14 23:23:14,834 DEBUG - Creating new transaction with name [NewsDaoTest.saveOrUpdateAndGetNews]: PROPAGATION_REQUIRED,ISOLATION_DEFAULT; &apos;&apos;
org.hibernate.internal.SessionFactoryImpl$SessionBuilderImpl 2015-04-14 23:23:14,834 TRACE - Opening Hibernate Session.  tenant=null, owner=null
org.hibernate.internal.SessionImpl 2015-04-14 23:23:14,834 TRACE - Opened session at timestamp: 14290429948
org.springframework.orm.hibernate4.HibernateTransactionManager 2015-04-14 23:23:14,834 DEBUG - Opened new Session [SessionImpl(PersistenceContext[entityKeys=[],collectionKeys=[]];ActionQueue[insertions=org.hibernate.engine.spi.ExecutableList@4463d9d3 updates=org.hibernate.engine.spi.ExecutableList@43b0ade deletions=org.hibernate.engine.spi.ExecutableList@5395ea39 orphanRemovals=org.hibernate.engine.spi.ExecutableList@1517f633 collectionCreations=org.hibernate.engine.spi.ExecutableList@4fe01803 collectionRemovals=org.hibernate.engine.spi.ExecutableList@13d186db collectionUpdates=org.hibernate.engine.spi.ExecutableList@6f6962ba collectionQueuedOps=org.hibernate.engine.spi.ExecutableList@4565a70a unresolvedInsertDependencies=UnresolvedEntityInsertActions[]])] for Hibernate transaction
org.springframework.orm.hibernate4.HibernateTransactionManager 2015-04-14 23:23:14,834 DEBUG - Preparing JDBC Connection of Hibernate Session [SessionImpl(PersistenceContext[entityKeys=[],collectionKeys=[]];ActionQueue[insertions=org.hibernate.engine.spi.ExecutableList@4463d9d3 updates=org.hibernate.engine.spi.ExecutableList@43b0ade deletions=org.hibernate.engine.spi.ExecutableList@5395ea39 orphanRemovals=org.hibernate.engine.spi.ExecutableList@1517f633 collectionCreations=org.hibernate.engine.spi.ExecutableList@4fe01803 collectionRemovals=org.hibernate.engine.spi.ExecutableList@13d186db collectionUpdates=org.hibernate.engine.spi.ExecutableList@6f6962ba collectionQueuedOps=org.hibernate.engine.spi.ExecutableList@4565a70a unresolvedInsertDependencies=UnresolvedEntityInsertActions[]])]
org.hibernate.engine.jdbc.internal.LogicalConnectionImpl 2015-04-14 23:23:14,834 DEBUG - Obtaining JDBC connection
org.hibernate.engine.jdbc.internal.LogicalConnectionImpl 2015-04-14 23:23:14,834 DEBUG - Obtained JDBC connection
org.hibernate.engine.transaction.spi.AbstractTransactionImpl 2015-04-14 23:23:14,834 DEBUG - begin
org.hibernate.engine.transaction.internal.jdbc.JdbcTransaction 2015-04-14 23:23:14,834 DEBUG - initial autocommit status: true
org.hibernate.engine.transaction.internal.jdbc.JdbcTransaction 2015-04-14 23:23:14,834 DEBUG - disabling autocommit
org.springframework.orm.hibernate4.HibernateTransactionManager 2015-04-14 23:23:14,834 DEBUG - Exposing Hibernate transaction as JDBC transaction [jdbc:mysql://localhost:3306/newspaperhibtest, UserName=root@localhost, MySQL Connector Java]
org.springframework.transaction.support.TransactionSynchronizationManager 2015-04-14 23:23:14,834 TRACE - Bound value [org.springframework.jdbc.datasource.ConnectionHolder@312afbc7] for key [org.apache.commons.dbcp.BasicDataSource@53d102a2] to thread [main]
org.springframework.transaction.support.TransactionSynchronizationManager 2015-04-14 23:23:14,834 TRACE - Bound value [org.springframework.orm.hibernate4.SessionHolder@599f571f] for key [org.hibernate.internal.SessionFactoryImpl@3b00856b] to thread [main]
org.springframework.transaction.support.TransactionSynchronizationManager 2015-04-14 23:23:14,834 TRACE - Initializing transaction synchronization
org.springframework.test.context.transaction.TransactionContext 2015-04-14 23:23:14,834 INFO  - Began transaction (1) for test context [DefaultTestContext@5442a311 testClass = NewsDaoTest, testInstance = NewsDaoTest@45f24169, testMethod = saveOrUpdateAndGetNews@NewsDaoTest, testException = [null], mergedContextConfiguration = [MergedContextConfiguration@548e7350 testClass = NewsDaoTest, locations = &apos;{classpath:/entities-hib-test.xml}&apos;, classes = &apos;{}&apos;, contextInitializerClasses = &apos;[]&apos;, activeProfiles = &apos;{}&apos;, propertySourceLocations = &apos;{}&apos;, propertySourceProperties = &apos;{}&apos;, contextLoader = &apos;org.springframework.test.context.support.DelegatingSmartContextLoader&apos;, parent = [null]]]; transaction manager [org.springframework.orm.hibernate4.HibernateTransactionManager@2bffa76d]; rollback [false]
org.springframework.test.context.TestContextManager 2015-04-14 23:23:14,834 TRACE - afterTestMethod(): instance [NewsDaoTest@45f24169], method [public void NewsDaoTest.saveOrUpdateAndGetNews()], exception [java.lang.Error: Unresolved compilation problem: 
	The method saveOrUpdate(T) of type BaseDao&lt;T&gt; must override a superclass method
]
org.springframework.test.context.transaction.TransactionContext 2015-04-14 23:23:14,834 TRACE - Ending transaction for test context [DefaultTestContext@5442a311 testClass = NewsDaoTest, testInstance = NewsDaoTest@45f24169, testMethod = saveOrUpdateAndGetNews@NewsDaoTest, testException = java.lang.Error: Unresolved compilation problem: 
	The method saveOrUpdate(T) of type BaseDao&lt;T&gt; must override a superclass method
, mergedContextConfiguration = [MergedContextConfiguration@548e7350 testClass = NewsDaoTest, locations = &apos;{classpath:/entities-hib-test.xml}&apos;, classes = &apos;{}&apos;, contextInitializerClasses = &apos;[]&apos;, activeProfiles = &apos;{}&apos;, propertySourceLocations = &apos;{}&apos;, propertySourceProperties = &apos;{}&apos;, contextLoader = &apos;org.springframework.test.context.support.DelegatingSmartContextLoader&apos;, parent = [null]]]; transaction status [org.springframework.transaction.support.DefaultTransactionStatus@7b60c3e]; rollback [false]
org.springframework.transaction.support.AbstractPlatformTransactionManager 2015-04-14 23:23:14,834 TRACE - Triggering beforeCommit synchronization
org.springframework.transaction.support.AbstractPlatformTransactionManager 2015-04-14 23:23:14,834 TRACE - Triggering beforeCompletion synchronization
org.springframework.transaction.support.AbstractPlatformTransactionManager 2015-04-14 23:23:14,834 DEBUG - Initiating transaction commit
org.springframework.orm.hibernate4.HibernateTransactionManager 2015-04-14 23:23:14,834 DEBUG - Committing Hibernate transaction on Session [SessionImpl(PersistenceContext[entityKeys=[],collectionKeys=[]];ActionQueue[insertions=org.hibernate.engine.spi.ExecutableList@4463d9d3 updates=org.hibernate.engine.spi.ExecutableList@43b0ade deletions=org.hibernate.engine.spi.ExecutableList@5395ea39 orphanRemovals=org.hibernate.engine.spi.ExecutableList@1517f633 collectionCreations=org.hibernate.engine.spi.ExecutableList@4fe01803 collectionRemovals=org.hibernate.engine.spi.ExecutableList@13d186db collectionUpdates=org.hibernate.engine.spi.ExecutableList@6f6962ba collectionQueuedOps=org.hibernate.engine.spi.ExecutableList@4565a70a unresolvedInsertDependencies=UnresolvedEntityInsertActions[]])]
org.hibernate.engine.transaction.spi.AbstractTransactionImpl 2015-04-14 23:23:14,834 DEBUG - committing
org.hibernate.internal.SessionImpl 2015-04-14 23:23:14,834 TRACE - Automatically flushing session
org.hibernate.internal.SessionImpl 2015-04-14 23:23:14,834 TRACE - before transaction completion
org.hibernate.engine.transaction.internal.jdbc.JdbcTransaction 2015-04-14 23:23:14,844 DEBUG - committed JDBC Connection
org.hibernate.engine.transaction.internal.jdbc.JdbcTransaction 2015-04-14 23:23:14,844 DEBUG - re-enabling autocommit
org.hibernate.engine.transaction.internal.TransactionCoordinatorImpl 2015-04-14 23:23:14,844 TRACE - after transaction completion
org.hibernate.internal.SessionImpl 2015-04-14 23:23:14,844 TRACE - after transaction completion
org.springframework.transaction.support.AbstractPlatformTransactionManager 2015-04-14 23:23:14,844 TRACE - Triggering afterCommit synchronization
org.springframework.transaction.support.AbstractPlatformTransactionManager 2015-04-14 23:23:14,844 TRACE - Triggering afterCompletion synchronization
org.springframework.transaction.support.TransactionSynchronizationManager 2015-04-14 23:23:14,844 TRACE - Clearing transaction synchronization
org.springframework.transaction.support.TransactionSynchronizationManager 2015-04-14 23:23:14,844 TRACE - Removed value [org.springframework.orm.hibernate4.SessionHolder@599f571f] for key [org.hibernate.internal.SessionFactoryImpl@3b00856b] from thread [main]
org.springframework.transaction.support.TransactionSynchronizationManager 2015-04-14 23:23:14,844 TRACE - Removed value [org.springframework.jdbc.datasource.ConnectionHolder@312afbc7] for key [org.apache.commons.dbcp.BasicDataSource@53d102a2] from thread [main]
org.springframework.orm.hibernate4.HibernateTransactionManager 2015-04-14 23:23:14,844 DEBUG - Closing Hibernate Session [SessionImpl(PersistenceContext[entityKeys=[],collectionKeys=[]];ActionQueue[insertions=org.hibernate.engine.spi.ExecutableList@4463d9d3 updates=org.hibernate.engine.spi.ExecutableList@43b0ade deletions=org.hibernate.engine.spi.ExecutableList@5395ea39 orphanRemovals=org.hibernate.engine.spi.ExecutableList@1517f633 collectionCreations=org.hibernate.engine.spi.ExecutableList@4fe01803 collectionRemovals=org.hibernate.engine.spi.ExecutableList@13d186db collectionUpdates=org.hibernate.engine.spi.ExecutableList@6f6962ba collectionQueuedOps=org.hibernate.engine.spi.ExecutableList@4565a70a unresolvedInsertDependencies=UnresolvedEntityInsertActions[]])] after transaction
org.hibernate.internal.SessionImpl 2015-04-14 23:23:14,844 TRACE - Closing session
org.hibernate.engine.jdbc.internal.JdbcCoordinatorImpl 2015-04-14 23:23:14,844 TRACE - Closing JDBC container [org.hibernate.engine.jdbc.internal.JdbcCoordinatorImpl@466d49f0]
org.hibernate.engine.jdbc.internal.LogicalConnectionImpl 2015-04-14 23:23:14,844 TRACE - Closing logical connection
org.hibernate.engine.jdbc.internal.LogicalConnectionImpl 2015-04-14 23:23:14,844 DEBUG - Releasing JDBC connection
org.hibernate.engine.jdbc.internal.LogicalConnectionImpl 2015-04-14 23:23:14,844 DEBUG - Released JDBC connection
org.hibernate.engine.jdbc.internal.LogicalConnectionImpl 2015-04-14 23:23:14,844 TRACE - Logical connection closed
org.springframework.test.context.transaction.TransactionContext 2015-04-14 23:23:14,844 INFO  - Committed transaction for test context [DefaultTestContext@5442a311 testClass = NewsDaoTest, testInstance = NewsDaoTest@45f24169, testMethod = saveOrUpdateAndGetNews@NewsDaoTest, testException = java.lang.Error: Unresolved compilation problem: 
	The method saveOrUpdate(T) of type BaseDao&lt;T&gt; must override a superclass method
, mergedContextConfiguration = [MergedContextConfiguration@548e7350 testClass = NewsDaoTest, locations = &apos;{classpath:/entities-hib-test.xml}&apos;, classes = &apos;{}&apos;, contextInitializerClasses = &apos;[]&apos;, activeProfiles = &apos;{}&apos;, propertySourceLocations = &apos;{}&apos;, propertySourceProperties = &apos;{}&apos;, contextLoader = &apos;org.springframework.test.context.support.DelegatingSmartContextLoader&apos;, parent = [null]]].
org.springframework.test.context.support.DirtiesContextTestExecutionListener 2015-04-14 23:23:14,844 DEBUG - After test method: context [DefaultTestContext@5442a311 testClass = NewsDaoTest, testInstance = NewsDaoTest@45f24169, testMethod = saveOrUpdateAndGetNews@NewsDaoTest, testException = java.lang.Error: Unresolved compilation problem: 
	The method saveOrUpdate(T) of type BaseDao&lt;T&gt; must override a superclass method
, mergedContextConfiguration = [MergedContextConfiguration@548e7350 testClass = NewsDaoTest, locations = &apos;{classpath:/entities-hib-test.xml}&apos;, classes = &apos;{}&apos;, contextInitializerClasses = &apos;[]&apos;, activeProfiles = &apos;{}&apos;, propertySourceLocations = &apos;{}&apos;, propertySourceProperties = &apos;{}&apos;, contextLoader = &apos;org.springframework.test.context.support.DelegatingSmartContextLoader&apos;, parent = [null]]], class dirties context [false], class mode [null], method dirties context [false].
</system-err>
  </testcase>
</testsuite>